mode: set
pinz/backend/trip-service/internal/db/db.go:150.32,153.16 3 0
pinz/backend/trip-service/internal/db/db.go:153.16,155.3 1 0
pinz/backend/trip-service/internal/db/db.go:156.2,157.16 2 0
pinz/backend/trip-service/internal/db/db.go:157.16,159.3 1 0
pinz/backend/trip-service/internal/db/db.go:160.2,161.18 2 0
pinz/backend/trip-service/internal/db/db.go:161.18,163.3 1 0
pinz/backend/trip-service/internal/db/db.go:164.2,174.16 3 0
pinz/backend/trip-service/internal/db/db.go:174.16,177.3 2 0
pinz/backend/trip-service/internal/db/db.go:178.2,183.34 5 0
pinz/backend/trip-service/internal/db/db.go:183.34,187.3 3 0
pinz/backend/trip-service/internal/db/db.go:188.2,192.16 2 0
pinz/backend/trip-service/internal/db/db.go:192.16,194.3 1 0
pinz/backend/trip-service/internal/db/db.go:196.2,197.246 2 0
pinz/backend/trip-service/internal/db/db.go:197.246,199.41 2 0
pinz/backend/trip-service/internal/db/db.go:199.41,203.4 3 0
pinz/backend/trip-service/internal/db/db.go:204.3,204.48 1 0
pinz/backend/trip-service/internal/db/db.go:207.2,207.103 1 0
pinz/backend/trip-service/internal/db/db.go:207.103,211.3 3 0
pinz/backend/trip-service/internal/db/db.go:213.2,213.128 1 0
pinz/backend/trip-service/internal/db/db.go:213.128,217.3 3 0
pinz/backend/trip-service/internal/db/db.go:219.2,219.132 1 0
pinz/backend/trip-service/internal/db/db.go:219.132,223.3 3 0
pinz/backend/trip-service/internal/db/db.go:224.2,225.16 2 0
pinz/backend/trip-service/internal/db/db.go:228.19,230.16 2 0
pinz/backend/trip-service/internal/db/db.go:230.16,232.3 1 0
pinz/backend/trip-service/internal/db/db.go:233.2,234.16 2 0
pinz/backend/trip-service/internal/db/db.go:234.16,236.3 1 0
pinz/backend/trip-service/internal/db/db.go:237.2,238.16 2 0
pinz/backend/trip-service/internal/db/db.go:238.16,240.3 1 0
pinz/backend/trip-service/internal/db/db.go:241.2,242.20 2 0
pinz/backend/trip-service/internal/db/db.go:242.20,244.3 1 0
pinz/backend/trip-service/internal/db/db.go:245.2,246.18 2 0
pinz/backend/trip-service/internal/db/db.go:246.18,248.3 1 0
pinz/backend/trip-service/internal/db/db.go:249.2,249.101 1 0
pinz/backend/trip-service/internal/repositories/favourite_repository.go:14.62,16.2 1 0
pinz/backend/trip-service/internal/repositories/favourite_repository.go:19.64,26.2 2 0
pinz/backend/trip-service/internal/repositories/favourite_repository.go:29.67,33.16 2 0
pinz/backend/trip-service/internal/repositories/favourite_repository.go:33.16,35.3 1 0
pinz/backend/trip-service/internal/repositories/favourite_repository.go:36.2,37.12 2 0
pinz/backend/trip-service/internal/repositories/favourite_repository.go:37.12,39.3 1 0
pinz/backend/trip-service/internal/repositories/favourite_repository.go:40.2,40.12 1 0
pinz/backend/trip-service/internal/repositories/favourite_repository.go:44.81,47.16 3 0
pinz/backend/trip-service/internal/repositories/favourite_repository.go:47.16,48.36 1 0
pinz/backend/trip-service/internal/repositories/favourite_repository.go:48.36,50.4 1 0
pinz/backend/trip-service/internal/repositories/favourite_repository.go:51.3,51.20 1 0
pinz/backend/trip-service/internal/repositories/favourite_repository.go:53.2,53.18 1 0
pinz/backend/trip-service/internal/repositories/favourite_repository.go:57.101,63.16 3 0
pinz/backend/trip-service/internal/repositories/favourite_repository.go:63.16,64.36 1 0
pinz/backend/trip-service/internal/repositories/favourite_repository.go:64.36,66.4 1 0
pinz/backend/trip-service/internal/repositories/favourite_repository.go:67.3,67.20 1 0
pinz/backend/trip-service/internal/repositories/favourite_repository.go:69.2,69.18 1 0
pinz/backend/trip-service/internal/repositories/invitation_link_repository.go:16.72,18.2 1 0
pinz/backend/trip-service/internal/repositories/invitation_link_repository.go:20.78,26.2 2 0
pinz/backend/trip-service/internal/repositories/invitation_link_repository.go:28.93,33.16 3 0
pinz/backend/trip-service/internal/repositories/invitation_link_repository.go:33.16,35.3 1 0
pinz/backend/trip-service/internal/repositories/invitation_link_repository.go:36.2,39.16 4 0
pinz/backend/trip-service/internal/repositories/invitation_link_repository.go:39.16,40.36 1 0
pinz/backend/trip-service/internal/repositories/invitation_link_repository.go:40.36,42.4 1 0
pinz/backend/trip-service/internal/repositories/invitation_link_repository.go:43.3,43.18 1 0
pinz/backend/trip-service/internal/repositories/invitation_link_repository.go:45.2,45.19 1 0
pinz/backend/trip-service/internal/repositories/media_repository.go:16.54,18.2 1 0
pinz/backend/trip-service/internal/repositories/media_repository.go:20.57,23.20 3 0
pinz/backend/trip-service/internal/repositories/media_repository.go:23.20,26.3 2 0
pinz/backend/trip-service/internal/repositories/media_repository.go:27.2,27.29 1 0
pinz/backend/trip-service/internal/repositories/media_repository.go:27.29,30.3 2 0
pinz/backend/trip-service/internal/repositories/media_repository.go:31.2,31.45 1 0
pinz/backend/trip-service/internal/repositories/media_repository.go:31.45,34.3 2 0
pinz/backend/trip-service/internal/repositories/media_repository.go:35.2,37.16 3 0
pinz/backend/trip-service/internal/repositories/media_repository.go:37.16,39.3 1 0
pinz/backend/trip-service/internal/repositories/media_repository.go:40.2,41.16 2 0
pinz/backend/trip-service/internal/repositories/media_repository.go:41.16,43.3 1 0
pinz/backend/trip-service/internal/repositories/media_repository.go:44.2,44.12 1 0
pinz/backend/trip-service/internal/repositories/media_repository.go:47.69,58.16 7 0
pinz/backend/trip-service/internal/repositories/media_repository.go:58.16,59.36 1 0
pinz/backend/trip-service/internal/repositories/media_repository.go:59.36,61.4 1 0
pinz/backend/trip-service/internal/repositories/media_repository.go:62.3,62.18 1 0
pinz/backend/trip-service/internal/repositories/media_repository.go:64.2,64.17 1 0
pinz/backend/trip-service/internal/repositories/media_repository.go:64.17,66.3 1 0
pinz/backend/trip-service/internal/repositories/media_repository.go:67.2,67.15 1 0
pinz/backend/trip-service/internal/repositories/media_repository.go:67.15,69.3 1 0
pinz/backend/trip-service/internal/repositories/media_repository.go:70.2,70.15 1 0
pinz/backend/trip-service/internal/repositories/media_repository.go:70.15,72.3 1 0
pinz/backend/trip-service/internal/repositories/media_repository.go:73.2,73.22 1 0
pinz/backend/trip-service/internal/repositories/media_repository.go:73.22,75.3 1 0
pinz/backend/trip-service/internal/repositories/media_repository.go:76.2,76.26 1 0
pinz/backend/trip-service/internal/repositories/media_repository.go:76.26,78.3 1 0
pinz/backend/trip-service/internal/repositories/media_repository.go:79.2,79.16 1 0
pinz/backend/trip-service/internal/repositories/media_repository.go:82.80,88.16 3 0
pinz/backend/trip-service/internal/repositories/media_repository.go:88.16,90.3 1 0
pinz/backend/trip-service/internal/repositories/media_repository.go:91.2,93.18 3 0
pinz/backend/trip-service/internal/repositories/media_repository.go:93.18,99.106 5 0
pinz/backend/trip-service/internal/repositories/media_repository.go:99.106,101.4 1 0
pinz/backend/trip-service/internal/repositories/media_repository.go:102.3,102.18 1 0
pinz/backend/trip-service/internal/repositories/media_repository.go:102.18,104.4 1 0
pinz/backend/trip-service/internal/repositories/media_repository.go:105.3,105.16 1 0
pinz/backend/trip-service/internal/repositories/media_repository.go:105.16,107.4 1 0
pinz/backend/trip-service/internal/repositories/media_repository.go:108.3,108.16 1 0
pinz/backend/trip-service/internal/repositories/media_repository.go:108.16,110.4 1 0
pinz/backend/trip-service/internal/repositories/media_repository.go:111.3,111.23 1 0
pinz/backend/trip-service/internal/repositories/media_repository.go:111.23,113.4 1 0
pinz/backend/trip-service/internal/repositories/media_repository.go:114.3,114.27 1 0
pinz/backend/trip-service/internal/repositories/media_repository.go:114.27,116.4 1 0
pinz/backend/trip-service/internal/repositories/media_repository.go:117.3,117.26 1 0
pinz/backend/trip-service/internal/repositories/media_repository.go:119.2,119.25 1 0
pinz/backend/trip-service/internal/repositories/media_repository.go:122.68,124.16 2 0
pinz/backend/trip-service/internal/repositories/media_repository.go:124.16,126.3 1 0
pinz/backend/trip-service/internal/repositories/media_repository.go:127.2,128.12 2 0
pinz/backend/trip-service/internal/repositories/media_repository.go:128.12,130.3 1 0
pinz/backend/trip-service/internal/repositories/media_repository.go:131.2,131.12 1 0
pinz/backend/trip-service/internal/repositories/media_repository.go:134.83,135.24 1 0
pinz/backend/trip-service/internal/repositories/media_repository.go:135.24,137.3 1 0
pinz/backend/trip-service/internal/repositories/media_repository.go:138.2,139.12 2 0
pinz/backend/trip-service/internal/repositories/media_repository.go:142.59,143.19 1 0
pinz/backend/trip-service/internal/repositories/media_repository.go:143.19,145.3 1 0
pinz/backend/trip-service/internal/repositories/media_repository.go:146.2,147.12 2 0
pinz/backend/trip-service/internal/repositories/media_repository.go:151.86,152.24 1 0
pinz/backend/trip-service/internal/repositories/media_repository.go:152.24,154.3 1 0
pinz/backend/trip-service/internal/repositories/media_repository.go:155.2,156.12 2 0
pinz/backend/trip-service/internal/repositories/media_repository.go:160.91,163.2 2 0
pinz/backend/trip-service/internal/repositories/media_repository.go:166.109,169.16 3 0
pinz/backend/trip-service/internal/repositories/media_repository.go:169.16,171.3 1 0
pinz/backend/trip-service/internal/repositories/media_repository.go:172.2,174.18 3 0
pinz/backend/trip-service/internal/repositories/media_repository.go:174.18,177.46 3 0
pinz/backend/trip-service/internal/repositories/media_repository.go:177.46,179.4 1 0
pinz/backend/trip-service/internal/repositories/media_repository.go:180.3,180.16 1 0
pinz/backend/trip-service/internal/repositories/media_repository.go:182.2,182.24 1 0
pinz/backend/trip-service/internal/repositories/media_repository.go:186.78,192.16 3 0
pinz/backend/trip-service/internal/repositories/media_repository.go:192.16,194.3 1 0
pinz/backend/trip-service/internal/repositories/media_repository.go:195.2,197.18 3 0
pinz/backend/trip-service/internal/repositories/media_repository.go:197.18,203.106 5 0
pinz/backend/trip-service/internal/repositories/media_repository.go:203.106,205.4 1 0
pinz/backend/trip-service/internal/repositories/media_repository.go:206.3,206.22 1 0
pinz/backend/trip-service/internal/repositories/media_repository.go:206.22,208.4 1 0
pinz/backend/trip-service/internal/repositories/media_repository.go:209.3,209.16 1 0
pinz/backend/trip-service/internal/repositories/media_repository.go:209.16,211.4 1 0
pinz/backend/trip-service/internal/repositories/media_repository.go:212.3,212.16 1 0
pinz/backend/trip-service/internal/repositories/media_repository.go:212.16,214.4 1 0
pinz/backend/trip-service/internal/repositories/media_repository.go:215.3,215.23 1 0
pinz/backend/trip-service/internal/repositories/media_repository.go:215.23,217.4 1 0
pinz/backend/trip-service/internal/repositories/media_repository.go:218.3,218.27 1 0
pinz/backend/trip-service/internal/repositories/media_repository.go:218.27,220.4 1 0
pinz/backend/trip-service/internal/repositories/media_repository.go:221.3,221.26 1 0
pinz/backend/trip-service/internal/repositories/media_repository.go:223.2,223.25 1 0
pinz/backend/trip-service/internal/repositories/pin_repository.go:16.50,18.2 1 0
pinz/backend/trip-service/internal/repositories/pin_repository.go:20.53,23.45 3 0
pinz/backend/trip-service/internal/repositories/pin_repository.go:23.45,26.3 2 0
pinz/backend/trip-service/internal/repositories/pin_repository.go:27.2,27.24 1 0
pinz/backend/trip-service/internal/repositories/pin_repository.go:27.24,30.3 2 0
pinz/backend/trip-service/internal/repositories/pin_repository.go:31.2,31.22 1 0
pinz/backend/trip-service/internal/repositories/pin_repository.go:31.22,34.3 2 0
pinz/backend/trip-service/internal/repositories/pin_repository.go:35.2,37.16 3 0
pinz/backend/trip-service/internal/repositories/pin_repository.go:37.16,39.3 1 0
pinz/backend/trip-service/internal/repositories/pin_repository.go:40.2,41.16 2 0
pinz/backend/trip-service/internal/repositories/pin_repository.go:41.16,43.3 1 0
pinz/backend/trip-service/internal/repositories/pin_repository.go:44.2,44.12 1 0
pinz/backend/trip-service/internal/repositories/pin_repository.go:47.65,59.16 8 0
pinz/backend/trip-service/internal/repositories/pin_repository.go:59.16,60.36 1 0
pinz/backend/trip-service/internal/repositories/pin_repository.go:60.36,62.4 1 0
pinz/backend/trip-service/internal/repositories/pin_repository.go:63.3,63.18 1 0
pinz/backend/trip-service/internal/repositories/pin_repository.go:65.2,65.16 1 0
pinz/backend/trip-service/internal/repositories/pin_repository.go:65.16,67.3 1 0
pinz/backend/trip-service/internal/repositories/pin_repository.go:68.2,68.15 1 0
pinz/backend/trip-service/internal/repositories/pin_repository.go:68.15,70.3 1 0
pinz/backend/trip-service/internal/repositories/pin_repository.go:71.2,71.15 1 0
pinz/backend/trip-service/internal/repositories/pin_repository.go:71.15,73.3 1 0
pinz/backend/trip-service/internal/repositories/pin_repository.go:74.2,74.21 1 0
pinz/backend/trip-service/internal/repositories/pin_repository.go:74.21,76.3 1 0
pinz/backend/trip-service/internal/repositories/pin_repository.go:77.2,77.19 1 0
pinz/backend/trip-service/internal/repositories/pin_repository.go:77.19,79.3 1 0
pinz/backend/trip-service/internal/repositories/pin_repository.go:80.2,80.23 1 0
pinz/backend/trip-service/internal/repositories/pin_repository.go:80.23,82.3 1 0
pinz/backend/trip-service/internal/repositories/pin_repository.go:83.2,83.16 1 0
pinz/backend/trip-service/internal/repositories/pin_repository.go:86.76,92.16 3 0
pinz/backend/trip-service/internal/repositories/pin_repository.go:92.16,94.3 1 0
pinz/backend/trip-service/internal/repositories/pin_repository.go:95.2,97.18 3 0
pinz/backend/trip-service/internal/repositories/pin_repository.go:97.18,104.78 6 0
pinz/backend/trip-service/internal/repositories/pin_repository.go:104.78,106.4 1 0
pinz/backend/trip-service/internal/repositories/pin_repository.go:107.3,107.17 1 0
pinz/backend/trip-service/internal/repositories/pin_repository.go:107.17,109.4 1 0
pinz/backend/trip-service/internal/repositories/pin_repository.go:110.3,110.16 1 0
pinz/backend/trip-service/internal/repositories/pin_repository.go:110.16,112.4 1 0
pinz/backend/trip-service/internal/repositories/pin_repository.go:113.3,113.16 1 0
pinz/backend/trip-service/internal/repositories/pin_repository.go:113.16,115.4 1 0
pinz/backend/trip-service/internal/repositories/pin_repository.go:116.3,116.22 1 0
pinz/backend/trip-service/internal/repositories/pin_repository.go:116.22,118.4 1 0
pinz/backend/trip-service/internal/repositories/pin_repository.go:119.3,119.20 1 0
pinz/backend/trip-service/internal/repositories/pin_repository.go:119.20,121.4 1 0
pinz/backend/trip-service/internal/repositories/pin_repository.go:122.3,122.24 1 0
pinz/backend/trip-service/internal/repositories/pin_repository.go:122.24,124.4 1 0
pinz/backend/trip-service/internal/repositories/pin_repository.go:125.3,125.26 1 0
pinz/backend/trip-service/internal/repositories/pin_repository.go:127.2,127.25 1 0
pinz/backend/trip-service/internal/repositories/pin_repository.go:130.53,138.45 2 0
pinz/backend/trip-service/internal/repositories/pin_repository.go:138.45,140.3 1 0
pinz/backend/trip-service/internal/repositories/pin_repository.go:140.8,142.3 1 0
pinz/backend/trip-service/internal/repositories/pin_repository.go:143.2,143.24 1 0
pinz/backend/trip-service/internal/repositories/pin_repository.go:143.24,145.3 1 0
pinz/backend/trip-service/internal/repositories/pin_repository.go:145.8,147.3 1 0
pinz/backend/trip-service/internal/repositories/pin_repository.go:148.2,148.22 1 0
pinz/backend/trip-service/internal/repositories/pin_repository.go:148.22,150.3 1 0
pinz/backend/trip-service/internal/repositories/pin_repository.go:150.8,152.3 1 0
pinz/backend/trip-service/internal/repositories/pin_repository.go:153.2,155.16 3 0
pinz/backend/trip-service/internal/repositories/pin_repository.go:155.16,157.3 1 0
pinz/backend/trip-service/internal/repositories/pin_repository.go:158.2,159.16 2 0
pinz/backend/trip-service/internal/repositories/pin_repository.go:159.16,161.3 1 0
pinz/backend/trip-service/internal/repositories/pin_repository.go:162.2,163.12 2 0
pinz/backend/trip-service/internal/repositories/pin_repository.go:163.12,165.3 1 0
pinz/backend/trip-service/internal/repositories/pin_repository.go:166.2,166.12 1 0
pinz/backend/trip-service/internal/repositories/pin_repository.go:169.49,171.16 2 0
pinz/backend/trip-service/internal/repositories/pin_repository.go:171.16,173.3 1 0
pinz/backend/trip-service/internal/repositories/pin_repository.go:174.2,175.12 2 0
pinz/backend/trip-service/internal/repositories/pin_repository.go:175.12,177.3 1 0
pinz/backend/trip-service/internal/repositories/pin_repository.go:178.2,178.12 1 0
pinz/backend/trip-service/internal/repositories/pin_repository.go:181.61,184.2 2 0
pinz/backend/trip-service/internal/repositories/redis_repository.go:28.64,30.2 1 0
pinz/backend/trip-service/internal/repositories/redis_repository.go:33.47,35.16 2 0
pinz/backend/trip-service/internal/repositories/redis_repository.go:35.16,36.43 1 0
pinz/backend/trip-service/internal/repositories/redis_repository.go:36.43,38.18 2 0
pinz/backend/trip-service/internal/repositories/redis_repository.go:38.18,40.5 1 0
pinz/backend/trip-service/internal/repositories/redis_repository.go:41.4,42.66 2 0
pinz/backend/trip-service/internal/repositories/redis_repository.go:42.66,44.5 1 0
pinz/backend/trip-service/internal/repositories/redis_repository.go:45.4,46.22 2 0
pinz/backend/trip-service/internal/repositories/redis_repository.go:48.3,48.18 1 0
pinz/backend/trip-service/internal/repositories/redis_repository.go:50.2,51.64 2 0
pinz/backend/trip-service/internal/repositories/redis_repository.go:51.64,53.3 1 0
pinz/backend/trip-service/internal/repositories/redis_repository.go:54.2,55.20 2 0
pinz/backend/trip-service/internal/repositories/redis_repository.go:58.44,59.60 1 0
pinz/backend/trip-service/internal/repositories/redis_repository.go:59.60,61.3 1 0
pinz/backend/trip-service/internal/repositories/redis_repository.go:62.2,62.60 1 0
pinz/backend/trip-service/internal/repositories/redis_repository.go:62.60,64.3 1 0
pinz/backend/trip-service/internal/repositories/redis_repository.go:68.112,73.18 2 0
pinz/backend/trip-service/internal/repositories/redis_repository.go:73.18,75.3 1 0
pinz/backend/trip-service/internal/repositories/redis_repository.go:76.2,80.16 2 0
pinz/backend/trip-service/internal/repositories/redis_repository.go:80.16,83.3 2 0
pinz/backend/trip-service/internal/repositories/redis_repository.go:84.2,84.12 1 0
pinz/backend/trip-service/internal/repositories/redis_repository.go:88.79,93.16 2 0
pinz/backend/trip-service/internal/repositories/redis_repository.go:93.16,96.3 2 0
pinz/backend/trip-service/internal/repositories/redis_repository.go:97.2,97.12 1 0
pinz/backend/trip-service/internal/repositories/redis_repository.go:107.129,108.33 1 0
pinz/backend/trip-service/internal/repositories/redis_repository.go:108.33,110.3 1 0
pinz/backend/trip-service/internal/repositories/redis_repository.go:111.2,116.16 3 0
pinz/backend/trip-service/internal/repositories/redis_repository.go:116.16,119.3 2 0
pinz/backend/trip-service/internal/repositories/redis_repository.go:120.2,121.67 2 0
pinz/backend/trip-service/internal/repositories/redis_repository.go:121.67,124.3 2 0
pinz/backend/trip-service/internal/repositories/redis_repository.go:125.2,125.12 1 0
pinz/backend/trip-service/internal/repositories/social_repository.go:12.56,14.2 1 0
pinz/backend/trip-service/internal/repositories/social_repository.go:17.79,18.61 1 0
pinz/backend/trip-service/internal/repositories/social_repository.go:18.61,20.3 1 0
pinz/backend/trip-service/internal/repositories/social_repository.go:21.2,22.16 2 0
pinz/backend/trip-service/internal/repositories/social_repository.go:22.16,24.3 1 0
pinz/backend/trip-service/internal/repositories/social_repository.go:25.2,25.15 1 0
pinz/backend/trip-service/internal/repositories/social_repository.go:25.15,25.36 1 0
pinz/backend/trip-service/internal/repositories/social_repository.go:27.2,34.16 4 0
pinz/backend/trip-service/internal/repositories/social_repository.go:34.16,36.3 1 0
pinz/backend/trip-service/internal/repositories/social_repository.go:38.2,38.29 1 0
pinz/backend/trip-service/internal/repositories/social_repository.go:38.29,39.34 1 0
pinz/backend/trip-service/internal/repositories/social_repository.go:39.34,41.4 1 0
pinz/backend/trip-service/internal/repositories/social_repository.go:41.9,41.44 1 0
pinz/backend/trip-service/internal/repositories/social_repository.go:41.44,43.4 1 0
pinz/backend/trip-service/internal/repositories/social_repository.go:44.3,44.31 1 0
pinz/backend/trip-service/internal/repositories/social_repository.go:44.31,46.4 1 0
pinz/backend/trip-service/internal/repositories/social_repository.go:46.9,48.4 1 0
pinz/backend/trip-service/internal/repositories/social_repository.go:50.2,50.20 1 0
pinz/backend/trip-service/internal/repositories/social_repository.go:54.79,57.26 3 0
pinz/backend/trip-service/internal/repositories/social_repository.go:57.26,59.3 1 0
pinz/backend/trip-service/internal/repositories/social_repository.go:60.2,60.22 1 0
pinz/backend/trip-service/internal/repositories/tag_repository.go:15.50,17.2 1 0
pinz/backend/trip-service/internal/repositories/tag_repository.go:19.78,20.116 1 0
pinz/backend/trip-service/internal/repositories/tag_repository.go:20.116,22.3 1 0
pinz/backend/trip-service/internal/repositories/tag_repository.go:23.2,23.27 1 0
pinz/backend/trip-service/internal/repositories/tag_repository.go:23.27,24.16 1 0
pinz/backend/trip-service/internal/repositories/tag_repository.go:24.16,25.12 1 0
pinz/backend/trip-service/internal/repositories/tag_repository.go:27.3,28.34 2 0
pinz/backend/trip-service/internal/repositories/tag_repository.go:28.34,30.4 1 0
pinz/backend/trip-service/internal/repositories/tag_repository.go:32.2,32.12 1 0
pinz/backend/trip-service/internal/repositories/tag_repository.go:35.50,38.16 3 0
pinz/backend/trip-service/internal/repositories/tag_repository.go:38.16,40.3 1 0
pinz/backend/trip-service/internal/repositories/tag_repository.go:41.2,41.51 1 0
pinz/backend/trip-service/internal/repositories/tag_repository.go:44.68,46.16 2 0
pinz/backend/trip-service/internal/repositories/tag_repository.go:46.16,48.3 1 0
pinz/backend/trip-service/internal/repositories/tag_repository.go:49.2,51.18 3 0
pinz/backend/trip-service/internal/repositories/tag_repository.go:51.18,53.41 2 0
pinz/backend/trip-service/internal/repositories/tag_repository.go:53.41,55.4 1 0
pinz/backend/trip-service/internal/repositories/tag_repository.go:56.3,56.27 1 0
pinz/backend/trip-service/internal/repositories/tag_repository.go:58.2,58.25 1 0
pinz/backend/trip-service/internal/repositories/tag_repository.go:61.81,63.16 2 0
pinz/backend/trip-service/internal/repositories/tag_repository.go:63.16,65.3 1 0
pinz/backend/trip-service/internal/repositories/tag_repository.go:66.2,68.18 3 0
pinz/backend/trip-service/internal/repositories/tag_repository.go:68.18,70.49 2 0
pinz/backend/trip-service/internal/repositories/tag_repository.go:70.49,72.4 1 0
pinz/backend/trip-service/internal/repositories/tag_repository.go:73.3,73.39 1 0
pinz/backend/trip-service/internal/repositories/tag_repository.go:75.2,75.24 1 0
pinz/backend/trip-service/internal/repositories/tag_repository.go:78.58,81.2 2 0
pinz/backend/trip-service/internal/repositories/trip_participant_repository.go:16.74,18.2 1 0
pinz/backend/trip-service/internal/repositories/trip_participant_repository.go:20.74,26.2 2 0
pinz/backend/trip-service/internal/repositories/trip_participant_repository.go:28.99,33.16 2 0
pinz/backend/trip-service/internal/repositories/trip_participant_repository.go:33.16,35.3 1 0
pinz/backend/trip-service/internal/repositories/trip_participant_repository.go:36.2,37.16 2 0
pinz/backend/trip-service/internal/repositories/trip_participant_repository.go:37.16,39.3 1 0
pinz/backend/trip-service/internal/repositories/trip_participant_repository.go:40.2,42.18 3 0
pinz/backend/trip-service/internal/repositories/trip_participant_repository.go:42.18,44.82 2 0
pinz/backend/trip-service/internal/repositories/trip_participant_repository.go:44.82,46.4 1 0
pinz/backend/trip-service/internal/repositories/trip_participant_repository.go:47.3,47.26 1 0
pinz/backend/trip-service/internal/repositories/trip_participant_repository.go:49.2,49.25 1 0
pinz/backend/trip-service/internal/repositories/trip_participant_repository.go:52.88,57.16 2 0
pinz/backend/trip-service/internal/repositories/trip_participant_repository.go:57.16,59.3 1 0
pinz/backend/trip-service/internal/repositories/trip_participant_repository.go:60.2,62.16 3 0
pinz/backend/trip-service/internal/repositories/trip_participant_repository.go:62.16,63.36 1 0
pinz/backend/trip-service/internal/repositories/trip_participant_repository.go:63.36,65.4 1 0
pinz/backend/trip-service/internal/repositories/trip_participant_repository.go:66.3,66.20 1 0
pinz/backend/trip-service/internal/repositories/trip_participant_repository.go:68.2,68.18 1 0
pinz/backend/trip-service/internal/repositories/trip_participant_repository.go:71.82,76.16 2 0
pinz/backend/trip-service/internal/repositories/trip_participant_repository.go:76.16,78.3 1 0
pinz/backend/trip-service/internal/repositories/trip_participant_repository.go:79.2,81.16 3 0
pinz/backend/trip-service/internal/repositories/trip_participant_repository.go:81.16,82.36 1 0
pinz/backend/trip-service/internal/repositories/trip_participant_repository.go:82.36,84.4 1 0
pinz/backend/trip-service/internal/repositories/trip_participant_repository.go:85.3,85.20 1 0
pinz/backend/trip-service/internal/repositories/trip_participant_repository.go:87.2,87.21 1 0
pinz/backend/trip-service/internal/repositories/trip_participant_repository.go:90.73,94.16 2 0
pinz/backend/trip-service/internal/repositories/trip_participant_repository.go:94.16,96.3 1 0
pinz/backend/trip-service/internal/repositories/trip_participant_repository.go:97.2,98.12 2 0
pinz/backend/trip-service/internal/repositories/trip_participant_repository.go:98.12,100.3 1 0
pinz/backend/trip-service/internal/repositories/trip_participant_repository.go:101.2,101.12 1 0
pinz/backend/trip-service/internal/repositories/trip_participant_repository.go:105.76,108.2 2 0
pinz/backend/trip-service/internal/repositories/trip_participant_repository.go:111.75,116.16 2 0
pinz/backend/trip-service/internal/repositories/trip_participant_repository.go:116.16,118.3 1 0
pinz/backend/trip-service/internal/repositories/trip_participant_repository.go:119.2,123.12 2 0
pinz/backend/trip-service/internal/repositories/trip_repository.go:18.52,20.2 1 0
pinz/backend/trip-service/internal/repositories/trip_repository.go:22.55,36.16 3 0
pinz/backend/trip-service/internal/repositories/trip_repository.go:36.16,38.3 1 0
pinz/backend/trip-service/internal/repositories/trip_repository.go:39.2,42.16 4 0
pinz/backend/trip-service/internal/repositories/trip_repository.go:42.16,44.3 1 0
pinz/backend/trip-service/internal/repositories/trip_repository.go:45.2,46.12 2 0
pinz/backend/trip-service/internal/repositories/trip_repository.go:49.67,57.16 3 0
pinz/backend/trip-service/internal/repositories/trip_repository.go:57.16,59.3 1 0
pinz/backend/trip-service/internal/repositories/trip_repository.go:60.2,70.16 6 0
pinz/backend/trip-service/internal/repositories/trip_repository.go:70.16,71.36 1 0
pinz/backend/trip-service/internal/repositories/trip_repository.go:71.36,73.4 1 0
pinz/backend/trip-service/internal/repositories/trip_repository.go:74.3,74.18 1 0
pinz/backend/trip-service/internal/repositories/trip_repository.go:76.2,76.16 1 0
pinz/backend/trip-service/internal/repositories/trip_repository.go:76.16,78.3 1 0
pinz/backend/trip-service/internal/repositories/trip_repository.go:79.2,79.20 1 0
pinz/backend/trip-service/internal/repositories/trip_repository.go:79.20,81.3 1 0
pinz/backend/trip-service/internal/repositories/trip_repository.go:82.2,82.21 1 0
pinz/backend/trip-service/internal/repositories/trip_repository.go:82.21,84.3 1 0
pinz/backend/trip-service/internal/repositories/trip_repository.go:85.2,85.19 1 0
pinz/backend/trip-service/internal/repositories/trip_repository.go:85.19,87.3 1 0
pinz/backend/trip-service/internal/repositories/trip_repository.go:88.2,88.16 1 0
pinz/backend/trip-service/internal/repositories/trip_repository.go:91.99,105.16 3 0
pinz/backend/trip-service/internal/repositories/trip_repository.go:105.16,107.3 1 0
pinz/backend/trip-service/internal/repositories/trip_repository.go:108.2,109.16 2 0
pinz/backend/trip-service/internal/repositories/trip_repository.go:109.16,111.3 1 0
pinz/backend/trip-service/internal/repositories/trip_repository.go:112.2,114.18 3 0
pinz/backend/trip-service/internal/repositories/trip_repository.go:114.18,123.17 4 0
pinz/backend/trip-service/internal/repositories/trip_repository.go:123.17,125.4 1 0
pinz/backend/trip-service/internal/repositories/trip_repository.go:126.3,126.17 1 0
pinz/backend/trip-service/internal/repositories/trip_repository.go:126.17,128.4 1 0
pinz/backend/trip-service/internal/repositories/trip_repository.go:129.3,129.21 1 0
pinz/backend/trip-service/internal/repositories/trip_repository.go:129.21,131.4 1 0
pinz/backend/trip-service/internal/repositories/trip_repository.go:132.3,132.22 1 0
pinz/backend/trip-service/internal/repositories/trip_repository.go:132.22,134.4 1 0
pinz/backend/trip-service/internal/repositories/trip_repository.go:135.3,135.20 1 0
pinz/backend/trip-service/internal/repositories/trip_repository.go:135.20,137.4 1 0
pinz/backend/trip-service/internal/repositories/trip_repository.go:138.3,138.28 1 0
pinz/backend/trip-service/internal/repositories/trip_repository.go:140.2,140.26 1 0
pinz/backend/trip-service/internal/repositories/trip_repository.go:143.55,153.24 2 0
pinz/backend/trip-service/internal/repositories/trip_repository.go:153.24,155.3 1 0
pinz/backend/trip-service/internal/repositories/trip_repository.go:155.8,157.3 1 0
pinz/backend/trip-service/internal/repositories/trip_repository.go:158.2,158.22 1 0
pinz/backend/trip-service/internal/repositories/trip_repository.go:158.22,160.3 1 0
pinz/backend/trip-service/internal/repositories/trip_repository.go:160.8,162.3 1 0
pinz/backend/trip-service/internal/repositories/trip_repository.go:163.2,165.16 3 0
pinz/backend/trip-service/internal/repositories/trip_repository.go:165.16,167.3 1 0
pinz/backend/trip-service/internal/repositories/trip_repository.go:168.2,169.16 2 0
pinz/backend/trip-service/internal/repositories/trip_repository.go:169.16,171.3 1 0
pinz/backend/trip-service/internal/repositories/trip_repository.go:172.2,173.12 2 0
pinz/backend/trip-service/internal/repositories/trip_repository.go:173.12,175.3 1 0
pinz/backend/trip-service/internal/repositories/trip_repository.go:176.2,176.12 1 0
pinz/backend/trip-service/internal/repositories/trip_repository.go:179.50,181.16 2 0
pinz/backend/trip-service/internal/repositories/trip_repository.go:181.16,183.3 1 0
pinz/backend/trip-service/internal/repositories/trip_repository.go:184.2,185.12 2 0
pinz/backend/trip-service/internal/repositories/trip_repository.go:185.12,187.3 1 0
pinz/backend/trip-service/internal/repositories/trip_repository.go:188.2,188.12 1 0
pinz/backend/trip-service/internal/repositories/trip_repository.go:192.65,194.16 2 0
pinz/backend/trip-service/internal/repositories/trip_repository.go:194.16,196.3 1 0
pinz/backend/trip-service/internal/repositories/trip_repository.go:197.2,198.12 2 0
pinz/backend/trip-service/internal/repositories/trip_repository.go:198.12,200.3 1 0
pinz/backend/trip-service/internal/repositories/trip_repository.go:201.2,201.12 1 0
pinz/backend/trip-service/internal/repositories/trip_repository.go:205.62,207.16 2 0
pinz/backend/trip-service/internal/repositories/trip_repository.go:207.16,209.3 1 0
pinz/backend/trip-service/internal/repositories/trip_repository.go:210.2,211.12 2 0
pinz/backend/trip-service/internal/repositories/trip_repository.go:211.12,213.3 1 0
pinz/backend/trip-service/internal/repositories/trip_repository.go:214.2,214.12 1 0
pinz/backend/trip-service/internal/repositories/trip_repository.go:218.137,227.20 2 0
pinz/backend/trip-service/internal/repositories/trip_repository.go:227.20,229.3 1 0
pinz/backend/trip-service/internal/repositories/trip_repository.go:230.2,230.18 1 0
pinz/backend/trip-service/internal/repositories/trip_repository.go:230.18,232.3 1 0
pinz/backend/trip-service/internal/repositories/trip_repository.go:233.2,233.23 1 0
pinz/backend/trip-service/internal/repositories/trip_repository.go:233.23,235.3 1 0
pinz/backend/trip-service/internal/repositories/trip_repository.go:236.2,236.16 1 0
pinz/backend/trip-service/internal/repositories/trip_repository.go:237.16,238.80 1 0
pinz/backend/trip-service/internal/repositories/trip_repository.go:239.10,240.37 1 0
pinz/backend/trip-service/internal/repositories/trip_repository.go:242.2,244.16 3 0
pinz/backend/trip-service/internal/repositories/trip_repository.go:244.16,246.3 1 0
pinz/backend/trip-service/internal/repositories/trip_repository.go:247.2,248.16 2 0
pinz/backend/trip-service/internal/repositories/trip_repository.go:248.16,250.3 1 0
pinz/backend/trip-service/internal/repositories/trip_repository.go:251.2,253.18 3 0
pinz/backend/trip-service/internal/repositories/trip_repository.go:253.18,262.17 4 0
pinz/backend/trip-service/internal/repositories/trip_repository.go:262.17,264.4 1 0
pinz/backend/trip-service/internal/repositories/trip_repository.go:265.3,265.17 1 0
pinz/backend/trip-service/internal/repositories/trip_repository.go:265.17,267.4 1 0
pinz/backend/trip-service/internal/repositories/trip_repository.go:268.3,268.21 1 0
pinz/backend/trip-service/internal/repositories/trip_repository.go:268.21,270.4 1 0
pinz/backend/trip-service/internal/repositories/trip_repository.go:271.3,271.22 1 0
pinz/backend/trip-service/internal/repositories/trip_repository.go:271.22,273.4 1 0
pinz/backend/trip-service/internal/repositories/trip_repository.go:274.3,274.20 1 0
pinz/backend/trip-service/internal/repositories/trip_repository.go:274.20,276.4 1 0
pinz/backend/trip-service/internal/repositories/trip_repository.go:277.3,277.28 1 0
pinz/backend/trip-service/internal/repositories/trip_repository.go:279.2,279.26 1 0
pinz/backend/trip-service/internal/repositories/trip_settings_repository.go:13.68,15.2 1 0
pinz/backend/trip-service/internal/repositories/trip_settings_repository.go:19.85,26.2 2 0
pinz/backend/trip-service/internal/repositories/trip_settings_repository.go:29.97,34.16 2 0
pinz/backend/trip-service/internal/repositories/trip_settings_repository.go:34.16,36.3 1 0
pinz/backend/trip-service/internal/repositories/trip_settings_repository.go:37.2,38.12 2 0
pinz/backend/trip-service/internal/repositories/trip_settings_repository.go:38.12,40.3 1 0
pinz/backend/trip-service/internal/repositories/trip_settings_repository.go:41.2,41.12 1 0
pinz/backend/trip-service/cmd/main.go:21.13,28.16 5 0
pinz/backend/trip-service/cmd/main.go:28.16,30.3 1 0
pinz/backend/trip-service/cmd/main.go:30.8,31.16 1 0
pinz/backend/trip-service/cmd/main.go:31.16,35.4 3 0
pinz/backend/trip-service/cmd/main.go:36.3,39.17 2 0
pinz/backend/trip-service/cmd/main.go:39.17,41.4 1 0
pinz/backend/trip-service/cmd/main.go:44.2,46.16 3 0
pinz/backend/trip-service/cmd/main.go:46.16,49.3 2 0
pinz/backend/trip-service/cmd/main.go:50.2,54.59 4 0
pinz/backend/trip-service/cmd/main.go:54.59,56.3 1 0
pinz/backend/trip-service/cmd/main.go:56.8,56.22 1 0
pinz/backend/trip-service/cmd/main.go:56.22,59.3 2 0
pinz/backend/trip-service/cmd/main.go:61.2,63.16 3 0
pinz/backend/trip-service/cmd/main.go:63.16,66.3 2 0
pinz/backend/trip-service/cmd/main.go:67.2,68.63 2 0
pinz/backend/trip-service/cmd/main.go:68.63,71.3 2 0
pinz/backend/trip-service/cmd/worker/main.go:15.13,20.16 4 0
pinz/backend/trip-service/cmd/worker/main.go:20.16,23.3 2 0
pinz/backend/trip-service/cmd/worker/main.go:24.2,27.16 3 0
pinz/backend/trip-service/cmd/worker/main.go:27.16,30.3 2 0
pinz/backend/trip-service/cmd/worker/main.go:32.2,35.24 4 0
pinz/backend/trip-service/cmd/worker/main.go:35.24,37.3 1 0
pinz/backend/trip-service/cmd/worker/main.go:39.2,39.91 1 0
pinz/backend/trip-service/cmd/worker/main.go:39.91,42.3 2 0
pinz/backend/trip-service/internal/server/metadata.go:19.60,22.2 2 0
pinz/backend/trip-service/internal/server/metadata.go:26.150,27.125 1 0
pinz/backend/trip-service/internal/server/metadata.go:27.125,29.3 1 0
pinz/backend/trip-service/internal/server/metadata.go:30.2,31.9 2 0
pinz/backend/trip-service/internal/server/metadata.go:31.9,33.3 1 0
pinz/backend/trip-service/internal/server/metadata.go:34.2,35.37 2 0
pinz/backend/trip-service/internal/server/metadata.go:35.37,37.3 1 0
pinz/backend/trip-service/internal/server/metadata.go:38.2,39.26 2 0
pinz/backend/trip-service/internal/server/server.go:19.60,21.16 2 0
pinz/backend/trip-service/internal/server/server.go:21.16,24.3 2 0
pinz/backend/trip-service/internal/server/server.go:25.2,27.16 3 0
pinz/backend/trip-service/internal/server/server.go:27.16,30.3 2 0
pinz/backend/trip-service/internal/server/server.go:32.2,44.12 7 0
pinz/backend/trip-service/internal/server/server.go:44.12,45.40 1 0
pinz/backend/trip-service/internal/server/server.go:45.40,47.4 1 0
pinz/backend/trip-service/internal/server/server.go:50.2,56.12 7 0
pinz/backend/trip-service/internal/di/di.go:18.86,29.24 11 0
pinz/backend/trip-service/internal/di/di.go:29.24,31.3 1 0
pinz/backend/trip-service/internal/di/di.go:31.8,33.3 1 0
pinz/backend/trip-service/internal/di/di.go:34.2,35.49 2 0
pinz/backend/trip-service/internal/mocks/favourite_repository_mock.go:31.101,35.2 3 0
pinz/backend/trip-service/internal/mocks/favourite_repository_mock.go:38.99,40.2 1 0
pinz/backend/trip-service/internal/mocks/favourite_repository_mock.go:43.77,48.2 4 0
pinz/backend/trip-service/internal/mocks/favourite_repository_mock.go:51.94,54.2 2 0
pinz/backend/trip-service/internal/mocks/favourite_repository_mock.go:57.94,63.2 5 0
pinz/backend/trip-service/internal/mocks/favourite_repository_mock.go:66.103,69.2 2 0
pinz/backend/trip-service/internal/mocks/favourite_repository_mock.go:72.114,78.2 5 0
pinz/backend/trip-service/internal/mocks/favourite_repository_mock.go:81.123,84.2 2 0
pinz/backend/trip-service/internal/mocks/favourite_repository_mock.go:87.80,92.2 4 0
pinz/backend/trip-service/internal/mocks/favourite_repository_mock.go:95.97,98.2 2 0
pinz/backend/trip-service/internal/mocks/invitation_link_repository_mock.go:32.111,36.2 3 0
pinz/backend/trip-service/internal/mocks/invitation_link_repository_mock.go:39.109,41.2 1 0
pinz/backend/trip-service/internal/mocks/invitation_link_repository_mock.go:44.91,49.2 4 0
pinz/backend/trip-service/internal/mocks/invitation_link_repository_mock.go:52.92,55.2 2 0
pinz/backend/trip-service/internal/mocks/invitation_link_repository_mock.go:58.106,64.2 5 0
pinz/backend/trip-service/internal/mocks/invitation_link_repository_mock.go:67.97,70.2 2 0
pinz/backend/trip-service/internal/mocks/media_repository_mock.go:32.93,36.2 3 0
pinz/backend/trip-service/internal/mocks/media_repository_mock.go:39.91,41.2 1 0
pinz/backend/trip-service/internal/mocks/media_repository_mock.go:44.122,50.2 5 0
pinz/backend/trip-service/internal/mocks/media_repository_mock.go:53.113,56.2 2 0
pinz/backend/trip-service/internal/mocks/media_repository_mock.go:59.87,66.2 6 0
pinz/backend/trip-service/internal/mocks/media_repository_mock.go:69.92,72.2 2 0
pinz/backend/trip-service/internal/mocks/media_repository_mock.go:75.72,80.2 4 0
pinz/backend/trip-service/internal/mocks/media_repository_mock.go:83.80,86.2 2 0
pinz/backend/trip-service/internal/mocks/media_repository_mock.go:89.72,94.2 4 0
pinz/backend/trip-service/internal/mocks/media_repository_mock.go:97.87,100.2 2 0
pinz/backend/trip-service/internal/mocks/media_repository_mock.go:103.82,109.2 5 0
pinz/backend/trip-service/internal/mocks/media_repository_mock.go:112.82,115.2 2 0
pinz/backend/trip-service/internal/mocks/media_repository_mock.go:118.91,124.2 5 0
pinz/backend/trip-service/internal/mocks/media_repository_mock.go:127.89,130.2 2 0
pinz/backend/trip-service/internal/mocks/media_repository_mock.go:133.93,139.2 5 0
pinz/backend/trip-service/internal/mocks/media_repository_mock.go:142.91,145.2 2 0
pinz/backend/trip-service/internal/mocks/media_repository_mock.go:148.99,153.2 4 0
pinz/backend/trip-service/internal/mocks/media_repository_mock.go:156.107,159.2 2 0
pinz/backend/trip-service/internal/mocks/media_repository_mock.go:162.81,167.2 4 0
pinz/backend/trip-service/internal/mocks/media_repository_mock.go:170.98,173.2 2 0
pinz/backend/trip-service/internal/mocks/media_repository_mock.go:176.96,181.2 4 0
pinz/backend/trip-service/internal/mocks/media_repository_mock.go:184.104,187.2 2 0
pinz/backend/trip-service/internal/mocks/pin_repository_mock.go:32.89,36.2 3 0
pinz/backend/trip-service/internal/mocks/pin_repository_mock.go:39.87,41.2 1 0
pinz/backend/trip-service/internal/mocks/pin_repository_mock.go:44.66,49.2 4 0
pinz/backend/trip-service/internal/mocks/pin_repository_mock.go:52.78,55.2 2 0
pinz/backend/trip-service/internal/mocks/pin_repository_mock.go:58.62,63.2 4 0
pinz/backend/trip-service/internal/mocks/pin_repository_mock.go:66.79,69.2 2 0
pinz/backend/trip-service/internal/mocks/pin_repository_mock.go:72.74,77.2 4 0
pinz/backend/trip-service/internal/mocks/pin_repository_mock.go:80.91,83.2 2 0
pinz/backend/trip-service/internal/mocks/pin_repository_mock.go:86.78,92.2 5 0
pinz/backend/trip-service/internal/mocks/pin_repository_mock.go:95.80,98.2 2 0
pinz/backend/trip-service/internal/mocks/pin_repository_mock.go:101.89,107.2 5 0
pinz/backend/trip-service/internal/mocks/pin_repository_mock.go:110.89,113.2 2 0
pinz/backend/trip-service/internal/mocks/pin_repository_mock.go:116.66,121.2 4 0
pinz/backend/trip-service/internal/mocks/pin_repository_mock.go:124.78,127.2 2 0
pinz/backend/trip-service/internal/mocks/social_repository_mock.go:31.95,35.2 3 0
pinz/backend/trip-service/internal/mocks/social_repository_mock.go:38.93,40.2 1 0
pinz/backend/trip-service/internal/mocks/social_repository_mock.go:43.92,49.2 5 0
pinz/backend/trip-service/internal/mocks/social_repository_mock.go:52.99,55.2 2 0
pinz/backend/trip-service/internal/mocks/social_repository_mock.go:58.92,63.2 4 0
pinz/backend/trip-service/internal/mocks/social_repository_mock.go:66.109,69.2 2 0
pinz/backend/trip-service/internal/mocks/tag_repository_mock.go:32.89,36.2 3 0
pinz/backend/trip-service/internal/mocks/tag_repository_mock.go:39.87,41.2 1 0
pinz/backend/trip-service/internal/mocks/tag_repository_mock.go:44.63,49.2 4 0
pinz/backend/trip-service/internal/mocks/tag_repository_mock.go:52.75,55.2 2 0
pinz/backend/trip-service/internal/mocks/tag_repository_mock.go:58.71,63.2 4 0
pinz/backend/trip-service/internal/mocks/tag_repository_mock.go:66.88,69.2 2 0
pinz/backend/trip-service/internal/mocks/tag_repository_mock.go:72.81,78.2 5 0
pinz/backend/trip-service/internal/mocks/tag_repository_mock.go:81.86,84.2 2 0
pinz/backend/trip-service/internal/mocks/tag_repository_mock.go:87.94,93.2 5 0
pinz/backend/trip-service/internal/mocks/tag_repository_mock.go:96.88,99.2 2 0
pinz/backend/trip-service/internal/mocks/tag_repository_mock.go:102.91,107.2 4 0
pinz/backend/trip-service/internal/mocks/tag_repository_mock.go:110.99,113.2 2 0
pinz/backend/trip-service/internal/mocks/trip_event_publisher_mock.go:32.81,36.2 3 0
pinz/backend/trip-service/internal/mocks/trip_event_publisher_mock.go:39.79,41.2 1 0
pinz/backend/trip-service/internal/mocks/trip_event_publisher_mock.go:44.86,49.2 4 0
pinz/backend/trip-service/internal/mocks/trip_event_publisher_mock.go:52.87,55.2 2 0
pinz/backend/trip-service/internal/mocks/trip_event_publisher_mock.go:58.112,63.2 4 0
pinz/backend/trip-service/internal/mocks/trip_event_publisher_mock.go:66.113,69.2 2 0
pinz/backend/trip-service/internal/mocks/trip_participant_repository_mock.go:32.113,36.2 3 0
pinz/backend/trip-service/internal/mocks/trip_participant_repository_mock.go:39.111,41.2 1 0
pinz/backend/trip-service/internal/mocks/trip_participant_repository_mock.go:44.87,49.2 4 0
pinz/backend/trip-service/internal/mocks/trip_participant_repository_mock.go:52.87,55.2 2 0
pinz/backend/trip-service/internal/mocks/trip_participant_repository_mock.go:58.112,64.2 5 0
pinz/backend/trip-service/internal/mocks/trip_participant_repository_mock.go:67.100,70.2 2 0
pinz/backend/trip-service/internal/mocks/trip_participant_repository_mock.go:73.95,79.2 5 0
pinz/backend/trip-service/internal/mocks/trip_participant_repository_mock.go:82.104,85.2 2 0
pinz/backend/trip-service/internal/mocks/trip_participant_repository_mock.go:88.101,94.2 5 0
pinz/backend/trip-service/internal/mocks/trip_participant_repository_mock.go:97.110,100.2 2 0
pinz/backend/trip-service/internal/mocks/trip_participant_repository_mock.go:103.86,108.2 4 0
pinz/backend/trip-service/internal/mocks/trip_participant_repository_mock.go:111.103,114.2 2 0
pinz/backend/trip-service/internal/mocks/trip_participant_repository_mock.go:117.89,122.2 4 0
pinz/backend/trip-service/internal/mocks/trip_participant_repository_mock.go:125.106,128.2 2 0
pinz/backend/trip-service/internal/mocks/trip_participant_repository_mock.go:131.88,136.2 4 0
pinz/backend/trip-service/internal/mocks/trip_participant_repository_mock.go:139.105,142.2 2 0
pinz/backend/trip-service/internal/mocks/trip_repository_mock.go:32.91,36.2 3 0
pinz/backend/trip-service/internal/mocks/trip_repository_mock.go:39.89,41.2 1 0
pinz/backend/trip-service/internal/mocks/trip_repository_mock.go:44.68,49.2 4 0
pinz/backend/trip-service/internal/mocks/trip_repository_mock.go:52.79,55.2 2 0
pinz/backend/trip-service/internal/mocks/trip_repository_mock.go:58.63,63.2 4 0
pinz/backend/trip-service/internal/mocks/trip_repository_mock.go:66.80,69.2 2 0
pinz/backend/trip-service/internal/mocks/trip_repository_mock.go:72.80,78.2 5 0
pinz/backend/trip-service/internal/mocks/trip_repository_mock.go:81.81,84.2 2 0
pinz/backend/trip-service/internal/mocks/trip_repository_mock.go:87.112,93.2 5 0
pinz/backend/trip-service/internal/mocks/trip_repository_mock.go:96.105,99.2 2 0
pinz/backend/trip-service/internal/mocks/trip_repository_mock.go:102.150,108.2 5 0
pinz/backend/trip-service/internal/mocks/trip_repository_mock.go:111.131,114.2 2 0
pinz/backend/trip-service/internal/mocks/trip_repository_mock.go:117.75,122.2 4 0
pinz/backend/trip-service/internal/mocks/trip_repository_mock.go:125.92,128.2 2 0
pinz/backend/trip-service/internal/mocks/trip_repository_mock.go:131.78,136.2 4 0
pinz/backend/trip-service/internal/mocks/trip_repository_mock.go:139.95,142.2 2 0
pinz/backend/trip-service/internal/mocks/trip_repository_mock.go:145.68,150.2 4 0
pinz/backend/trip-service/internal/mocks/trip_repository_mock.go:153.79,156.2 2 0
pinz/backend/trip-service/internal/mocks/trip_settings_repository_mock.go:31.107,35.2 3 0
pinz/backend/trip-service/internal/mocks/trip_settings_repository_mock.go:38.105,40.2 1 0
pinz/backend/trip-service/internal/mocks/trip_settings_repository_mock.go:43.98,48.2 4 0
pinz/backend/trip-service/internal/mocks/trip_settings_repository_mock.go:51.115,54.2 2 0
pinz/backend/trip-service/internal/mocks/trip_settings_repository_mock.go:57.110,62.2 4 0
pinz/backend/trip-service/internal/mocks/trip_settings_repository_mock.go:65.122,68.2 2 0
pinz/backend/trip-service/internal/testinfra/docker_skip.go:7.46,8.16 1 0
pinz/backend/trip-service/internal/testinfra/docker_skip.go:8.16,10.3 1 0
pinz/backend/trip-service/internal/testinfra/docker_skip.go:11.2,17.84 3 0
pinz/backend/trip-service/internal/testinfra/postgis.go:20.42,22.2 1 0
pinz/backend/trip-service/internal/testinfra/postgis.go:24.83,27.18 3 0
pinz/backend/trip-service/internal/testinfra/postgis.go:27.18,29.3 1 0
pinz/backend/trip-service/internal/testinfra/postgis.go:31.2,37.16 2 0
pinz/backend/trip-service/internal/testinfra/postgis.go:37.16,39.3 1 0
pinz/backend/trip-service/internal/testinfra/postgis.go:41.2,42.16 2 0
pinz/backend/trip-service/internal/testinfra/postgis.go:42.16,45.3 2 0
pinz/backend/trip-service/internal/testinfra/postgis.go:46.2,47.16 2 0
pinz/backend/trip-service/internal/testinfra/postgis.go:47.16,50.3 2 0
pinz/backend/trip-service/internal/testinfra/postgis.go:52.2,59.8 1 0
pinz/backend/trip-service/internal/testinfra/testenv.go:10.55,12.61 2 0
pinz/backend/trip-service/internal/testinfra/testenv.go:12.61,14.3 1 0
pinz/backend/trip-service/internal/testinfra/testenv.go:16.2,22.27 3 0
pinz/backend/trip-service/internal/testinfra/testenv.go:22.27,29.3 2 0
pinz/backend/trip-service/internal/testinfra/testenv.go:30.2,30.19 1 0
pinz/backend/trip-service/internal/testinfra/testenv.go:30.19,31.27 1 0
pinz/backend/trip-service/internal/testinfra/testenv.go:31.27,32.13 1 0
pinz/backend/trip-service/internal/testinfra/testenv.go:32.13,34.5 1 0
pinz/backend/trip-service/internal/testinfra/testenv.go:34.10,36.5 1 0
pinz/backend/trip-service/internal/testinfra/testenv.go:40.2,43.9 4 0
pinz/backend/trip-service/internal/testinfra/testenv.go:43.9,44.16 1 0
pinz/backend/trip-service/internal/testinfra/testenv.go:44.16,45.32 1 0
pinz/backend/trip-service/internal/testinfra/testenv.go:45.32,47.5 1 0
pinz/backend/trip-service/internal/testinfra/testenv.go:49.3,49.49 1 0
pinz/backend/trip-service/internal/testinfra/testenv.go:51.2,51.16 1 0
pinz/backend/trip-service/internal/testinfra/testenv.go:51.16,52.35 1 0
pinz/backend/trip-service/internal/testinfra/testenv.go:52.35,54.4 1 0
pinz/backend/trip-service/internal/testinfra/testenv.go:55.3,55.37 1 0
pinz/backend/trip-service/internal/testinfra/testenv.go:57.2,57.19 1 0
pinz/backend/trip-service/internal/testinfra/testenv.go:57.19,57.54 1 0
pinz/backend/trip-service/internal/testinfra/testenv.go:59.2,65.11 6 0
pinz/backend/trip-service/pkg/proto/trip.pb.go:47.24,52.2 4 0
pinz/backend/trip-service/pkg/proto/trip.pb.go:54.32,56.2 1 0
pinz/backend/trip-service/pkg/proto/trip.pb.go:58.30,58.31 0 0
pinz/backend/trip-service/pkg/proto/trip.pb.go:60.52,62.14 2 0
pinz/backend/trip-service/pkg/proto/trip.pb.go:62.14,64.34 2 0
pinz/backend/trip-service/pkg/proto/trip.pb.go:64.34,66.4 1 0
pinz/backend/trip-service/pkg/proto/trip.pb.go:67.3,67.12 1 0
pinz/backend/trip-service/pkg/proto/trip.pb.go:69.2,69.24 1 0
pinz/backend/trip-service/pkg/proto/trip.pb.go:73.43,75.2 1 0
pinz/backend/trip-service/pkg/proto/trip.pb.go:77.31,78.14 1 0
pinz/backend/trip-service/pkg/proto/trip.pb.go:78.14,80.3 1 0
pinz/backend/trip-service/pkg/proto/trip.pb.go:81.2,81.11 1 0
pinz/backend/trip-service/pkg/proto/trip.pb.go:84.40,85.14 1 0
pinz/backend/trip-service/pkg/proto/trip.pb.go:85.14,87.3 1 0
pinz/backend/trip-service/pkg/proto/trip.pb.go:88.2,88.11 1 0
pinz/backend/trip-service/pkg/proto/trip.pb.go:91.33,92.14 1 0
pinz/backend/trip-service/pkg/proto/trip.pb.go:92.14,94.3 1 0
pinz/backend/trip-service/pkg/proto/trip.pb.go:95.2,95.11 1 0
pinz/backend/trip-service/pkg/proto/trip.pb.go:98.40,99.14 1 0
pinz/backend/trip-service/pkg/proto/trip.pb.go:99.14,101.3 1 0
pinz/backend/trip-service/pkg/proto/trip.pb.go:102.2,102.11 1 0
pinz/backend/trip-service/pkg/proto/trip.pb.go:105.37,106.14 1 0
pinz/backend/trip-service/pkg/proto/trip.pb.go:106.14,108.3 1 0
pinz/backend/trip-service/pkg/proto/trip.pb.go:109.2,109.11 1 0
pinz/backend/trip-service/pkg/proto/trip.pb.go:112.35,113.14 1 0
pinz/backend/trip-service/pkg/proto/trip.pb.go:113.14,115.3 1 0
pinz/backend/trip-service/pkg/proto/trip.pb.go:116.2,116.11 1 0
pinz/backend/trip-service/pkg/proto/trip.pb.go:119.35,120.14 1 0
pinz/backend/trip-service/pkg/proto/trip.pb.go:120.14,122.3 1 0
pinz/backend/trip-service/pkg/proto/trip.pb.go:123.2,123.11 1 0
pinz/backend/trip-service/pkg/proto/trip.pb.go:126.41,127.14 1 0
pinz/backend/trip-service/pkg/proto/trip.pb.go:127.14,129.3 1 0
pinz/backend/trip-service/pkg/proto/trip.pb.go:130.2,130.11 1 0
pinz/backend/trip-service/pkg/proto/trip.pb.go:133.41,134.14 1 0
pinz/backend/trip-service/pkg/proto/trip.pb.go:134.14,136.3 1 0
pinz/backend/trip-service/pkg/proto/trip.pb.go:137.2,137.10 1 0
pinz/backend/trip-service/pkg/proto/trip.pb.go:140.39,141.14 1 0
pinz/backend/trip-service/pkg/proto/trip.pb.go:141.14,143.3 1 0
pinz/backend/trip-service/pkg/proto/trip.pb.go:144.2,144.10 1 0
pinz/backend/trip-service/pkg/proto/trip.pb.go:147.38,148.14 1 0
pinz/backend/trip-service/pkg/proto/trip.pb.go:148.14,150.3 1 0
pinz/backend/trip-service/pkg/proto/trip.pb.go:151.2,151.10 1 0
pinz/backend/trip-service/pkg/proto/trip.pb.go:154.41,155.14 1 0
pinz/backend/trip-service/pkg/proto/trip.pb.go:155.14,157.3 1 0
pinz/backend/trip-service/pkg/proto/trip.pb.go:158.2,158.10 1 0
pinz/backend/trip-service/pkg/proto/trip.pb.go:161.37,162.14 1 0
pinz/backend/trip-service/pkg/proto/trip.pb.go:162.14,164.3 1 0
pinz/backend/trip-service/pkg/proto/trip.pb.go:165.2,165.11 1 0
pinz/backend/trip-service/pkg/proto/trip.pb.go:168.38,169.14 1 0
pinz/backend/trip-service/pkg/proto/trip.pb.go:169.14,171.3 1 0
pinz/backend/trip-service/pkg/proto/trip.pb.go:172.2,172.14 1 0
pinz/backend/trip-service/pkg/proto/trip.pb.go:175.38,176.14 1 0
pinz/backend/trip-service/pkg/proto/trip.pb.go:176.14,178.3 1 0
pinz/backend/trip-service/pkg/proto/trip.pb.go:179.2,179.14 1 0
pinz/backend/trip-service/pkg/proto/trip.pb.go:182.41,183.14 1 0
pinz/backend/trip-service/pkg/proto/trip.pb.go:183.14,185.3 1 0
pinz/backend/trip-service/pkg/proto/trip.pb.go:186.2,186.10 1 0
pinz/backend/trip-service/pkg/proto/trip.pb.go:189.41,190.14 1 0
pinz/backend/trip-service/pkg/proto/trip.pb.go:190.14,192.3 1 0
pinz/backend/trip-service/pkg/proto/trip.pb.go:193.2,193.10 1 0
pinz/backend/trip-service/pkg/proto/trip.pb.go:209.37,214.2 4 0
pinz/backend/trip-service/pkg/proto/trip.pb.go:216.45,218.2 1 0
pinz/backend/trip-service/pkg/proto/trip.pb.go:220.43,220.44 0 0
pinz/backend/trip-service/pkg/proto/trip.pb.go:222.65,224.14 2 0
pinz/backend/trip-service/pkg/proto/trip.pb.go:224.14,226.34 2 0
pinz/backend/trip-service/pkg/proto/trip.pb.go:226.34,228.4 1 0
pinz/backend/trip-service/pkg/proto/trip.pb.go:229.3,229.12 1 0
pinz/backend/trip-service/pkg/proto/trip.pb.go:231.2,231.24 1 0
pinz/backend/trip-service/pkg/proto/trip.pb.go:235.56,237.2 1 0
pinz/backend/trip-service/pkg/proto/trip.pb.go:239.53,240.14 1 0
pinz/backend/trip-service/pkg/proto/trip.pb.go:240.14,242.3 1 0
pinz/backend/trip-service/pkg/proto/trip.pb.go:243.2,243.11 1 0
pinz/backend/trip-service/pkg/proto/trip.pb.go:246.46,247.14 1 0
pinz/backend/trip-service/pkg/proto/trip.pb.go:247.14,249.3 1 0
pinz/backend/trip-service/pkg/proto/trip.pb.go:250.2,250.11 1 0
pinz/backend/trip-service/pkg/proto/trip.pb.go:253.53,254.14 1 0
pinz/backend/trip-service/pkg/proto/trip.pb.go:254.14,256.3 1 0
pinz/backend/trip-service/pkg/proto/trip.pb.go:257.2,257.11 1 0
pinz/backend/trip-service/pkg/proto/trip.pb.go:260.50,261.14 1 0
pinz/backend/trip-service/pkg/proto/trip.pb.go:261.14,263.3 1 0
pinz/backend/trip-service/pkg/proto/trip.pb.go:264.2,264.11 1 0
pinz/backend/trip-service/pkg/proto/trip.pb.go:267.48,268.14 1 0
pinz/backend/trip-service/pkg/proto/trip.pb.go:268.14,270.3 1 0
pinz/backend/trip-service/pkg/proto/trip.pb.go:271.2,271.11 1 0
pinz/backend/trip-service/pkg/proto/trip.pb.go:274.54,275.14 1 0
pinz/backend/trip-service/pkg/proto/trip.pb.go:275.14,277.3 1 0
pinz/backend/trip-service/pkg/proto/trip.pb.go:278.2,278.11 1 0
pinz/backend/trip-service/pkg/proto/trip.pb.go:281.64,282.14 1 0
pinz/backend/trip-service/pkg/proto/trip.pb.go:282.14,284.3 1 0
pinz/backend/trip-service/pkg/proto/trip.pb.go:285.2,285.12 1 0
pinz/backend/trip-service/pkg/proto/trip.pb.go:296.32,301.2 4 0
pinz/backend/trip-service/pkg/proto/trip.pb.go:303.40,305.2 1 0
pinz/backend/trip-service/pkg/proto/trip.pb.go:307.38,307.39 0 0
pinz/backend/trip-service/pkg/proto/trip.pb.go:309.60,311.14 2 0
pinz/backend/trip-service/pkg/proto/trip.pb.go:311.14,313.34 2 0
pinz/backend/trip-service/pkg/proto/trip.pb.go:313.34,315.4 1 0
pinz/backend/trip-service/pkg/proto/trip.pb.go:316.3,316.12 1 0
pinz/backend/trip-service/pkg/proto/trip.pb.go:318.2,318.24 1 0
pinz/backend/trip-service/pkg/proto/trip.pb.go:322.51,324.2 1 0
pinz/backend/trip-service/pkg/proto/trip.pb.go:326.45,327.14 1 0
pinz/backend/trip-service/pkg/proto/trip.pb.go:327.14,329.3 1 0
pinz/backend/trip-service/pkg/proto/trip.pb.go:330.2,330.11 1 0
pinz/backend/trip-service/pkg/proto/trip.pb.go:333.48,334.14 1 0
pinz/backend/trip-service/pkg/proto/trip.pb.go:334.14,336.3 1 0
pinz/backend/trip-service/pkg/proto/trip.pb.go:337.2,337.11 1 0
pinz/backend/trip-service/pkg/proto/trip.pb.go:349.38,354.2 4 0
pinz/backend/trip-service/pkg/proto/trip.pb.go:356.46,358.2 1 0
pinz/backend/trip-service/pkg/proto/trip.pb.go:360.44,360.45 0 0
pinz/backend/trip-service/pkg/proto/trip.pb.go:362.66,364.14 2 0
pinz/backend/trip-service/pkg/proto/trip.pb.go:364.14,366.34 2 0
pinz/backend/trip-service/pkg/proto/trip.pb.go:366.34,368.4 1 0
pinz/backend/trip-service/pkg/proto/trip.pb.go:369.3,369.12 1 0
pinz/backend/trip-service/pkg/proto/trip.pb.go:371.2,371.24 1 0
pinz/backend/trip-service/pkg/proto/trip.pb.go:375.57,377.2 1 0
pinz/backend/trip-service/pkg/proto/trip.pb.go:379.49,380.14 1 0
pinz/backend/trip-service/pkg/proto/trip.pb.go:380.14,382.3 1 0
pinz/backend/trip-service/pkg/proto/trip.pb.go:383.2,383.11 1 0
pinz/backend/trip-service/pkg/proto/trip.pb.go:386.49,387.14 1 0
pinz/backend/trip-service/pkg/proto/trip.pb.go:387.14,389.3 1 0
pinz/backend/trip-service/pkg/proto/trip.pb.go:390.2,390.11 1 0
pinz/backend/trip-service/pkg/proto/trip.pb.go:393.59,394.14 1 0
pinz/backend/trip-service/pkg/proto/trip.pb.go:394.14,396.3 1 0
pinz/backend/trip-service/pkg/proto/trip.pb.go:397.2,397.12 1 0
pinz/backend/trip-service/pkg/proto/trip.pb.go:409.29,414.2 4 0
pinz/backend/trip-service/pkg/proto/trip.pb.go:416.37,418.2 1 0
pinz/backend/trip-service/pkg/proto/trip.pb.go:420.35,420.36 0 0
pinz/backend/trip-service/pkg/proto/trip.pb.go:422.57,424.14 2 0
pinz/backend/trip-service/pkg/proto/trip.pb.go:424.14,426.34 2 0
pinz/backend/trip-service/pkg/proto/trip.pb.go:426.34,428.4 1 0
pinz/backend/trip-service/pkg/proto/trip.pb.go:429.3,429.12 1 0
pinz/backend/trip-service/pkg/proto/trip.pb.go:431.2,431.24 1 0
pinz/backend/trip-service/pkg/proto/trip.pb.go:435.48,437.2 1 0
pinz/backend/trip-service/pkg/proto/trip.pb.go:439.42,440.14 1 0
pinz/backend/trip-service/pkg/proto/trip.pb.go:440.14,442.3 1 0
pinz/backend/trip-service/pkg/proto/trip.pb.go:443.2,443.11 1 0
pinz/backend/trip-service/pkg/proto/trip.pb.go:446.39,447.14 1 0
pinz/backend/trip-service/pkg/proto/trip.pb.go:447.14,449.3 1 0
pinz/backend/trip-service/pkg/proto/trip.pb.go:450.2,450.11 1 0
pinz/backend/trip-service/pkg/proto/trip.pb.go:453.37,454.14 1 0
pinz/backend/trip-service/pkg/proto/trip.pb.go:454.14,456.3 1 0
pinz/backend/trip-service/pkg/proto/trip.pb.go:457.2,457.11 1 0
pinz/backend/trip-service/pkg/proto/trip.pb.go:468.34,473.2 4 0
pinz/backend/trip-service/pkg/proto/trip.pb.go:475.42,477.2 1 0
pinz/backend/trip-service/pkg/proto/trip.pb.go:479.40,479.41 0 0
pinz/backend/trip-service/pkg/proto/trip.pb.go:481.62,483.14 2 0
pinz/backend/trip-service/pkg/proto/trip.pb.go:483.14,485.34 2 0
pinz/backend/trip-service/pkg/proto/trip.pb.go:485.34,487.4 1 0
pinz/backend/trip-service/pkg/proto/trip.pb.go:488.3,488.12 1 0
pinz/backend/trip-service/pkg/proto/trip.pb.go:490.2,490.24 1 0
pinz/backend/trip-service/pkg/proto/trip.pb.go:494.53,496.2 1 0
pinz/backend/trip-service/pkg/proto/trip.pb.go:498.45,499.14 1 0
pinz/backend/trip-service/pkg/proto/trip.pb.go:499.14,501.3 1 0
pinz/backend/trip-service/pkg/proto/trip.pb.go:502.2,502.11 1 0
pinz/backend/trip-service/pkg/proto/trip.pb.go:505.45,506.14 1 0
pinz/backend/trip-service/pkg/proto/trip.pb.go:506.14,508.3 1 0
pinz/backend/trip-service/pkg/proto/trip.pb.go:509.2,509.11 1 0
pinz/backend/trip-service/pkg/proto/trip.pb.go:530.27,535.2 4 0
pinz/backend/trip-service/pkg/proto/trip.pb.go:537.35,539.2 1 0
pinz/backend/trip-service/pkg/proto/trip.pb.go:541.33,541.34 0 0
pinz/backend/trip-service/pkg/proto/trip.pb.go:543.55,545.14 2 0
pinz/backend/trip-service/pkg/proto/trip.pb.go:545.14,547.34 2 0
pinz/backend/trip-service/pkg/proto/trip.pb.go:547.34,549.4 1 0
pinz/backend/trip-service/pkg/proto/trip.pb.go:550.3,550.12 1 0
pinz/backend/trip-service/pkg/proto/trip.pb.go:552.2,552.24 1 0
pinz/backend/trip-service/pkg/proto/trip.pb.go:556.46,558.2 1 0
pinz/backend/trip-service/pkg/proto/trip.pb.go:560.34,561.14 1 0
pinz/backend/trip-service/pkg/proto/trip.pb.go:561.14,563.3 1 0
pinz/backend/trip-service/pkg/proto/trip.pb.go:564.2,564.11 1 0
pinz/backend/trip-service/pkg/proto/trip.pb.go:567.36,568.14 1 0
pinz/backend/trip-service/pkg/proto/trip.pb.go:568.14,570.3 1 0
pinz/backend/trip-service/pkg/proto/trip.pb.go:571.2,571.11 1 0
pinz/backend/trip-service/pkg/proto/trip.pb.go:574.43,575.14 1 0
pinz/backend/trip-service/pkg/proto/trip.pb.go:575.14,577.3 1 0
pinz/backend/trip-service/pkg/proto/trip.pb.go:578.2,578.11 1 0
pinz/backend/trip-service/pkg/proto/trip.pb.go:581.40,582.14 1 0
pinz/backend/trip-service/pkg/proto/trip.pb.go:582.14,584.3 1 0
pinz/backend/trip-service/pkg/proto/trip.pb.go:585.2,585.11 1 0
pinz/backend/trip-service/pkg/proto/trip.pb.go:588.41,589.35 1 0
pinz/backend/trip-service/pkg/proto/trip.pb.go:589.35,591.3 1 0
pinz/backend/trip-service/pkg/proto/trip.pb.go:592.2,592.10 1 0
pinz/backend/trip-service/pkg/proto/trip.pb.go:595.42,596.36 1 0
pinz/backend/trip-service/pkg/proto/trip.pb.go:596.36,598.3 1 0
pinz/backend/trip-service/pkg/proto/trip.pb.go:599.2,599.10 1 0
pinz/backend/trip-service/pkg/proto/trip.pb.go:602.44,603.14 1 0
pinz/backend/trip-service/pkg/proto/trip.pb.go:603.14,605.3 1 0
pinz/backend/trip-service/pkg/proto/trip.pb.go:606.2,606.10 1 0
pinz/backend/trip-service/pkg/proto/trip.pb.go:609.42,610.14 1 0
pinz/backend/trip-service/pkg/proto/trip.pb.go:610.14,612.3 1 0
pinz/backend/trip-service/pkg/proto/trip.pb.go:613.2,613.10 1 0
pinz/backend/trip-service/pkg/proto/trip.pb.go:616.44,617.14 1 0
pinz/backend/trip-service/pkg/proto/trip.pb.go:617.14,619.3 1 0
pinz/backend/trip-service/pkg/proto/trip.pb.go:620.2,620.11 1 0
pinz/backend/trip-service/pkg/proto/trip.pb.go:623.38,624.14 1 0
pinz/backend/trip-service/pkg/proto/trip.pb.go:624.14,626.3 1 0
pinz/backend/trip-service/pkg/proto/trip.pb.go:627.2,627.12 1 0
pinz/backend/trip-service/pkg/proto/trip.pb.go:630.46,631.14 1 0
pinz/backend/trip-service/pkg/proto/trip.pb.go:631.14,633.3 1 0
pinz/backend/trip-service/pkg/proto/trip.pb.go:634.2,634.12 1 0
pinz/backend/trip-service/pkg/proto/trip.pb.go:648.32,653.2 4 0
pinz/backend/trip-service/pkg/proto/trip.pb.go:655.40,657.2 1 0
pinz/backend/trip-service/pkg/proto/trip.pb.go:659.38,659.39 0 0
pinz/backend/trip-service/pkg/proto/trip.pb.go:661.60,663.14 2 0
pinz/backend/trip-service/pkg/proto/trip.pb.go:663.14,665.34 2 0
pinz/backend/trip-service/pkg/proto/trip.pb.go:665.34,667.4 1 0
pinz/backend/trip-service/pkg/proto/trip.pb.go:668.3,668.12 1 0
pinz/backend/trip-service/pkg/proto/trip.pb.go:670.2,670.24 1 0
pinz/backend/trip-service/pkg/proto/trip.pb.go:674.51,676.2 1 0
pinz/backend/trip-service/pkg/proto/trip.pb.go:678.44,679.14 1 0
pinz/backend/trip-service/pkg/proto/trip.pb.go:679.14,681.3 1 0
pinz/backend/trip-service/pkg/proto/trip.pb.go:682.2,682.11 1 0
pinz/backend/trip-service/pkg/proto/trip.pb.go:685.40,686.14 1 0
pinz/backend/trip-service/pkg/proto/trip.pb.go:686.14,688.3 1 0
pinz/backend/trip-service/pkg/proto/trip.pb.go:689.2,689.11 1 0
pinz/backend/trip-service/pkg/proto/trip.pb.go:692.46,693.14 1 0
pinz/backend/trip-service/pkg/proto/trip.pb.go:693.14,695.3 1 0
pinz/backend/trip-service/pkg/proto/trip.pb.go:696.2,696.11 1 0
pinz/backend/trip-service/pkg/proto/trip.pb.go:699.50,700.14 1 0
pinz/backend/trip-service/pkg/proto/trip.pb.go:700.14,702.3 1 0
pinz/backend/trip-service/pkg/proto/trip.pb.go:703.2,703.10 1 0
pinz/backend/trip-service/pkg/proto/trip.pb.go:706.49,707.14 1 0
pinz/backend/trip-service/pkg/proto/trip.pb.go:707.14,709.3 1 0
pinz/backend/trip-service/pkg/proto/trip.pb.go:710.2,710.11 1 0
pinz/backend/trip-service/pkg/proto/trip.pb.go:721.35,726.2 4 0
pinz/backend/trip-service/pkg/proto/trip.pb.go:728.43,730.2 1 0
pinz/backend/trip-service/pkg/proto/trip.pb.go:732.41,732.42 0 0
pinz/backend/trip-service/pkg/proto/trip.pb.go:734.63,736.14 2 0
pinz/backend/trip-service/pkg/proto/trip.pb.go:736.14,738.34 2 0
pinz/backend/trip-service/pkg/proto/trip.pb.go:738.34,740.4 1 0
pinz/backend/trip-service/pkg/proto/trip.pb.go:741.3,741.12 1 0
pinz/backend/trip-service/pkg/proto/trip.pb.go:743.2,743.24 1 0
pinz/backend/trip-service/pkg/proto/trip.pb.go:747.54,749.2 1 0
pinz/backend/trip-service/pkg/proto/trip.pb.go:751.43,752.14 1 0
pinz/backend/trip-service/pkg/proto/trip.pb.go:752.14,754.3 1 0
pinz/backend/trip-service/pkg/proto/trip.pb.go:755.2,755.12 1 0
pinz/backend/trip-service/pkg/proto/trip.pb.go:758.48,759.14 1 0
pinz/backend/trip-service/pkg/proto/trip.pb.go:759.14,761.3 1 0
pinz/backend/trip-service/pkg/proto/trip.pb.go:762.2,762.12 1 0
pinz/backend/trip-service/pkg/proto/trip.pb.go:774.40,779.2 4 0
pinz/backend/trip-service/pkg/proto/trip.pb.go:781.48,783.2 1 0
pinz/backend/trip-service/pkg/proto/trip.pb.go:785.46,785.47 0 0
pinz/backend/trip-service/pkg/proto/trip.pb.go:787.68,789.14 2 0
pinz/backend/trip-service/pkg/proto/trip.pb.go:789.14,791.34 2 0
pinz/backend/trip-service/pkg/proto/trip.pb.go:791.34,793.4 1 0
pinz/backend/trip-service/pkg/proto/trip.pb.go:794.3,794.12 1 0
pinz/backend/trip-service/pkg/proto/trip.pb.go:796.2,796.24 1 0
pinz/backend/trip-service/pkg/proto/trip.pb.go:800.59,802.2 1 0
pinz/backend/trip-service/pkg/proto/trip.pb.go:804.51,805.14 1 0
pinz/backend/trip-service/pkg/proto/trip.pb.go:805.14,807.3 1 0
pinz/backend/trip-service/pkg/proto/trip.pb.go:808.2,808.11 1 0
pinz/backend/trip-service/pkg/proto/trip.pb.go:811.49,812.14 1 0
pinz/backend/trip-service/pkg/proto/trip.pb.go:812.14,814.3 1 0
pinz/backend/trip-service/pkg/proto/trip.pb.go:815.2,815.10 1 0
pinz/backend/trip-service/pkg/proto/trip.pb.go:818.50,819.14 1 0
pinz/backend/trip-service/pkg/proto/trip.pb.go:819.14,821.3 1 0
pinz/backend/trip-service/pkg/proto/trip.pb.go:822.2,822.10 1 0
pinz/backend/trip-service/pkg/proto/trip.pb.go:832.41,837.2 4 0
pinz/backend/trip-service/pkg/proto/trip.pb.go:839.49,841.2 1 0
pinz/backend/trip-service/pkg/proto/trip.pb.go:843.47,843.48 0 0
pinz/backend/trip-service/pkg/proto/trip.pb.go:845.69,847.14 2 0
pinz/backend/trip-service/pkg/proto/trip.pb.go:847.14,849.34 2 0
pinz/backend/trip-service/pkg/proto/trip.pb.go:849.34,851.4 1 0
pinz/backend/trip-service/pkg/proto/trip.pb.go:852.3,852.12 1 0
pinz/backend/trip-service/pkg/proto/trip.pb.go:854.2,854.24 1 0
pinz/backend/trip-service/pkg/proto/trip.pb.go:858.60,860.2 1 0
pinz/backend/trip-service/pkg/proto/trip.pb.go:862.52,863.14 1 0
pinz/backend/trip-service/pkg/proto/trip.pb.go:863.14,865.3 1 0
pinz/backend/trip-service/pkg/proto/trip.pb.go:866.2,866.12 1 0
pinz/backend/trip-service/pkg/proto/trip.pb.go:885.37,890.2 4 0
pinz/backend/trip-service/pkg/proto/trip.pb.go:892.45,894.2 1 0
pinz/backend/trip-service/pkg/proto/trip.pb.go:896.43,896.44 0 0
pinz/backend/trip-service/pkg/proto/trip.pb.go:898.65,900.14 2 0
pinz/backend/trip-service/pkg/proto/trip.pb.go:900.14,902.34 2 0
pinz/backend/trip-service/pkg/proto/trip.pb.go:902.34,904.4 1 0
pinz/backend/trip-service/pkg/proto/trip.pb.go:905.3,905.12 1 0
pinz/backend/trip-service/pkg/proto/trip.pb.go:907.2,907.24 1 0
pinz/backend/trip-service/pkg/proto/trip.pb.go:911.56,913.2 1 0
pinz/backend/trip-service/pkg/proto/trip.pb.go:915.48,916.14 1 0
pinz/backend/trip-service/pkg/proto/trip.pb.go:916.14,918.3 1 0
pinz/backend/trip-service/pkg/proto/trip.pb.go:919.2,919.11 1 0
pinz/backend/trip-service/pkg/proto/trip.pb.go:922.48,923.14 1 0
pinz/backend/trip-service/pkg/proto/trip.pb.go:923.14,925.3 1 0
pinz/backend/trip-service/pkg/proto/trip.pb.go:926.2,926.11 1 0
pinz/backend/trip-service/pkg/proto/trip.pb.go:929.46,930.31 1 0
pinz/backend/trip-service/pkg/proto/trip.pb.go:930.31,932.3 1 0
pinz/backend/trip-service/pkg/proto/trip.pb.go:933.2,933.11 1 0
pinz/backend/trip-service/pkg/proto/trip.pb.go:936.53,937.38 1 0
pinz/backend/trip-service/pkg/proto/trip.pb.go:937.38,939.3 1 0
pinz/backend/trip-service/pkg/proto/trip.pb.go:940.2,940.11 1 0
pinz/backend/trip-service/pkg/proto/trip.pb.go:943.50,944.35 1 0
pinz/backend/trip-service/pkg/proto/trip.pb.go:944.35,946.3 1 0
pinz/backend/trip-service/pkg/proto/trip.pb.go:947.2,947.11 1 0
pinz/backend/trip-service/pkg/proto/trip.pb.go:950.48,951.33 1 0
pinz/backend/trip-service/pkg/proto/trip.pb.go:951.33,953.3 1 0
pinz/backend/trip-service/pkg/proto/trip.pb.go:954.2,954.11 1 0
pinz/backend/trip-service/pkg/proto/trip.pb.go:957.54,958.39 1 0
pinz/backend/trip-service/pkg/proto/trip.pb.go:958.39,960.3 1 0
pinz/backend/trip-service/pkg/proto/trip.pb.go:961.2,961.11 1 0
pinz/backend/trip-service/pkg/proto/trip.pb.go:964.54,965.40 1 0
pinz/backend/trip-service/pkg/proto/trip.pb.go:965.40,967.3 1 0
pinz/backend/trip-service/pkg/proto/trip.pb.go:968.2,968.10 1 0
pinz/backend/trip-service/pkg/proto/trip.pb.go:971.52,972.38 1 0
pinz/backend/trip-service/pkg/proto/trip.pb.go:972.38,974.3 1 0
pinz/backend/trip-service/pkg/proto/trip.pb.go:975.2,975.10 1 0
pinz/backend/trip-service/pkg/proto/trip.pb.go:978.50,979.35 1 0
pinz/backend/trip-service/pkg/proto/trip.pb.go:979.35,981.3 1 0
pinz/backend/trip-service/pkg/proto/trip.pb.go:982.2,982.11 1 0
pinz/backend/trip-service/pkg/proto/trip.pb.go:992.38,997.2 4 0
pinz/backend/trip-service/pkg/proto/trip.pb.go:999.46,1001.2 1 0
pinz/backend/trip-service/pkg/proto/trip.pb.go:1003.44,1003.45 0 0
pinz/backend/trip-service/pkg/proto/trip.pb.go:1005.66,1007.14 2 0
pinz/backend/trip-service/pkg/proto/trip.pb.go:1007.14,1009.34 2 0
pinz/backend/trip-service/pkg/proto/trip.pb.go:1009.34,1011.4 1 0
pinz/backend/trip-service/pkg/proto/trip.pb.go:1012.3,1012.12 1 0
pinz/backend/trip-service/pkg/proto/trip.pb.go:1014.2,1014.24 1 0
pinz/backend/trip-service/pkg/proto/trip.pb.go:1018.57,1020.2 1 0
pinz/backend/trip-service/pkg/proto/trip.pb.go:1022.46,1023.14 1 0
pinz/backend/trip-service/pkg/proto/trip.pb.go:1023.14,1025.3 1 0
pinz/backend/trip-service/pkg/proto/trip.pb.go:1026.2,1026.12 1 0
pinz/backend/trip-service/pkg/proto/trip.pb.go:1037.37,1042.2 4 0
pinz/backend/trip-service/pkg/proto/trip.pb.go:1044.45,1046.2 1 0
pinz/backend/trip-service/pkg/proto/trip.pb.go:1048.43,1048.44 0 0
pinz/backend/trip-service/pkg/proto/trip.pb.go:1050.65,1052.14 2 0
pinz/backend/trip-service/pkg/proto/trip.pb.go:1052.14,1054.34 2 0
pinz/backend/trip-service/pkg/proto/trip.pb.go:1054.34,1056.4 1 0
pinz/backend/trip-service/pkg/proto/trip.pb.go:1057.3,1057.12 1 0
pinz/backend/trip-service/pkg/proto/trip.pb.go:1059.2,1059.24 1 0
pinz/backend/trip-service/pkg/proto/trip.pb.go:1063.56,1065.2 1 0
pinz/backend/trip-service/pkg/proto/trip.pb.go:1067.48,1068.14 1 0
pinz/backend/trip-service/pkg/proto/trip.pb.go:1068.14,1070.3 1 0
pinz/backend/trip-service/pkg/proto/trip.pb.go:1071.2,1071.11 1 0
pinz/backend/trip-service/pkg/proto/trip.pb.go:1074.48,1075.14 1 0
pinz/backend/trip-service/pkg/proto/trip.pb.go:1075.14,1077.3 1 0
pinz/backend/trip-service/pkg/proto/trip.pb.go:1078.2,1078.11 1 0
pinz/backend/trip-service/pkg/proto/trip.pb.go:1088.38,1093.2 4 0
pinz/backend/trip-service/pkg/proto/trip.pb.go:1095.46,1097.2 1 0
pinz/backend/trip-service/pkg/proto/trip.pb.go:1099.44,1099.45 0 0
pinz/backend/trip-service/pkg/proto/trip.pb.go:1101.66,1103.14 2 0
pinz/backend/trip-service/pkg/proto/trip.pb.go:1103.14,1105.34 2 0
pinz/backend/trip-service/pkg/proto/trip.pb.go:1105.34,1107.4 1 0
pinz/backend/trip-service/pkg/proto/trip.pb.go:1108.3,1108.12 1 0
pinz/backend/trip-service/pkg/proto/trip.pb.go:1110.2,1110.24 1 0
pinz/backend/trip-service/pkg/proto/trip.pb.go:1114.57,1116.2 1 0
pinz/backend/trip-service/pkg/proto/trip.pb.go:1118.48,1119.14 1 0
pinz/backend/trip-service/pkg/proto/trip.pb.go:1119.14,1121.3 1 0
pinz/backend/trip-service/pkg/proto/trip.pb.go:1122.2,1122.14 1 0
pinz/backend/trip-service/pkg/proto/trip.pb.go:1136.38,1141.2 4 0
pinz/backend/trip-service/pkg/proto/trip.pb.go:1143.46,1145.2 1 0
pinz/backend/trip-service/pkg/proto/trip.pb.go:1147.44,1147.45 0 0
pinz/backend/trip-service/pkg/proto/trip.pb.go:1149.66,1151.14 2 0
pinz/backend/trip-service/pkg/proto/trip.pb.go:1151.14,1153.34 2 0
pinz/backend/trip-service/pkg/proto/trip.pb.go:1153.34,1155.4 1 0
pinz/backend/trip-service/pkg/proto/trip.pb.go:1156.3,1156.12 1 0
pinz/backend/trip-service/pkg/proto/trip.pb.go:1158.2,1158.24 1 0
pinz/backend/trip-service/pkg/proto/trip.pb.go:1162.57,1164.2 1 0
pinz/backend/trip-service/pkg/proto/trip.pb.go:1166.49,1167.14 1 0
pinz/backend/trip-service/pkg/proto/trip.pb.go:1167.14,1169.3 1 0
pinz/backend/trip-service/pkg/proto/trip.pb.go:1170.2,1170.11 1 0
pinz/backend/trip-service/pkg/proto/trip.pb.go:1173.53,1174.14 1 0
pinz/backend/trip-service/pkg/proto/trip.pb.go:1174.14,1176.3 1 0
pinz/backend/trip-service/pkg/proto/trip.pb.go:1177.2,1177.14 1 0
pinz/backend/trip-service/pkg/proto/trip.pb.go:1180.51,1181.14 1 0
pinz/backend/trip-service/pkg/proto/trip.pb.go:1181.14,1183.3 1 0
pinz/backend/trip-service/pkg/proto/trip.pb.go:1184.2,1184.12 1 0
pinz/backend/trip-service/pkg/proto/trip.pb.go:1194.39,1199.2 4 0
pinz/backend/trip-service/pkg/proto/trip.pb.go:1201.47,1203.2 1 0
pinz/backend/trip-service/pkg/proto/trip.pb.go:1205.45,1205.46 0 0
pinz/backend/trip-service/pkg/proto/trip.pb.go:1207.67,1209.14 2 0
pinz/backend/trip-service/pkg/proto/trip.pb.go:1209.14,1211.34 2 0
pinz/backend/trip-service/pkg/proto/trip.pb.go:1211.34,1213.4 1 0
pinz/backend/trip-service/pkg/proto/trip.pb.go:1214.3,1214.12 1 0
pinz/backend/trip-service/pkg/proto/trip.pb.go:1216.2,1216.24 1 0
pinz/backend/trip-service/pkg/proto/trip.pb.go:1220.58,1222.2 1 0
pinz/backend/trip-service/pkg/proto/trip.pb.go:1224.47,1225.14 1 0
pinz/backend/trip-service/pkg/proto/trip.pb.go:1225.14,1227.3 1 0
pinz/backend/trip-service/pkg/proto/trip.pb.go:1228.2,1228.12 1 0
pinz/backend/trip-service/pkg/proto/trip.pb.go:1240.47,1245.2 4 0
pinz/backend/trip-service/pkg/proto/trip.pb.go:1247.55,1249.2 1 0
pinz/backend/trip-service/pkg/proto/trip.pb.go:1251.53,1251.54 0 0
pinz/backend/trip-service/pkg/proto/trip.pb.go:1253.75,1255.14 2 0
pinz/backend/trip-service/pkg/proto/trip.pb.go:1255.14,1257.34 2 0
pinz/backend/trip-service/pkg/proto/trip.pb.go:1257.34,1259.4 1 0
pinz/backend/trip-service/pkg/proto/trip.pb.go:1260.3,1260.12 1 0
pinz/backend/trip-service/pkg/proto/trip.pb.go:1262.2,1262.24 1 0
pinz/backend/trip-service/pkg/proto/trip.pb.go:1266.66,1268.2 1 0
pinz/backend/trip-service/pkg/proto/trip.pb.go:1270.58,1271.14 1 0
pinz/backend/trip-service/pkg/proto/trip.pb.go:1271.14,1273.3 1 0
pinz/backend/trip-service/pkg/proto/trip.pb.go:1274.2,1274.11 1 0
pinz/backend/trip-service/pkg/proto/trip.pb.go:1277.63,1278.14 1 0
pinz/backend/trip-service/pkg/proto/trip.pb.go:1278.14,1280.3 1 0
pinz/backend/trip-service/pkg/proto/trip.pb.go:1281.2,1281.12 1 0
pinz/backend/trip-service/pkg/proto/trip.pb.go:1295.29,1300.2 4 0
pinz/backend/trip-service/pkg/proto/trip.pb.go:1302.37,1304.2 1 0
pinz/backend/trip-service/pkg/proto/trip.pb.go:1306.35,1306.36 0 0
pinz/backend/trip-service/pkg/proto/trip.pb.go:1308.57,1310.14 2 0
pinz/backend/trip-service/pkg/proto/trip.pb.go:1310.14,1312.34 2 0
pinz/backend/trip-service/pkg/proto/trip.pb.go:1312.34,1314.4 1 0
pinz/backend/trip-service/pkg/proto/trip.pb.go:1315.3,1315.12 1 0
pinz/backend/trip-service/pkg/proto/trip.pb.go:1317.2,1317.24 1 0
pinz/backend/trip-service/pkg/proto/trip.pb.go:1321.48,1323.2 1 0
pinz/backend/trip-service/pkg/proto/trip.pb.go:1325.39,1326.14 1 0
pinz/backend/trip-service/pkg/proto/trip.pb.go:1326.14,1328.3 1 0
pinz/backend/trip-service/pkg/proto/trip.pb.go:1329.2,1329.11 1 0
pinz/backend/trip-service/pkg/proto/trip.pb.go:1332.43,1333.14 1 0
pinz/backend/trip-service/pkg/proto/trip.pb.go:1333.14,1335.3 1 0
pinz/backend/trip-service/pkg/proto/trip.pb.go:1336.2,1336.11 1 0
pinz/backend/trip-service/pkg/proto/trip.pb.go:1339.47,1340.14 1 0
pinz/backend/trip-service/pkg/proto/trip.pb.go:1340.14,1342.3 1 0
pinz/backend/trip-service/pkg/proto/trip.pb.go:1343.2,1343.10 1 0
pinz/backend/trip-service/pkg/proto/trip.pb.go:1346.43,1347.35 1 0
pinz/backend/trip-service/pkg/proto/trip.pb.go:1347.35,1349.3 1 0
pinz/backend/trip-service/pkg/proto/trip.pb.go:1350.2,1350.10 1 0
pinz/backend/trip-service/pkg/proto/trip.pb.go:1353.44,1354.36 1 0
pinz/backend/trip-service/pkg/proto/trip.pb.go:1354.36,1356.3 1 0
pinz/backend/trip-service/pkg/proto/trip.pb.go:1357.2,1357.10 1 0
pinz/backend/trip-service/pkg/proto/trip.pb.go:1369.48,1374.2 4 0
pinz/backend/trip-service/pkg/proto/trip.pb.go:1376.56,1378.2 1 0
pinz/backend/trip-service/pkg/proto/trip.pb.go:1380.54,1380.55 0 0
pinz/backend/trip-service/pkg/proto/trip.pb.go:1382.76,1384.14 2 0
pinz/backend/trip-service/pkg/proto/trip.pb.go:1384.14,1386.34 2 0
pinz/backend/trip-service/pkg/proto/trip.pb.go:1386.34,1388.4 1 0
pinz/backend/trip-service/pkg/proto/trip.pb.go:1389.3,1389.12 1 0
pinz/backend/trip-service/pkg/proto/trip.pb.go:1391.2,1391.24 1 0
pinz/backend/trip-service/pkg/proto/trip.pb.go:1395.67,1397.2 1 0
pinz/backend/trip-service/pkg/proto/trip.pb.go:1399.59,1400.14 1 0
pinz/backend/trip-service/pkg/proto/trip.pb.go:1400.14,1402.3 1 0
pinz/backend/trip-service/pkg/proto/trip.pb.go:1403.2,1403.11 1 0
pinz/backend/trip-service/pkg/proto/trip.pb.go:1406.59,1407.14 1 0
pinz/backend/trip-service/pkg/proto/trip.pb.go:1407.14,1409.3 1 0
pinz/backend/trip-service/pkg/proto/trip.pb.go:1410.2,1410.11 1 0
pinz/backend/trip-service/pkg/proto/trip.pb.go:1413.67,1414.14 1 0
pinz/backend/trip-service/pkg/proto/trip.pb.go:1414.14,1416.3 1 0
pinz/backend/trip-service/pkg/proto/trip.pb.go:1417.2,1417.12 1 0
pinz/backend/trip-service/pkg/proto/trip.pb.go:1428.28,1433.2 4 0
pinz/backend/trip-service/pkg/proto/trip.pb.go:1435.36,1437.2 1 0
pinz/backend/trip-service/pkg/proto/trip.pb.go:1439.34,1439.35 0 0
pinz/backend/trip-service/pkg/proto/trip.pb.go:1441.56,1443.14 2 0
pinz/backend/trip-service/pkg/proto/trip.pb.go:1443.14,1445.34 2 0
pinz/backend/trip-service/pkg/proto/trip.pb.go:1445.34,1447.4 1 0
pinz/backend/trip-service/pkg/proto/trip.pb.go:1448.3,1448.12 1 0
pinz/backend/trip-service/pkg/proto/trip.pb.go:1450.2,1450.24 1 0
pinz/backend/trip-service/pkg/proto/trip.pb.go:1454.47,1456.2 1 0
pinz/backend/trip-service/pkg/proto/trip.pb.go:1458.43,1459.14 1 0
pinz/backend/trip-service/pkg/proto/trip.pb.go:1459.14,1461.3 1 0
pinz/backend/trip-service/pkg/proto/trip.pb.go:1462.2,1462.11 1 0
pinz/backend/trip-service/pkg/proto/trip.pb.go:1465.48,1466.14 1 0
pinz/backend/trip-service/pkg/proto/trip.pb.go:1466.14,1468.3 1 0
pinz/backend/trip-service/pkg/proto/trip.pb.go:1469.2,1469.12 1 0
pinz/backend/trip-service/pkg/proto/trip.pb.go:1481.33,1486.2 4 0
pinz/backend/trip-service/pkg/proto/trip.pb.go:1488.41,1490.2 1 0
pinz/backend/trip-service/pkg/proto/trip.pb.go:1492.39,1492.40 0 0
pinz/backend/trip-service/pkg/proto/trip.pb.go:1494.61,1496.14 2 0
pinz/backend/trip-service/pkg/proto/trip.pb.go:1496.14,1498.34 2 0
pinz/backend/trip-service/pkg/proto/trip.pb.go:1498.34,1500.4 1 0
pinz/backend/trip-service/pkg/proto/trip.pb.go:1501.3,1501.12 1 0
pinz/backend/trip-service/pkg/proto/trip.pb.go:1503.2,1503.24 1 0
pinz/backend/trip-service/pkg/proto/trip.pb.go:1507.52,1509.2 1 0
pinz/backend/trip-service/pkg/proto/trip.pb.go:1511.45,1512.14 1 0
pinz/backend/trip-service/pkg/proto/trip.pb.go:1512.14,1514.3 1 0
pinz/backend/trip-service/pkg/proto/trip.pb.go:1515.2,1515.11 1 0
[...]
pinz/backend/trip-service/internal/services/trip_service.go:614.27,616.4 1 0
pinz/backend/trip-service/internal/services/trip_service.go:617.3,617.65 1 0
pinz/backend/trip-service/internal/services/trip_service.go:619.2,620.32 2 0
pinz/backend/trip-service/internal/services/trip_service.go:620.32,622.3 1 0
pinz/backend/trip-service/internal/services/trip_service.go:623.2,623.60 1 0
pinz/backend/trip-service/internal/services/trip_service.go:623.60,625.3 1 0
pinz/backend/trip-service/internal/services/trip_service.go:626.2,628.35 3 0
pinz/backend/trip-service/internal/services/trip_service.go:628.35,629.34 1 0
pinz/backend/trip-service/internal/services/trip_service.go:629.34,631.4 1 0
pinz/backend/trip-service/internal/services/trip_service.go:633.2,633.49 1 0
pinz/backend/trip-service/internal/services/trip_service.go:633.49,635.3 1 0
pinz/backend/trip-service/internal/services/trip_service.go:636.2,636.41 1 0
pinz/backend/trip-service/internal/services/trip_service.go:636.41,638.3 1 0
pinz/backend/trip-service/internal/services/trip_service.go:640.2,640.38 1 0
pinz/backend/trip-service/internal/services/trip_service.go:640.38,648.31 2 0
pinz/backend/trip-service/internal/services/trip_service.go:648.31,651.4 2 0
pinz/backend/trip-service/internal/services/trip_service.go:652.3,652.52 1 0
pinz/backend/trip-service/internal/services/trip_service.go:652.52,656.4 3 0
pinz/backend/trip-service/internal/services/trip_service.go:657.3,657.51 1 0
pinz/backend/trip-service/internal/services/trip_service.go:657.51,659.4 1 0
pinz/backend/trip-service/internal/services/trip_service.go:662.2,663.78 2 0
pinz/backend/trip-service/internal/services/trip_service.go:663.78,665.3 1 0
pinz/backend/trip-service/internal/services/trip_service.go:667.2,669.30 3 0
pinz/backend/trip-service/internal/services/trip_service.go:669.30,671.3 1 0
pinz/backend/trip-service/internal/services/trip_service.go:672.2,673.34 2 0
pinz/backend/trip-service/internal/services/trip_service.go:673.34,675.46 2 0
pinz/backend/trip-service/internal/services/trip_service.go:675.46,676.86 1 0
pinz/backend/trip-service/internal/services/trip_service.go:676.86,678.5 1 0
pinz/backend/trip-service/internal/services/trip_service.go:680.3,681.33 2 0
pinz/backend/trip-service/internal/services/trip_service.go:681.33,683.16 2 0
pinz/backend/trip-service/internal/services/trip_service.go:683.16,684.13 1 0
pinz/backend/trip-service/internal/services/trip_service.go:686.4,690.6 1 0
pinz/backend/trip-service/internal/services/trip_service.go:692.3,692.34 1 0
pinz/backend/trip-service/internal/services/trip_service.go:694.2,698.8 1 0
pinz/backend/trip-service/internal/services/trip_service.go:701.147,703.9 2 0
pinz/backend/trip-service/internal/services/trip_service.go:703.9,705.3 1 0
pinz/backend/trip-service/internal/services/trip_service.go:706.2,707.18 2 0
pinz/backend/trip-service/internal/services/trip_service.go:707.18,709.3 1 0
pinz/backend/trip-service/internal/services/trip_service.go:710.2,711.32 2 0
pinz/backend/trip-service/internal/services/trip_service.go:711.32,713.3 1 0
pinz/backend/trip-service/internal/services/trip_service.go:714.2,715.16 2 0
pinz/backend/trip-service/internal/services/trip_service.go:715.16,716.27 1 0
pinz/backend/trip-service/internal/services/trip_service.go:716.27,718.4 1 0
pinz/backend/trip-service/internal/services/trip_service.go:719.3,719.65 1 0
pinz/backend/trip-service/internal/services/trip_service.go:721.2,721.44 1 0
pinz/backend/trip-service/internal/services/trip_service.go:721.44,723.3 1 0
pinz/backend/trip-service/internal/services/trip_service.go:725.2,725.39 1 0
pinz/backend/trip-service/internal/services/trip_service.go:725.39,726.75 1 0
pinz/backend/trip-service/internal/services/trip_service.go:726.75,728.4 1 0
pinz/backend/trip-service/internal/services/trip_service.go:731.2,731.40 1 0
pinz/backend/trip-service/internal/services/trip_service.go:731.40,732.33 1 0
pinz/backend/trip-service/internal/services/trip_service.go:732.33,733.12 1 0
pinz/backend/trip-service/internal/services/trip_service.go:735.3,743.47 2 0
pinz/backend/trip-service/internal/services/trip_service.go:743.47,745.4 1 0
pinz/backend/trip-service/internal/services/trip_service.go:746.3,746.80 1 0
pinz/backend/trip-service/internal/services/trip_service.go:746.80,748.4 1 0
pinz/backend/trip-service/internal/services/trip_service.go:750.3,750.60 1 0
pinz/backend/trip-service/internal/services/trip_service.go:753.2,753.67 1 0
pinz/backend/trip-service/internal/services/trip_service.go:753.67,755.3 1 0
pinz/backend/trip-service/internal/services/trip_service.go:756.2,756.24 1 0
pinz/backend/trip-service/internal/services/trip_service.go:756.24,758.3 1 0
pinz/backend/trip-service/internal/services/trip_service.go:759.2,762.8 1 0
pinz/backend/trip-service/internal/services/trip_service.go:765.123,767.9 2 0
pinz/backend/trip-service/internal/services/trip_service.go:767.9,769.3 1 0
pinz/backend/trip-service/internal/services/trip_service.go:770.2,771.18 2 0
pinz/backend/trip-service/internal/services/trip_service.go:771.18,773.3 1 0
pinz/backend/trip-service/internal/services/trip_service.go:774.2,775.32 2 0
pinz/backend/trip-service/internal/services/trip_service.go:775.32,777.3 1 0
pinz/backend/trip-service/internal/services/trip_service.go:778.2,779.16 2 0
pinz/backend/trip-service/internal/services/trip_service.go:779.16,780.27 1 0
pinz/backend/trip-service/internal/services/trip_service.go:780.27,782.4 1 0
pinz/backend/trip-service/internal/services/trip_service.go:783.3,783.65 1 0
pinz/backend/trip-service/internal/services/trip_service.go:785.2,785.72 1 0
pinz/backend/trip-service/internal/services/trip_service.go:785.72,787.3 1 0
pinz/backend/trip-service/internal/services/trip_service.go:788.2,789.16 2 0
pinz/backend/trip-service/internal/services/trip_service.go:789.16,791.3 1 0
pinz/backend/trip-service/internal/services/trip_service.go:792.2,796.30 4 0
pinz/backend/trip-service/internal/services/trip_service.go:796.30,797.30 1 0
pinz/backend/trip-service/internal/services/trip_service.go:797.30,799.4 1 0
pinz/backend/trip-service/internal/services/trip_service.go:801.2,802.35 2 0
pinz/backend/trip-service/internal/services/trip_service.go:802.35,803.20 1 0
pinz/backend/trip-service/internal/services/trip_service.go:803.20,805.4 1 0
pinz/backend/trip-service/internal/services/trip_service.go:807.2,808.27 2 0
pinz/backend/trip-service/internal/services/trip_service.go:808.27,810.31 2 0
pinz/backend/trip-service/internal/services/trip_service.go:810.31,811.44 1 0
pinz/backend/trip-service/internal/services/trip_service.go:811.44,813.5 1 0
pinz/backend/trip-service/internal/services/trip_service.go:815.3,816.50 2 0
pinz/backend/trip-service/internal/services/trip_service.go:816.50,818.4 1 0
pinz/backend/trip-service/internal/services/trip_service.go:819.3,819.49 1 0
pinz/backend/trip-service/internal/services/trip_service.go:819.49,821.4 1 0
pinz/backend/trip-service/internal/services/trip_service.go:822.3,823.18 2 0
pinz/backend/trip-service/internal/services/trip_service.go:823.18,825.4 1 0
pinz/backend/trip-service/internal/services/trip_service.go:826.3,827.30 2 0
pinz/backend/trip-service/internal/services/trip_service.go:827.30,833.4 1 0
pinz/backend/trip-service/internal/services/trip_service.go:834.3,835.27 2 0
pinz/backend/trip-service/internal/services/trip_service.go:835.27,837.4 1 0
pinz/backend/trip-service/internal/services/trip_service.go:838.3,838.25 1 0
pinz/backend/trip-service/internal/services/trip_service.go:838.25,840.4 1 0
pinz/backend/trip-service/internal/services/trip_service.go:841.3,852.26 2 0
pinz/backend/trip-service/internal/services/trip_service.go:852.26,854.4 1 0
pinz/backend/trip-service/internal/services/trip_service.go:855.3,855.27 1 0
pinz/backend/trip-service/internal/services/trip_service.go:855.27,857.4 1 0
pinz/backend/trip-service/internal/services/trip_service.go:858.3,858.34 1 0
pinz/backend/trip-service/internal/services/trip_service.go:860.2,865.8 1 0
pinz/backend/trip-service/internal/services/trip_service.go:868.120,870.9 2 0
pinz/backend/trip-service/internal/services/trip_service.go:870.9,872.3 1 0
pinz/backend/trip-service/internal/services/trip_service.go:873.2,874.18 2 0
pinz/backend/trip-service/internal/services/trip_service.go:874.18,876.3 1 0
pinz/backend/trip-service/internal/services/trip_service.go:877.2,878.32 2 0
pinz/backend/trip-service/internal/services/trip_service.go:878.32,880.3 1 0
pinz/backend/trip-service/internal/services/trip_service.go:881.2,882.16 2 0
pinz/backend/trip-service/internal/services/trip_service.go:882.16,883.27 1 0
pinz/backend/trip-service/internal/services/trip_service.go:883.27,885.4 1 0
pinz/backend/trip-service/internal/services/trip_service.go:886.3,886.65 1 0
pinz/backend/trip-service/internal/services/trip_service.go:888.2,888.72 1 0
pinz/backend/trip-service/internal/services/trip_service.go:888.72,890.3 1 0
pinz/backend/trip-service/internal/services/trip_service.go:892.2,892.41 1 0
pinz/backend/trip-service/internal/services/trip_service.go:892.41,894.17 2 0
pinz/backend/trip-service/internal/services/trip_service.go:894.17,895.12 1 0
pinz/backend/trip-service/internal/services/trip_service.go:897.3,897.21 1 0
pinz/backend/trip-service/internal/services/trip_service.go:897.21,899.33 2 0
pinz/backend/trip-service/internal/services/trip_service.go:899.33,901.5 1 0
pinz/backend/trip-service/internal/services/trip_service.go:902.4,902.19 1 0
pinz/backend/trip-service/internal/services/trip_service.go:904.3,904.48 1 0
pinz/backend/trip-service/internal/services/trip_service.go:904.48,907.4 2 0
pinz/backend/trip-service/internal/services/trip_service.go:908.3,908.28 1 0
pinz/backend/trip-service/internal/services/trip_service.go:911.2,911.37 1 0
pinz/backend/trip-service/internal/services/trip_service.go:911.37,913.3 1 0
pinz/backend/trip-service/internal/services/trip_service.go:915.2,919.30 5 0
pinz/backend/trip-service/internal/services/trip_service.go:919.30,920.21 1 0
pinz/backend/trip-service/internal/services/trip_service.go:920.21,921.12 1 0
pinz/backend/trip-service/internal/services/trip_service.go:923.3,923.47 1 0
pinz/backend/trip-service/internal/services/trip_service.go:923.47,925.4 1 0
pinz/backend/trip-service/internal/services/trip_service.go:926.3,926.8 1 0
pinz/backend/trip-service/internal/services/trip_service.go:928.2,928.25 1 0
pinz/backend/trip-service/internal/services/trip_service.go:928.25,929.25 1 0
pinz/backend/trip-service/internal/services/trip_service.go:929.25,930.56 1 0
pinz/backend/trip-service/internal/services/trip_service.go:930.56,932.5 1 0
pinz/backend/trip-service/internal/services/trip_service.go:934.3,934.23 1 0
pinz/backend/trip-service/internal/services/trip_service.go:934.23,935.49 1 0
pinz/backend/trip-service/internal/services/trip_service.go:935.49,937.5 1 0
pinz/backend/trip-service/internal/services/trip_service.go:940.2,944.62 5 0
pinz/backend/trip-service/internal/services/trip_service.go:944.62,946.3 1 0
pinz/backend/trip-service/internal/services/trip_service.go:947.2,951.8 1 0
pinz/backend/trip-service/internal/services/trip_service.go:958.117,960.9 2 0
pinz/backend/trip-service/internal/services/trip_service.go:960.9,962.3 1 0
pinz/backend/trip-service/internal/services/trip_service.go:963.2,964.18 2 0
pinz/backend/trip-service/internal/services/trip_service.go:964.18,966.3 1 0
pinz/backend/trip-service/internal/services/trip_service.go:968.2,969.16 2 0
pinz/backend/trip-service/internal/services/trip_service.go:969.16,970.27 1 0
pinz/backend/trip-service/internal/services/trip_service.go:970.27,972.4 1 0
pinz/backend/trip-service/internal/services/trip_service.go:973.3,973.65 1 0
pinz/backend/trip-service/internal/services/trip_service.go:976.2,977.16 2 0
pinz/backend/trip-service/internal/services/trip_service.go:977.16,979.3 1 0
pinz/backend/trip-service/internal/services/trip_service.go:980.2,980.18 1 0
pinz/backend/trip-service/internal/services/trip_service.go:980.18,982.3 1 0
pinz/backend/trip-service/internal/services/trip_service.go:984.2,984.28 1 0
pinz/backend/trip-service/internal/services/trip_service.go:984.28,986.3 1 0
pinz/backend/trip-service/internal/services/trip_service.go:988.2,991.37 3 0
pinz/backend/trip-service/internal/services/trip_service.go:991.37,993.3 1 0
pinz/backend/trip-service/internal/services/trip_service.go:994.2,994.39 1 0
pinz/backend/trip-service/internal/services/trip_service.go:994.39,996.3 1 0
pinz/backend/trip-service/internal/services/trip_service.go:999.2,1000.16 2 0
pinz/backend/trip-service/internal/services/trip_service.go:1000.16,1002.3 1 0
pinz/backend/trip-service/internal/services/trip_service.go:1003.2,1004.25 2 0
pinz/backend/trip-service/internal/services/trip_service.go:1004.25,1006.3 1 0
pinz/backend/trip-service/internal/services/trip_service.go:1009.2,1009.25 1 0
pinz/backend/trip-service/internal/services/trip_service.go:1009.25,1012.3 2 0
pinz/backend/trip-service/internal/services/trip_service.go:1014.2,1014.18 1 0
pinz/backend/trip-service/internal/services/trip_service.go:1014.18,1015.26 1 0
pinz/backend/trip-service/internal/services/trip_service.go:1015.26,1018.4 2 0
pinz/backend/trip-service/internal/services/trip_service.go:1019.8,1020.29 1 0
pinz/backend/trip-service/internal/services/trip_service.go:1020.29,1022.11 2 0
pinz/backend/trip-service/internal/services/trip_service.go:1022.11,1024.5 1 0
pinz/backend/trip-service/internal/services/trip_service.go:1025.4,1026.27 2 0
pinz/backend/trip-service/internal/services/trip_service.go:1030.2,1031.23 2 0
pinz/backend/trip-service/internal/services/trip_service.go:1031.23,1033.49 2 0
pinz/backend/trip-service/internal/services/trip_service.go:1033.49,1035.4 1 0
pinz/backend/trip-service/internal/services/trip_service.go:1038.2,1038.41 1 0
pinz/backend/trip-service/internal/services/trip_service.go:1038.41,1040.3 1 0
pinz/backend/trip-service/internal/services/trip_service.go:1042.2,1043.16 2 0
pinz/backend/trip-service/internal/services/trip_service.go:1043.16,1045.3 1 0
pinz/backend/trip-service/internal/services/trip_service.go:1046.2,1046.65 1 0
pinz/backend/trip-service/internal/services/trip_service.go:1050.138,1052.9 2 0
pinz/backend/trip-service/internal/services/trip_service.go:1052.9,1054.3 1 0
pinz/backend/trip-service/internal/services/trip_service.go:1055.2,1056.18 2 0
pinz/backend/trip-service/internal/services/trip_service.go:1056.18,1058.3 1 0
pinz/backend/trip-service/internal/services/trip_service.go:1059.2,1060.32 2 0
pinz/backend/trip-service/internal/services/trip_service.go:1060.32,1062.3 1 0
pinz/backend/trip-service/internal/services/trip_service.go:1063.2,1064.106 2 0
pinz/backend/trip-service/internal/services/trip_service.go:1064.106,1066.3 1 0
pinz/backend/trip-service/internal/services/trip_service.go:1067.2,1067.59 1 0
pinz/backend/trip-service/internal/services/trip_service.go:1071.108,1073.9 2 0
pinz/backend/trip-service/internal/services/trip_service.go:1073.9,1075.3 1 0
pinz/backend/trip-service/internal/services/trip_service.go:1076.2,1077.31 2 0
pinz/backend/trip-service/internal/services/trip_service.go:1077.31,1079.3 1 0
pinz/backend/trip-service/internal/services/trip_service.go:1080.2,1081.16 2 0
pinz/backend/trip-service/internal/services/trip_service.go:1081.16,1083.3 1 0
pinz/backend/trip-service/internal/services/trip_service.go:1084.2,1085.44 2 0
pinz/backend/trip-service/internal/services/trip_service.go:1085.44,1087.3 1 0
pinz/backend/trip-service/internal/services/trip_service.go:1088.2,1089.30 2 0
pinz/backend/trip-service/internal/services/trip_service.go:1089.30,1092.3 2 0
pinz/backend/trip-service/internal/services/trip_service.go:1093.2,1094.16 2 0
pinz/backend/trip-service/internal/services/trip_service.go:1094.16,1096.3 1 0
pinz/backend/trip-service/internal/services/trip_service.go:1097.2,1098.26 2 0
pinz/backend/trip-service/internal/services/trip_service.go:1098.26,1100.3 1 0
pinz/backend/trip-service/internal/services/trip_service.go:1101.2,1101.46 1 0
pinz/backend/trip-service/internal/services/trip_service.go:1105.108,1107.9 2 0
pinz/backend/trip-service/internal/services/trip_service.go:1107.9,1109.3 1 0
pinz/backend/trip-service/internal/services/trip_service.go:1110.2,1111.18 2 0
pinz/backend/trip-service/internal/services/trip_service.go:1111.18,1113.3 1 0
pinz/backend/trip-service/internal/services/trip_service.go:1114.2,1115.31 2 0
pinz/backend/trip-service/internal/services/trip_service.go:1115.31,1117.3 1 0
pinz/backend/trip-service/internal/services/trip_service.go:1118.2,1118.23 1 0
pinz/backend/trip-service/internal/services/trip_service.go:1118.23,1120.3 1 0
pinz/backend/trip-service/internal/services/trip_service.go:1121.2,1121.73 1 0
pinz/backend/trip-service/internal/services/trip_service.go:1121.73,1123.3 1 0
pinz/backend/trip-service/internal/services/trip_service.go:1124.2,1124.49 1 0
pinz/backend/trip-service/internal/services/trip_service.go:1128.117,1130.9 2 0
pinz/backend/trip-service/internal/services/trip_service.go:1130.9,1132.3 1 0
pinz/backend/trip-service/internal/services/trip_service.go:1133.2,1134.18 2 0
pinz/backend/trip-service/internal/services/trip_service.go:1134.18,1136.3 1 0
pinz/backend/trip-service/internal/services/trip_service.go:1137.2,1138.31 2 0
pinz/backend/trip-service/internal/services/trip_service.go:1138.31,1140.3 1 0
pinz/backend/trip-service/internal/services/trip_service.go:1141.2,1141.23 1 0
pinz/backend/trip-service/internal/services/trip_service.go:1141.23,1143.3 1 0
pinz/backend/trip-service/internal/services/trip_service.go:1144.2,1144.76 1 0
pinz/backend/trip-service/internal/services/trip_service.go:1144.76,1146.3 1 0
pinz/backend/trip-service/internal/services/trip_service.go:1147.2,1147.52 1 0
pinz/backend/trip-service/internal/services/trip_service.go:1151.129,1153.9 2 0
pinz/backend/trip-service/internal/services/trip_service.go:1153.9,1155.3 1 0
pinz/backend/trip-service/internal/services/trip_service.go:1156.2,1157.18 2 0
pinz/backend/trip-service/internal/services/trip_service.go:1157.18,1159.3 1 0
pinz/backend/trip-service/internal/services/trip_service.go:1160.2,1161.31 2 0
pinz/backend/trip-service/internal/services/trip_service.go:1161.31,1163.3 1 0
pinz/backend/trip-service/internal/services/trip_service.go:1164.2,1164.23 1 0
pinz/backend/trip-service/internal/services/trip_service.go:1164.23,1166.3 1 0
pinz/backend/trip-service/internal/services/trip_service.go:1167.2,1167.60 1 0
pinz/backend/trip-service/internal/services/trip_service.go:1167.60,1169.3 1 0
pinz/backend/trip-service/internal/services/trip_service.go:1170.2,1170.56 1 0
pinz/backend/trip-service/internal/services/trip_service.go:1174.144,1176.9 2 0
pinz/backend/trip-service/internal/services/trip_service.go:1176.9,1178.3 1 0
pinz/backend/trip-service/internal/services/trip_service.go:1179.2,1180.18 2 0
pinz/backend/trip-service/internal/services/trip_service.go:1180.18,1182.3 1 0
pinz/backend/trip-service/internal/services/trip_service.go:1183.2,1183.63 1 0
pinz/backend/trip-service/internal/services/trip_service.go:1183.63,1184.27 1 0
pinz/backend/trip-service/internal/services/trip_service.go:1184.27,1186.4 1 0
pinz/backend/trip-service/internal/services/trip_service.go:1187.3,1187.79 1 0
pinz/backend/trip-service/internal/services/trip_service.go:1189.2,1189.61 1 0
pinz/backend/trip-service/internal/services/trip_service.go:1192.43,1210.24 2 1
pinz/backend/trip-service/internal/services/trip_service.go:1210.24,1212.3 1 1
pinz/backend/trip-service/internal/services/trip_service.go:1213.2,1213.22 1 1
pinz/backend/trip-service/internal/services/trip_service.go:1213.22,1215.3 1 1
pinz/backend/trip-service/internal/services/trip_service.go:1216.2,1216.12 1 1
pinz/backend/trip-service/internal/services/validation.go:32.42,32.66 1 1
pinz/backend/trip-service/internal/services/validation.go:33.42,33.63 1 1
pinz/backend/trip-service/internal/services/validation.go:34.42,34.69 1 1
