mode: set
pinz/backend/auth-service/internal/repositories/credential_repository.go:19.64,21.2 1 0
pinz/backend/auth-service/internal/repositories/credential_repository.go:24.97,26.16 2 0
pinz/backend/auth-service/internal/repositories/credential_repository.go:26.16,28.3 1 0
pinz/backend/auth-service/internal/repositories/credential_repository.go:29.2,30.16 2 0
pinz/backend/auth-service/internal/repositories/credential_repository.go:30.16,32.3 1 0
pinz/backend/auth-service/internal/repositories/credential_repository.go:33.2,37.4 1 0
pinz/backend/auth-service/internal/repositories/credential_repository.go:41.101,43.16 2 0
pinz/backend/auth-service/internal/repositories/credential_repository.go:43.16,45.3 1 0
pinz/backend/auth-service/internal/repositories/credential_repository.go:46.2,47.16 2 0
pinz/backend/auth-service/internal/repositories/credential_repository.go:47.16,49.3 1 0
pinz/backend/auth-service/internal/repositories/credential_repository.go:50.2,51.28 2 0
pinz/backend/auth-service/internal/repositories/credential_repository.go:51.28,53.50 2 0
pinz/backend/auth-service/internal/repositories/credential_repository.go:53.50,55.4 1 0
pinz/backend/auth-service/internal/repositories/credential_repository.go:56.3,56.27 1 0
pinz/backend/auth-service/internal/repositories/credential_repository.go:58.2,58.19 1 0
pinz/backend/auth-service/internal/repositories/credential_repository.go:62.82,64.16 2 0
pinz/backend/auth-service/internal/repositories/credential_repository.go:64.16,66.3 1 0
pinz/backend/auth-service/internal/repositories/credential_repository.go:67.2,71.16 2 0
pinz/backend/auth-service/internal/repositories/credential_repository.go:71.16,73.3 1 0
pinz/backend/auth-service/internal/repositories/credential_repository.go:74.2,74.12 1 0
pinz/backend/auth-service/internal/repositories/credential_repository.go:74.12,76.3 1 0
pinz/backend/auth-service/internal/repositories/credential_repository.go:77.2,77.12 1 0
pinz/backend/auth-service/internal/repositories/desired_place_repository.go:18.68,20.2 1 0
pinz/backend/auth-service/internal/repositories/desired_place_repository.go:22.95,24.16 2 0
pinz/backend/auth-service/internal/repositories/desired_place_repository.go:24.16,26.3 1 0
pinz/backend/auth-service/internal/repositories/desired_place_repository.go:27.2,28.16 2 0
pinz/backend/auth-service/internal/repositories/desired_place_repository.go:28.16,30.3 1 0
pinz/backend/auth-service/internal/repositories/desired_place_repository.go:31.2,38.16 2 0
pinz/backend/auth-service/internal/repositories/desired_place_repository.go:38.16,40.3 1 0
pinz/backend/auth-service/internal/repositories/desired_place_repository.go:41.2,41.39 1 0
pinz/backend/auth-service/internal/repositories/desired_place_repository.go:44.88,46.16 2 0
pinz/backend/auth-service/internal/repositories/desired_place_repository.go:46.16,48.3 1 0
pinz/backend/auth-service/internal/repositories/desired_place_repository.go:49.2,50.16 2 0
pinz/backend/auth-service/internal/repositories/desired_place_repository.go:50.16,51.36 1 0
pinz/backend/auth-service/internal/repositories/desired_place_repository.go:51.36,53.4 1 0
pinz/backend/auth-service/internal/repositories/desired_place_repository.go:54.3,54.18 1 0
pinz/backend/auth-service/internal/repositories/desired_place_repository.go:56.2,56.39 1 0
pinz/backend/auth-service/internal/repositories/desired_place_repository.go:59.94,61.16 2 0
pinz/backend/auth-service/internal/repositories/desired_place_repository.go:61.16,63.3 1 0
pinz/backend/auth-service/internal/repositories/desired_place_repository.go:64.2,65.16 2 0
pinz/backend/auth-service/internal/repositories/desired_place_repository.go:65.16,67.3 1 0
pinz/backend/auth-service/internal/repositories/desired_place_repository.go:68.2,69.27 2 0
pinz/backend/auth-service/internal/repositories/desired_place_repository.go:69.27,71.3 1 0
pinz/backend/auth-service/internal/repositories/desired_place_repository.go:72.2,72.17 1 0
pinz/backend/auth-service/internal/repositories/desired_place_repository.go:77.116,79.16 2 0
pinz/backend/auth-service/internal/repositories/desired_place_repository.go:79.16,81.3 1 0
pinz/backend/auth-service/internal/repositories/desired_place_repository.go:82.2,88.16 2 0
pinz/backend/auth-service/internal/repositories/desired_place_repository.go:88.16,90.3 1 0
pinz/backend/auth-service/internal/repositories/desired_place_repository.go:91.2,91.39 1 0
pinz/backend/auth-service/internal/repositories/desired_place_repository.go:95.113,97.16 2 0
pinz/backend/auth-service/internal/repositories/desired_place_repository.go:97.16,99.3 1 0
pinz/backend/auth-service/internal/repositories/desired_place_repository.go:100.2,105.16 2 0
pinz/backend/auth-service/internal/repositories/desired_place_repository.go:105.16,107.3 1 0
pinz/backend/auth-service/internal/repositories/desired_place_repository.go:108.2,108.39 1 0
pinz/backend/auth-service/internal/repositories/desired_place_repository.go:111.91,113.16 2 0
pinz/backend/auth-service/internal/repositories/desired_place_repository.go:113.16,115.3 1 0
pinz/backend/auth-service/internal/repositories/desired_place_repository.go:116.2,117.16 2 0
pinz/backend/auth-service/internal/repositories/desired_place_repository.go:117.16,119.3 1 0
pinz/backend/auth-service/internal/repositories/desired_place_repository.go:120.2,120.39 1 0
pinz/backend/auth-service/internal/repositories/desired_place_repository.go:123.63,125.16 2 0
pinz/backend/auth-service/internal/repositories/desired_place_repository.go:125.16,127.3 1 0
pinz/backend/auth-service/internal/repositories/desired_place_repository.go:128.2,128.57 1 0
pinz/backend/auth-service/internal/repositories/desired_place_repository.go:131.71,139.22 2 0
pinz/backend/auth-service/internal/repositories/desired_place_repository.go:139.22,141.3 1 0
pinz/backend/auth-service/internal/repositories/desired_place_repository.go:142.2,142.12 1 0
pinz/backend/auth-service/internal/repositories/redis_repository.go:18.64,20.2 1 0
pinz/backend/auth-service/internal/repositories/redis_repository.go:22.47,26.16 3 0
pinz/backend/auth-service/internal/repositories/redis_repository.go:26.16,27.43 1 0
pinz/backend/auth-service/internal/repositories/redis_repository.go:27.43,29.18 2 0
pinz/backend/auth-service/internal/repositories/redis_repository.go:29.18,31.5 1 0
pinz/backend/auth-service/internal/repositories/redis_repository.go:32.4,32.33 1 0
pinz/backend/auth-service/internal/repositories/redis_repository.go:33.9,36.4 2 0
pinz/backend/auth-service/internal/repositories/redis_repository.go:37.8,39.3 1 0
pinz/backend/auth-service/internal/repositories/redis_repository.go:41.2,41.64 1 0
pinz/backend/auth-service/internal/repositories/redis_repository.go:41.64,43.3 1 0
pinz/backend/auth-service/internal/repositories/redis_repository.go:45.2,45.60 1 0
pinz/backend/auth-service/internal/repositories/redis_repository.go:45.60,47.3 1 0
pinz/backend/auth-service/internal/repositories/redis_repository.go:48.2,48.60 1 0
pinz/backend/auth-service/internal/repositories/redis_repository.go:48.60,50.3 1 0
pinz/backend/auth-service/internal/repositories/redis_repository.go:52.2,52.20 1 0
pinz/backend/auth-service/internal/repositories/redis_repository.go:55.94,57.2 1 0
pinz/backend/auth-service/internal/repositories/redis_repository.go:59.95,61.2 1 0
pinz/backend/auth-service/internal/repositories/redis_repository.go:63.92,65.2 1 0
pinz/backend/auth-service/internal/repositories/redis_repository.go:67.74,69.2 1 0
pinz/backend/auth-service/internal/repositories/redis_repository.go:71.80,73.2 1 0
pinz/backend/auth-service/internal/repositories/redis_repository.go:75.110,77.2 1 0
pinz/backend/auth-service/internal/repositories/redis_repository.go:79.105,81.2 1 0
pinz/backend/auth-service/internal/repositories/user_repository.go:22.52,24.2 1 0
pinz/backend/auth-service/internal/repositories/user_repository.go:26.77,28.16 2 0
pinz/backend/auth-service/internal/repositories/user_repository.go:28.16,29.36 1 0
pinz/backend/auth-service/internal/repositories/user_repository.go:29.36,31.4 1 0
pinz/backend/auth-service/internal/repositories/user_repository.go:32.3,32.18 1 0
pinz/backend/auth-service/internal/repositories/user_repository.go:34.2,34.29 1 0
pinz/backend/auth-service/internal/repositories/user_repository.go:37.59,39.16 2 0
pinz/backend/auth-service/internal/repositories/user_repository.go:39.16,41.3 1 0
pinz/backend/auth-service/internal/repositories/user_repository.go:42.2,49.16 3 0
pinz/backend/auth-service/internal/repositories/user_repository.go:49.16,51.3 1 0
pinz/backend/auth-service/internal/repositories/user_repository.go:52.2,53.12 2 0
pinz/backend/auth-service/internal/repositories/user_repository.go:56.121,58.16 2 0
pinz/backend/auth-service/internal/repositories/user_repository.go:58.16,60.3 1 0
pinz/backend/auth-service/internal/repositories/user_repository.go:61.2,62.16 2 0
pinz/backend/auth-service/internal/repositories/user_repository.go:62.16,64.3 1 0
pinz/backend/auth-service/internal/repositories/user_repository.go:66.2,67.16 2 0
pinz/backend/auth-service/internal/repositories/user_repository.go:67.16,69.3 1 0
pinz/backend/auth-service/internal/repositories/user_repository.go:70.2,70.15 1 0
pinz/backend/auth-service/internal/repositories/user_repository.go:70.15,70.36 1 0
pinz/backend/auth-service/internal/repositories/user_repository.go:72.2,80.16 4 0
pinz/backend/auth-service/internal/repositories/user_repository.go:80.16,82.3 1 0
pinz/backend/auth-service/internal/repositories/user_repository.go:83.2,87.17 1 0
pinz/backend/auth-service/internal/repositories/user_repository.go:87.17,89.3 1 0
pinz/backend/auth-service/internal/repositories/user_repository.go:90.2,90.36 1 0
pinz/backend/auth-service/internal/repositories/user_repository.go:90.36,92.3 1 0
pinz/backend/auth-service/internal/repositories/user_repository.go:93.2,94.12 2 0
pinz/backend/auth-service/internal/repositories/user_repository.go:97.88,99.16 2 0
pinz/backend/auth-service/internal/repositories/user_repository.go:99.16,101.3 1 0
pinz/backend/auth-service/internal/repositories/user_repository.go:102.2,103.9 2 0
pinz/backend/auth-service/internal/repositories/user_repository.go:103.9,105.3 1 0
pinz/backend/auth-service/internal/repositories/user_repository.go:106.2,110.4 1 0
pinz/backend/auth-service/internal/repositories/user_repository.go:113.86,115.16 2 0
pinz/backend/auth-service/internal/repositories/user_repository.go:115.16,116.36 1 0
pinz/backend/auth-service/internal/repositories/user_repository.go:116.36,118.4 1 0
pinz/backend/auth-service/internal/repositories/user_repository.go:119.3,119.18 1 0
pinz/backend/auth-service/internal/repositories/user_repository.go:121.2,126.8 1 0
pinz/backend/auth-service/internal/repositories/user_repository.go:129.75,131.16 2 0
pinz/backend/auth-service/internal/repositories/user_repository.go:131.16,133.3 1 0
pinz/backend/auth-service/internal/repositories/user_repository.go:134.2,135.16 2 0
pinz/backend/auth-service/internal/repositories/user_repository.go:135.16,136.36 1 0
pinz/backend/auth-service/internal/repositories/user_repository.go:136.36,138.4 1 0
pinz/backend/auth-service/internal/repositories/user_repository.go:139.3,139.18 1 0
pinz/backend/auth-service/internal/repositories/user_repository.go:141.2,141.29 1 0
pinz/backend/auth-service/internal/repositories/user_repository.go:146.82,147.23 1 0
pinz/backend/auth-service/internal/repositories/user_repository.go:147.23,149.3 1 0
pinz/backend/auth-service/internal/repositories/user_repository.go:150.2,151.28 2 0
pinz/backend/auth-service/internal/repositories/user_repository.go:151.28,153.17 2 0
pinz/backend/auth-service/internal/repositories/user_repository.go:153.17,154.12 1 0
pinz/backend/auth-service/internal/repositories/user_repository.go:156.3,156.24 1 0
pinz/backend/auth-service/internal/repositories/user_repository.go:158.2,158.19 1 0
pinz/backend/auth-service/internal/repositories/user_repository.go:158.19,160.3 1 0
pinz/backend/auth-service/internal/repositories/user_repository.go:161.2,162.16 2 0
pinz/backend/auth-service/internal/repositories/user_repository.go:162.16,164.3 1 0
pinz/backend/auth-service/internal/repositories/user_repository.go:165.2,166.25 2 0
pinz/backend/auth-service/internal/repositories/user_repository.go:166.25,168.3 1 0
pinz/backend/auth-service/internal/repositories/user_repository.go:169.2,169.17 1 0
pinz/backend/auth-service/internal/repositories/user_repository.go:172.62,174.16 2 0
pinz/backend/auth-service/internal/repositories/user_repository.go:174.16,176.3 1 0
pinz/backend/auth-service/internal/repositories/user_repository.go:177.2,177.58 1 0
pinz/backend/auth-service/internal/repositories/user_repository.go:180.71,182.16 2 0
pinz/backend/auth-service/internal/repositories/user_repository.go:182.16,184.3 1 0
pinz/backend/auth-service/internal/repositories/user_repository.go:185.2,185.63 1 0
pinz/backend/auth-service/internal/repositories/user_repository.go:188.92,190.16 2 0
pinz/backend/auth-service/internal/repositories/user_repository.go:190.16,192.3 1 0
pinz/backend/auth-service/internal/repositories/user_repository.go:193.2,196.4 1 0
pinz/backend/auth-service/internal/repositories/user_repository.go:199.88,201.16 2 0
pinz/backend/auth-service/internal/repositories/user_repository.go:201.16,203.3 1 0
pinz/backend/auth-service/internal/repositories/user_repository.go:204.2,208.16 2 0
pinz/backend/auth-service/internal/repositories/user_repository.go:208.16,210.3 1 0
pinz/backend/auth-service/internal/repositories/user_repository.go:211.2,211.29 1 0
pinz/backend/auth-service/internal/repositories/user_repository.go:214.82,216.16 2 0
pinz/backend/auth-service/internal/repositories/user_repository.go:216.16,218.3 1 0
pinz/backend/auth-service/internal/repositories/user_repository.go:219.2,223.16 2 0
pinz/backend/auth-service/internal/repositories/user_repository.go:223.16,225.3 1 0
pinz/backend/auth-service/internal/repositories/user_repository.go:226.2,226.29 1 0
pinz/backend/auth-service/internal/repositories/user_repository.go:229.90,231.16 2 0
pinz/backend/auth-service/internal/repositories/user_repository.go:231.16,233.3 1 0
pinz/backend/auth-service/internal/repositories/user_repository.go:234.2,239.16 3 0
pinz/backend/auth-service/internal/repositories/user_repository.go:239.16,241.3 1 0
pinz/backend/auth-service/internal/repositories/user_repository.go:242.2,242.29 1 0
pinz/backend/auth-service/internal/repositories/user_repository.go:245.58,247.16 2 0
pinz/backend/auth-service/internal/repositories/user_repository.go:247.16,249.3 1 0
pinz/backend/auth-service/internal/repositories/user_repository.go:250.2,250.49 1 0
pinz/backend/auth-service/internal/repositories/user_repository.go:253.47,260.23 2 0
pinz/backend/auth-service/internal/repositories/user_repository.go:260.23,262.3 1 0
pinz/backend/auth-service/internal/repositories/user_repository.go:263.2,263.12 1 0
pinz/backend/auth-service/internal/s3/client.go:24.41,25.13 1 0
pinz/backend/auth-service/internal/s3/client.go:25.13,27.3 1 0
pinz/backend/auth-service/internal/s3/client.go:28.2,28.17 1 0
pinz/backend/auth-service/internal/s3/client.go:28.17,30.3 1 0
pinz/backend/auth-service/internal/s3/client.go:31.2,31.22 1 0
pinz/backend/auth-service/internal/s3/client.go:34.135,35.18 1 0
pinz/backend/auth-service/internal/s3/client.go:35.18,37.3 1 0
pinz/backend/auth-service/internal/s3/client.go:38.2,38.40 1 0
pinz/backend/auth-service/internal/s3/client.go:38.40,40.3 1 0
pinz/backend/auth-service/internal/s3/client.go:41.2,41.21 1 0
pinz/backend/auth-service/internal/s3/client.go:41.21,43.3 1 0
pinz/backend/auth-service/internal/s3/client.go:44.2,48.16 2 0
pinz/backend/auth-service/internal/s3/client.go:48.16,51.3 2 0
pinz/backend/auth-service/internal/s3/client.go:52.2,52.57 1 0
pinz/backend/auth-service/internal/s3/client.go:52.57,55.3 2 0
pinz/backend/auth-service/internal/s3/client.go:56.2,68.8 2 0
pinz/backend/auth-service/internal/s3/client.go:71.101,76.23 2 0
pinz/backend/auth-service/internal/s3/client.go:76.23,78.3 1 0
pinz/backend/auth-service/internal/s3/client.go:79.2,79.83 1 0
pinz/backend/auth-service/internal/s3/client.go:79.83,81.3 1 0
pinz/backend/auth-service/internal/s3/client.go:82.2,82.16 1 0
pinz/backend/auth-service/internal/s3/client.go:82.16,85.3 2 0
pinz/backend/auth-service/internal/s3/client.go:86.2,86.21 1 0
pinz/backend/auth-service/internal/s3/client.go:89.77,93.38 1 0
pinz/backend/auth-service/internal/s3/client.go:93.38,95.3 1 0
pinz/backend/auth-service/internal/s3/client.go:96.2,96.16 1 0
pinz/backend/auth-service/internal/s3/client.go:96.16,99.3 2 0
pinz/backend/auth-service/internal/s3/client.go:100.2,100.21 1 0
pinz/backend/auth-service/internal/s3/client.go:103.72,108.16 2 0
pinz/backend/auth-service/internal/s3/client.go:108.16,111.3 2 0
pinz/backend/auth-service/internal/s3/client.go:112.2,112.12 1 0
pinz/backend/auth-service/internal/s3/env.go:20.55,22.18 2 0
pinz/backend/auth-service/internal/s3/env.go:22.18,24.3 1 0
pinz/backend/auth-service/internal/s3/env.go:25.2,27.40 3 0
pinz/backend/auth-service/internal/s3/env.go:27.40,30.3 2 0
pinz/backend/auth-service/internal/s3/env.go:31.2,32.20 2 0
pinz/backend/auth-service/internal/s3/env.go:32.20,34.3 1 0
pinz/backend/auth-service/internal/s3/env.go:35.2,36.18 2 0
pinz/backend/auth-service/internal/s3/env.go:36.18,38.3 1 0
pinz/backend/auth-service/internal/s3/env.go:39.2,40.66 2 0
pinz/backend/auth-service/internal/s3/env.go:40.66,42.17 2 0
pinz/backend/auth-service/internal/s3/env.go:42.17,45.4 2 0
pinz/backend/auth-service/internal/s3/env.go:46.3,46.10 1 0
pinz/backend/auth-service/internal/s3/env.go:48.2,49.16 2 0
pinz/backend/auth-service/internal/s3/env.go:49.16,51.3 1 0
pinz/backend/auth-service/internal/s3/env.go:52.2,52.20 1 0
pinz/backend/auth-service/internal/s3/keys.go:15.25,16.26 1 0
pinz/backend/auth-service/internal/s3/keys.go:16.26,19.14 3 0
pinz/backend/auth-service/internal/s3/keys.go:19.14,22.4 2 0
pinz/backend/auth-service/internal/s3/keys.go:23.3,23.22 1 0
pinz/backend/auth-service/internal/s3/keys.go:25.2,25.18 1 0
pinz/backend/auth-service/internal/s3/keys.go:28.37,30.2 1 0
pinz/backend/auth-service/internal/services/auth_service.go:44.43,44.58 1 0
pinz/backend/auth-service/internal/services/auth_service.go:45.45,45.62 1 0
pinz/backend/auth-service/internal/services/auth_service.go:46.52,46.76 1 0
pinz/backend/auth-service/internal/services/auth_service.go:47.67,47.91 1 0
pinz/backend/auth-service/internal/services/auth_service.go:57.44,57.59 1 0
pinz/backend/auth-service/internal/services/auth_service.go:58.46,58.63 1 0
pinz/backend/auth-service/internal/services/auth_service.go:59.53,59.77 1 0
pinz/backend/auth-service/internal/services/auth_service.go:60.68,60.92 1 0
pinz/backend/auth-service/internal/services/auth_service.go:102.51,103.30 1 0
pinz/backend/auth-service/internal/services/auth_service.go:103.30,103.61 1 0
pinz/backend/auth-service/internal/services/auth_service.go:115.16,142.27 7 0
pinz/backend/auth-service/internal/services/auth_service.go:142.27,144.3 1 0
pinz/backend/auth-service/internal/services/auth_service.go:145.2,145.10 1 0
pinz/backend/auth-service/internal/services/auth_service.go:148.117,153.17 4 0
pinz/backend/auth-service/internal/services/auth_service.go:153.17,155.3 1 0
pinz/backend/auth-service/internal/services/auth_service.go:156.2,156.65 1 0
pinz/backend/auth-service/internal/services/auth_service.go:156.65,158.3 1 0
pinz/backend/auth-service/internal/services/auth_service.go:160.2,161.16 2 0
pinz/backend/auth-service/internal/services/auth_service.go:161.16,164.3 2 0
pinz/backend/auth-service/internal/services/auth_service.go:165.2,165.26 1 0
pinz/backend/auth-service/internal/services/auth_service.go:165.26,168.3 2 0
pinz/backend/auth-service/internal/services/auth_service.go:170.2,177.86 6 0
pinz/backend/auth-service/internal/services/auth_service.go:177.86,180.3 2 0
pinz/backend/auth-service/internal/services/auth_service.go:181.2,181.74 1 0
pinz/backend/auth-service/internal/services/auth_service.go:181.74,183.3 1 0
pinz/backend/auth-service/internal/services/auth_service.go:185.2,189.17 1 0
pinz/backend/auth-service/internal/services/auth_service.go:189.17,191.3 1 0
pinz/backend/auth-service/internal/services/auth_service.go:193.2,193.91 1 0
pinz/backend/auth-service/internal/services/auth_service.go:196.129,204.29 5 0
pinz/backend/auth-service/internal/services/auth_service.go:204.29,206.3 1 0
pinz/backend/auth-service/internal/services/auth_service.go:208.2,210.34 3 0
pinz/backend/auth-service/internal/services/auth_service.go:210.34,212.3 1 0
pinz/backend/auth-service/internal/services/auth_service.go:213.2,213.26 1 0
pinz/backend/auth-service/internal/services/auth_service.go:213.26,216.3 2 0
pinz/backend/auth-service/internal/services/auth_service.go:218.2,220.88 3 0
pinz/backend/auth-service/internal/services/auth_service.go:220.88,222.3 1 0
pinz/backend/auth-service/internal/services/auth_service.go:223.2,225.56 2 0
pinz/backend/auth-service/internal/services/auth_service.go:228.144,236.33 5 0
pinz/backend/auth-service/internal/services/auth_service.go:236.33,238.3 1 0
pinz/backend/auth-service/internal/services/auth_service.go:239.2,239.75 1 0
pinz/backend/auth-service/internal/services/auth_service.go:239.75,241.3 1 0
pinz/backend/auth-service/internal/services/auth_service.go:242.2,242.39 1 0
pinz/backend/auth-service/internal/services/auth_service.go:242.39,244.3 1 0
pinz/backend/auth-service/internal/services/auth_service.go:246.2,247.61 2 0
pinz/backend/auth-service/internal/services/auth_service.go:247.61,249.3 1 0
pinz/backend/auth-service/internal/services/auth_service.go:251.2,262.16 4 0
pinz/backend/auth-service/internal/services/auth_service.go:262.16,265.3 2 0
pinz/backend/auth-service/internal/services/auth_service.go:267.2,273.16 3 0
pinz/backend/auth-service/internal/services/auth_service.go:273.16,275.3 1 0
pinz/backend/auth-service/internal/services/auth_service.go:276.2,277.82 2 0
pinz/backend/auth-service/internal/services/auth_service.go:277.82,279.3 1 0
pinz/backend/auth-service/internal/services/auth_service.go:281.2,284.16 3 0
pinz/backend/auth-service/internal/services/auth_service.go:284.16,286.3 1 0
pinz/backend/auth-service/internal/services/auth_service.go:287.2,287.72 1 0
pinz/backend/auth-service/internal/services/auth_service.go:290.147,298.37 5 0
pinz/backend/auth-service/internal/services/auth_service.go:298.37,300.3 1 0
pinz/backend/auth-service/internal/services/auth_service.go:302.2,304.16 3 0
pinz/backend/auth-service/internal/services/auth_service.go:304.16,306.3 1 0
pinz/backend/auth-service/internal/services/auth_service.go:308.2,310.16 3 0
pinz/backend/auth-service/internal/services/auth_service.go:310.16,312.3 1 0
pinz/backend/auth-service/internal/services/auth_service.go:314.2,315.64 2 0
pinz/backend/auth-service/internal/services/auth_service.go:315.64,317.3 1 0
pinz/backend/auth-service/internal/services/auth_service.go:319.2,320.16 2 0
pinz/backend/auth-service/internal/services/auth_service.go:320.16,322.3 1 0
pinz/backend/auth-service/internal/services/auth_service.go:323.2,330.16 3 0
pinz/backend/auth-service/internal/services/auth_service.go:330.16,332.3 1 0
pinz/backend/auth-service/internal/services/auth_service.go:333.2,334.16 2 0
pinz/backend/auth-service/internal/services/auth_service.go:334.16,336.3 1 0
pinz/backend/auth-service/internal/services/auth_service.go:338.2,343.80 2 0
pinz/backend/auth-service/internal/services/auth_service.go:343.80,344.29 1 0
pinz/backend/auth-service/internal/services/auth_service.go:344.29,347.4 2 0
pinz/backend/auth-service/internal/services/auth_service.go:348.3,350.68 3 0
pinz/backend/auth-service/internal/services/auth_service.go:353.2,357.30 4 0
pinz/backend/auth-service/internal/services/auth_service.go:360.135,367.17 4 0
pinz/backend/auth-service/internal/services/auth_service.go:367.17,369.3 1 0
pinz/backend/auth-service/internal/services/auth_service.go:371.2,372.26 2 0
pinz/backend/auth-service/internal/services/auth_service.go:372.26,374.3 1 0
pinz/backend/auth-service/internal/services/auth_service.go:375.2,375.16 1 0
pinz/backend/auth-service/internal/services/auth_service.go:375.16,378.3 2 0
pinz/backend/auth-service/internal/services/auth_service.go:380.2,381.16 2 0
pinz/backend/auth-service/internal/services/auth_service.go:381.16,384.3 2 0
pinz/backend/auth-service/internal/services/auth_service.go:385.2,385.21 1 0
pinz/backend/auth-service/internal/services/auth_service.go:385.21,387.3 1 0
pinz/backend/auth-service/internal/services/auth_service.go:389.2,390.16 2 0
pinz/backend/auth-service/internal/services/auth_service.go:390.16,392.3 1 0
pinz/backend/auth-service/internal/services/auth_service.go:393.2,401.16 3 0
pinz/backend/auth-service/internal/services/auth_service.go:401.16,404.3 2 0
pinz/backend/auth-service/internal/services/auth_service.go:406.2,408.16 3 0
pinz/backend/auth-service/internal/services/auth_service.go:408.16,410.3 1 0
pinz/backend/auth-service/internal/services/auth_service.go:411.2,412.82 2 0
pinz/backend/auth-service/internal/services/auth_service.go:412.82,414.3 1 0
pinz/backend/auth-service/internal/services/auth_service.go:416.2,417.16 2 0
pinz/backend/auth-service/internal/services/auth_service.go:417.16,419.3 1 0
pinz/backend/auth-service/internal/services/auth_service.go:420.2,420.69 1 0
pinz/backend/auth-service/internal/services/auth_service.go:423.138,431.39 5 0
pinz/backend/auth-service/internal/services/auth_service.go:431.39,433.3 1 0
pinz/backend/auth-service/internal/services/auth_service.go:435.2,436.26 2 0
pinz/backend/auth-service/internal/services/auth_service.go:436.26,442.3 2 0
pinz/backend/auth-service/internal/services/auth_service.go:443.2,443.16 1 0
pinz/backend/auth-service/internal/services/auth_service.go:443.16,446.3 2 0
pinz/backend/auth-service/internal/services/auth_service.go:448.2,450.16 3 0
pinz/backend/auth-service/internal/services/auth_service.go:450.16,452.3 1 0
pinz/backend/auth-service/internal/services/auth_service.go:454.2,455.64 2 0
pinz/backend/auth-service/internal/services/auth_service.go:455.64,457.3 1 0
pinz/backend/auth-service/internal/services/auth_service.go:459.2,460.16 2 0
pinz/backend/auth-service/internal/services/auth_service.go:460.16,463.3 2 0
pinz/backend/auth-service/internal/services/auth_service.go:465.2,466.16 2 0
pinz/backend/auth-service/internal/services/auth_service.go:466.16,468.3 1 0
pinz/backend/auth-service/internal/services/auth_service.go:469.2,477.16 3 0
pinz/backend/auth-service/internal/services/auth_service.go:477.16,479.3 1 0
pinz/backend/auth-service/internal/services/auth_service.go:480.2,481.16 2 0
pinz/backend/auth-service/internal/services/auth_service.go:481.16,487.3 2 0
pinz/backend/auth-service/internal/services/auth_service.go:489.2,489.65 1 0
pinz/backend/auth-service/internal/services/auth_service.go:489.65,491.3 1 0
pinz/backend/auth-service/internal/services/auth_service.go:492.2,501.16 5 0
pinz/backend/auth-service/internal/services/auth_service.go:501.16,503.3 1 0
pinz/backend/auth-service/internal/services/auth_service.go:504.2,507.8 1 0
pinz/backend/auth-service/internal/services/auth_service.go:510.120,515.14 4 0
pinz/backend/auth-service/internal/services/auth_service.go:515.14,517.3 1 0
pinz/backend/auth-service/internal/services/auth_service.go:519.2,520.26 2 0
pinz/backend/auth-service/internal/services/auth_service.go:520.26,522.3 1 0
pinz/backend/auth-service/internal/services/auth_service.go:523.2,523.16 1 0
pinz/backend/auth-service/internal/services/auth_service.go:523.16,526.3 2 0
pinz/backend/auth-service/internal/services/auth_service.go:527.2,527.37 1 0
pinz/backend/auth-service/internal/services/auth_service.go:527.37,529.3 1 0
pinz/backend/auth-service/internal/services/auth_service.go:532.2,532.104 1 0
pinz/backend/auth-service/internal/services/auth_service.go:532.104,535.3 2 0
pinz/backend/auth-service/internal/services/auth_service.go:537.2,538.16 2 0
pinz/backend/auth-service/internal/services/auth_service.go:538.16,541.3 2 0
pinz/backend/auth-service/internal/services/auth_service.go:543.2,544.18 2 0
pinz/backend/auth-service/internal/services/auth_service.go:544.18,546.3 1 0
pinz/backend/auth-service/internal/services/auth_service.go:547.2,548.16 2 0
pinz/backend/auth-service/internal/services/auth_service.go:548.16,550.3 1 0
pinz/backend/auth-service/internal/services/auth_service.go:552.2,553.64 2 0
pinz/backend/auth-service/internal/services/auth_service.go:556.102,561.14 4 0
pinz/backend/auth-service/internal/services/auth_service.go:561.14,563.3 1 0
pinz/backend/auth-service/internal/services/auth_service.go:565.2,566.26 2 0
pinz/backend/auth-service/internal/services/auth_service.go:566.26,568.3 1 0
pinz/backend/auth-service/internal/services/auth_service.go:569.2,569.16 1 0
pinz/backend/auth-service/internal/services/auth_service.go:569.16,572.3 2 0
pinz/backend/auth-service/internal/services/auth_service.go:573.2,573.62 1 0
pinz/backend/auth-service/internal/services/auth_service.go:573.62,576.3 2 0
pinz/backend/auth-service/internal/services/auth_service.go:577.2,577.47 1 0
pinz/backend/auth-service/internal/services/auth_service.go:580.115,585.18 4 0
pinz/backend/auth-service/internal/services/auth_service.go:585.18,587.3 1 0
pinz/backend/auth-service/internal/services/auth_service.go:588.2,589.16 2 0
pinz/backend/auth-service/internal/services/auth_service.go:589.16,591.3 1 0
pinz/backend/auth-service/internal/services/auth_service.go:592.2,593.16 2 0
pinz/backend/auth-service/internal/services/auth_service.go:593.16,595.3 1 0
pinz/backend/auth-service/internal/services/auth_service.go:596.2,597.77 2 0
pinz/backend/auth-service/internal/services/auth_service.go:597.77,600.3 2 0
pinz/backend/auth-service/internal/services/auth_service.go:601.2,604.8 1 0
pinz/backend/auth-service/internal/services/auth_service.go:607.108,613.24 3 0
pinz/backend/auth-service/internal/services/auth_service.go:613.24,615.3 1 0
pinz/backend/auth-service/internal/services/auth_service.go:617.2,618.17 2 0
pinz/backend/auth-service/internal/services/auth_service.go:618.17,620.3 1 0
pinz/backend/auth-service/internal/services/auth_service.go:622.2,623.26 2 0
pinz/backend/auth-service/internal/services/auth_service.go:623.26,625.3 1 0
pinz/backend/auth-service/internal/services/auth_service.go:626.2,626.16 1 0
pinz/backend/auth-service/internal/services/auth_service.go:626.16,629.3 2 0
pinz/backend/auth-service/internal/services/auth_service.go:631.2,637.16 3 0
pinz/backend/auth-service/internal/services/auth_service.go:637.16,639.3 1 0
pinz/backend/auth-service/internal/services/auth_service.go:640.2,643.8 1 0
pinz/backend/auth-service/internal/services/auth_service.go:646.81,648.38 2 0
pinz/backend/auth-service/internal/services/auth_service.go:648.38,650.17 2 0
pinz/backend/auth-service/internal/services/auth_service.go:650.17,652.4 1 0
pinz/backend/auth-service/internal/services/auth_service.go:652.9,654.4 1 0
pinz/backend/auth-service/internal/services/auth_service.go:656.2,662.3 1 0
pinz/backend/auth-service/internal/services/auth_service.go:665.114,670.18 4 0
pinz/backend/auth-service/internal/services/auth_service.go:670.18,672.3 1 0
pinz/backend/auth-service/internal/services/auth_service.go:674.2,675.26 2 0
pinz/backend/auth-service/internal/services/auth_service.go:675.26,677.3 1 0
pinz/backend/auth-service/internal/services/auth_service.go:678.2,678.16 1 0
pinz/backend/auth-service/internal/services/auth_service.go:678.16,681.3 2 0
pinz/backend/auth-service/internal/services/auth_service.go:683.2,683.65 1 0
pinz/backend/auth-service/internal/services/auth_service.go:688.132,693.23 4 0
pinz/backend/auth-service/internal/services/auth_service.go:693.23,695.3 1 0
pinz/backend/auth-service/internal/services/auth_service.go:696.2,697.16 2 0
pinz/backend/auth-service/internal/services/auth_service.go:697.16,700.3 2 0
pinz/backend/auth-service/internal/services/auth_service.go:701.2,702.26 2 0
pinz/backend/auth-service/internal/services/auth_service.go:702.26,704.3 1 0
pinz/backend/auth-service/internal/services/auth_service.go:705.2,706.29 2 0
pinz/backend/auth-service/internal/services/auth_service.go:706.29,708.10 2 0
pinz/backend/auth-service/internal/services/auth_service.go:708.10,710.12 2 0
pinz/backend/auth-service/internal/services/auth_service.go:712.3,713.39 2 0
pinz/backend/auth-service/internal/services/auth_service.go:713.39,714.64 1 0
pinz/backend/auth-service/internal/services/auth_service.go:714.64,716.5 1 0
pinz/backend/auth-service/internal/services/auth_service.go:718.3,723.5 1 0
pinz/backend/auth-service/internal/services/auth_service.go:725.2,725.62 1 0
pinz/backend/auth-service/internal/services/auth_service.go:730.144,735.18 4 0
pinz/backend/auth-service/internal/services/auth_service.go:735.18,737.3 1 0
pinz/backend/auth-service/internal/services/auth_service.go:739.2,740.35 2 0
pinz/backend/auth-service/internal/services/auth_service.go:740.35,742.3 1 0
pinz/backend/auth-service/internal/services/auth_service.go:743.2,743.16 1 0
pinz/backend/auth-service/internal/services/auth_service.go:743.16,746.3 2 0
pinz/backend/auth-service/internal/services/auth_service.go:748.2,749.38 2 0
pinz/backend/auth-service/internal/services/auth_service.go:749.38,750.63 1 0
pinz/backend/auth-service/internal/services/auth_service.go:750.63,752.4 1 0
pinz/backend/auth-service/internal/services/auth_service.go:752.9,754.4 1 0
pinz/backend/auth-service/internal/services/auth_service.go:757.2,758.16 2 0
pinz/backend/auth-service/internal/services/auth_service.go:758.16,760.3 1 0
pinz/backend/auth-service/internal/services/auth_service.go:762.2,770.8 1 0
pinz/backend/auth-service/internal/services/auth_service.go:773.123,779.18 5 0
pinz/backend/auth-service/internal/services/auth_service.go:779.18,781.3 1 0
pinz/backend/auth-service/internal/services/auth_service.go:782.2,782.75 1 0
pinz/backend/auth-service/internal/services/auth_service.go:782.75,784.3 1 0
pinz/backend/auth-service/internal/services/auth_service.go:785.2,785.39 1 0
pinz/backend/auth-service/internal/services/auth_service.go:785.39,787.3 1 0
pinz/backend/auth-service/internal/services/auth_service.go:789.2,790.16 2 0
pinz/backend/auth-service/internal/services/auth_service.go:790.16,793.3 2 0
pinz/backend/auth-service/internal/services/auth_service.go:795.2,795.68 1 0
pinz/backend/auth-service/internal/services/auth_service.go:798.117,804.36 5 0
pinz/backend/auth-service/internal/services/auth_service.go:804.36,806.3 1 0
pinz/backend/auth-service/internal/services/auth_service.go:807.2,807.68 1 0
pinz/backend/auth-service/internal/services/auth_service.go:807.68,809.3 1 0
pinz/backend/auth-service/internal/services/auth_service.go:811.2,812.41 2 0
pinz/backend/auth-service/internal/services/auth_service.go:812.41,814.3 1 0
pinz/backend/auth-service/internal/services/auth_service.go:815.2,815.40 1 0
pinz/backend/auth-service/internal/services/auth_service.go:815.40,818.3 2 0
pinz/backend/auth-service/internal/services/auth_service.go:820.2,822.89 3 0
pinz/backend/auth-service/internal/services/auth_service.go:822.89,825.3 2 0
pinz/backend/auth-service/internal/services/auth_service.go:826.2,826.74 1 0
pinz/backend/auth-service/internal/services/auth_service.go:826.74,828.3 1 0
pinz/backend/auth-service/internal/services/auth_service.go:830.2,834.17 1 0
pinz/backend/auth-service/internal/services/auth_service.go:834.17,836.3 1 0
pinz/backend/auth-service/internal/services/auth_service.go:838.2,839.52 2 0
pinz/backend/auth-service/internal/services/auth_service.go:842.138,848.32 5 0
pinz/backend/auth-service/internal/services/auth_service.go:848.32,850.3 1 0
pinz/backend/auth-service/internal/services/auth_service.go:852.2,854.34 3 0
pinz/backend/auth-service/internal/services/auth_service.go:854.34,856.3 1 0
pinz/backend/auth-service/internal/services/auth_service.go:857.2,857.26 1 0
pinz/backend/auth-service/internal/services/auth_service.go:857.26,859.3 1 0
pinz/backend/auth-service/internal/services/auth_service.go:861.2,862.16 2 0
pinz/backend/auth-service/internal/services/auth_service.go:862.16,863.29 1 0
pinz/backend/auth-service/internal/services/auth_service.go:863.29,865.4 1 0
pinz/backend/auth-service/internal/services/auth_service.go:866.3,867.69 2 0
pinz/backend/auth-service/internal/services/auth_service.go:870.2,872.73 3 0
pinz/backend/auth-service/internal/services/auth_service.go:875.141,882.36 6 0
pinz/backend/auth-service/internal/services/auth_service.go:882.36,884.3 1 0
pinz/backend/auth-service/internal/services/auth_service.go:886.2,887.15 2 0
pinz/backend/auth-service/internal/services/auth_service.go:887.15,889.3 1 0
pinz/backend/auth-service/internal/services/auth_service.go:890.2,890.13 1 0
pinz/backend/auth-service/internal/services/auth_service.go:891.40,891.40 0 0
pinz/backend/auth-service/internal/services/auth_service.go:893.10,894.95 1 0
pinz/backend/auth-service/internal/services/auth_service.go:897.2,897.17 1 0
pinz/backend/auth-service/internal/services/auth_service.go:897.17,899.3 1 0
pinz/backend/auth-service/internal/services/auth_service.go:900.2,903.16 3 0
pinz/backend/auth-service/internal/services/auth_service.go:903.16,906.3 2 0
pinz/backend/auth-service/internal/services/auth_service.go:908.2,911.8 1 0
pinz/backend/auth-service/internal/services/auth_service.go:914.141,920.33 5 0
pinz/backend/auth-service/internal/services/auth_service.go:920.33,922.3 1 0
pinz/backend/auth-service/internal/services/auth_service.go:924.2,925.50 2 0
pinz/backend/auth-service/internal/services/auth_service.go:925.50,927.3 1 0
pinz/backend/auth-service/internal/services/auth_service.go:928.2,928.92 1 0
pinz/backend/auth-service/internal/services/auth_service.go:928.92,929.67 1 0
pinz/backend/auth-service/internal/services/auth_service.go:929.67,931.4 1 0
pinz/backend/auth-service/internal/services/auth_service.go:934.2,935.16 2 0
pinz/backend/auth-service/internal/services/auth_service.go:935.16,938.3 2 0
pinz/backend/auth-service/internal/services/auth_service.go:940.2,940.74 1 0
pinz/backend/auth-service/internal/services/auth_service.go:943.120,948.18 4 0
pinz/backend/auth-service/internal/services/auth_service.go:948.18,950.3 1 0
pinz/backend/auth-service/internal/services/auth_service.go:952.2,953.16 2 0
pinz/backend/auth-service/internal/services/auth_service.go:953.16,954.36 1 0
pinz/backend/auth-service/internal/services/auth_service.go:954.36,956.4 1 0
pinz/backend/auth-service/internal/services/auth_service.go:957.3,958.65 2 0
pinz/backend/auth-service/internal/services/auth_service.go:961.2,961.38 1 0
pinz/backend/auth-service/internal/services/auth_service.go:961.38,962.61 1 0
pinz/backend/auth-service/internal/services/auth_service.go:962.61,964.4 1 0
pinz/backend/auth-service/internal/services/auth_service.go:967.2,968.16 2 0
pinz/backend/auth-service/internal/services/auth_service.go:968.16,971.3 2 0
pinz/backend/auth-service/internal/services/auth_service.go:973.2,973.67 1 0
pinz/backend/auth-service/internal/services/auth_service.go:976.123,981.18 4 0
pinz/backend/auth-service/internal/services/auth_service.go:981.18,983.3 1 0
pinz/backend/auth-service/internal/services/auth_service.go:985.2,985.54 1 0
pinz/backend/auth-service/internal/services/auth_service.go:985.54,988.3 2 0
pinz/backend/auth-service/internal/services/auth_service.go:990.2,991.54 2 0
pinz/backend/auth-service/internal/services/auth_service.go:994.40,996.45 2 0
pinz/backend/auth-service/internal/services/auth_service.go:996.45,998.3 1 0
pinz/backend/auth-service/internal/services/auth_service.go:999.2,999.14 1 0
pinz/backend/auth-service/internal/services/desired_place_service.go:34.135,39.18 4 0
pinz/backend/auth-service/internal/services/desired_place_service.go:39.18,41.3 1 0
pinz/backend/auth-service/internal/services/desired_place_service.go:42.2,45.16 3 0
pinz/backend/auth-service/internal/services/desired_place_service.go:45.16,47.3 1 0
pinz/backend/auth-service/internal/services/desired_place_service.go:48.2,48.59 1 0
pinz/backend/auth-service/internal/services/desired_place_service.go:51.138,56.18 4 0
pinz/backend/auth-service/internal/services/desired_place_service.go:56.18,58.3 1 0
pinz/backend/auth-service/internal/services/desired_place_service.go:59.2,61.71 3 0
pinz/backend/auth-service/internal/services/desired_place_service.go:61.71,63.3 1 0
pinz/backend/auth-service/internal/services/desired_place_service.go:65.2,73.16 3 0
pinz/backend/auth-service/internal/services/desired_place_service.go:73.16,76.3 2 0
pinz/backend/auth-service/internal/services/desired_place_service.go:77.2,77.88 1 0
pinz/backend/auth-service/internal/services/desired_place_service.go:80.138,86.35 5 0
pinz/backend/auth-service/internal/services/desired_place_service.go:86.35,88.3 1 0
pinz/backend/auth-service/internal/services/desired_place_service.go:89.2,91.71 3 0
pinz/backend/auth-service/internal/services/desired_place_service.go:91.71,93.3 1 0
pinz/backend/auth-service/internal/services/desired_place_service.go:95.2,96.35 2 0
pinz/backend/auth-service/internal/services/desired_place_service.go:96.35,98.3 1 0
pinz/backend/auth-service/internal/services/desired_place_service.go:99.2,99.16 1 0
pinz/backend/auth-service/internal/services/desired_place_service.go:99.16,102.3 2 0
pinz/backend/auth-service/internal/services/desired_place_service.go:103.2,103.31 1 0
pinz/backend/auth-service/internal/services/desired_place_service.go:103.31,105.3 1 0
pinz/backend/auth-service/internal/services/desired_place_service.go:107.2,108.26 2 0
pinz/backend/auth-service/internal/services/desired_place_service.go:108.26,111.17 3 0
pinz/backend/auth-service/internal/services/desired_place_service.go:111.17,114.4 2 0
pinz/backend/auth-service/internal/services/desired_place_service.go:115.3,115.76 1 0
pinz/backend/auth-service/internal/services/desired_place_service.go:115.76,116.70 1 0
pinz/backend/auth-service/internal/services/desired_place_service.go:116.70,118.5 1 0
pinz/backend/auth-service/internal/services/desired_place_service.go:120.8,122.17 2 0
pinz/backend/auth-service/internal/services/desired_place_service.go:122.17,125.4 2 0
pinz/backend/auth-service/internal/services/desired_place_service.go:127.2,127.88 1 0
pinz/backend/auth-service/internal/services/desired_place_service.go:130.138,136.35 5 0
pinz/backend/auth-service/internal/services/desired_place_service.go:136.35,138.3 1 0
pinz/backend/auth-service/internal/services/desired_place_service.go:140.2,141.35 2 0
pinz/backend/auth-service/internal/services/desired_place_service.go:141.35,143.3 1 0
pinz/backend/auth-service/internal/services/desired_place_service.go:144.2,144.16 1 0
pinz/backend/auth-service/internal/services/desired_place_service.go:144.16,147.3 2 0
pinz/backend/auth-service/internal/services/desired_place_service.go:148.2,148.31 1 0
pinz/backend/auth-service/internal/services/desired_place_service.go:148.31,150.3 1 0
pinz/backend/auth-service/internal/services/desired_place_service.go:152.2,152.59 1 0
pinz/backend/auth-service/internal/services/desired_place_service.go:152.59,155.3 2 0
pinz/backend/auth-service/internal/services/desired_place_service.go:157.2,157.44 1 0
pinz/backend/auth-service/internal/services/desired_place_service.go:157.44,158.69 1 0
pinz/backend/auth-service/internal/services/desired_place_service.go:158.69,160.4 1 0
pinz/backend/auth-service/internal/services/desired_place_service.go:162.2,162.59 1 0
pinz/backend/auth-service/internal/services/desired_place_service.go:165.174,171.36 5 0
pinz/backend/auth-service/internal/services/desired_place_service.go:171.36,173.3 1 0
pinz/backend/auth-service/internal/services/desired_place_service.go:174.2,174.17 1 0
pinz/backend/auth-service/internal/services/desired_place_service.go:174.17,176.3 1 0
pinz/backend/auth-service/internal/services/desired_place_service.go:178.2,179.15 2 0
pinz/backend/auth-service/internal/services/desired_place_service.go:179.15,181.3 1 0
pinz/backend/auth-service/internal/services/desired_place_service.go:182.2,182.52 1 0
pinz/backend/auth-service/internal/services/desired_place_service.go:182.52,184.3 1 0
pinz/backend/auth-service/internal/services/desired_place_service.go:186.2,188.16 3 0
pinz/backend/auth-service/internal/services/desired_place_service.go:188.16,191.3 2 0
pinz/backend/auth-service/internal/services/desired_place_service.go:192.2,192.92 1 0
pinz/backend/auth-service/internal/services/desired_place_service.go:195.153,201.35 5 0
pinz/backend/auth-service/internal/services/desired_place_service.go:201.35,203.3 1 0
pinz/backend/auth-service/internal/services/desired_place_service.go:205.2,206.35 2 0
pinz/backend/auth-service/internal/services/desired_place_service.go:206.35,208.3 1 0
pinz/backend/auth-service/internal/services/desired_place_service.go:209.2,209.16 1 0
pinz/backend/auth-service/internal/services/desired_place_service.go:209.16,212.3 2 0
pinz/backend/auth-service/internal/services/desired_place_service.go:213.2,213.31 1 0
pinz/backend/auth-service/internal/services/desired_place_service.go:213.31,215.3 1 0
pinz/backend/auth-service/internal/services/desired_place_service.go:217.2,218.16 2 0
pinz/backend/auth-service/internal/services/desired_place_service.go:218.16,221.3 2 0
pinz/backend/auth-service/internal/services/desired_place_service.go:223.2,223.44 1 0
pinz/backend/auth-service/internal/services/desired_place_service.go:223.44,224.69 1 0
pinz/backend/auth-service/internal/services/desired_place_service.go:224.69,226.4 1 0
pinz/backend/auth-service/internal/services/desired_place_service.go:228.2,228.93 1 0
pinz/backend/auth-service/internal/services/desired_place_service.go:231.110,232.31 1 0
pinz/backend/auth-service/internal/services/desired_place_service.go:232.31,234.3 1 0
pinz/backend/auth-service/internal/services/desired_place_service.go:235.2,236.16 2 0
pinz/backend/auth-service/internal/services/desired_place_service.go:236.16,239.3 2 0
pinz/backend/auth-service/internal/services/desired_place_service.go:240.2,241.25 2 0
pinz/backend/auth-service/internal/services/desired_place_service.go:241.25,243.3 1 0
pinz/backend/auth-service/internal/services/desired_place_service.go:244.2,244.17 1 0
pinz/backend/auth-service/internal/services/desired_place_service.go:247.105,249.37 2 0
pinz/backend/auth-service/internal/services/desired_place_service.go:249.37,250.60 1 0
pinz/backend/auth-service/internal/services/desired_place_service.go:250.60,252.4 1 0
pinz/backend/auth-service/internal/services/desired_place_service.go:252.9,254.4 1 0
pinz/backend/auth-service/internal/services/desired_place_service.go:256.2,263.3 1 0
pinz/backend/auth-service/internal/services/desired_place_service.go:266.66,267.16 1 0
pinz/backend/auth-service/internal/services/desired_place_service.go:267.16,269.3 1 0
pinz/backend/auth-service/internal/services/desired_place_service.go:270.2,270.48 1 0
pinz/backend/auth-service/internal/services/desired_place_service.go:270.48,272.3 1 0
pinz/backend/auth-service/internal/services/desired_place_service.go:273.2,273.23 1 0
pinz/backend/auth-service/internal/services/desired_place_service.go:273.23,275.3 1 0
pinz/backend/auth-service/internal/services/desired_place_service.go:276.2,276.62 1 0
pinz/backend/auth-service/internal/services/desired_place_service.go:276.62,278.3 1 0
pinz/backend/auth-service/internal/services/desired_place_service.go:279.2,279.12 1 0
pinz/backend/auth-service/internal/services/validation.go:7.51,9.2 1 0
pinz/backend/auth-service/internal/utils/jwt.go:11.78,20.2 3 0
pinz/backend/auth-service/internal/utils/jwt.go:22.45,24.40 2 0
pinz/backend/auth-service/internal/utils/jwt.go:24.40,26.3 1 0
pinz/backend/auth-service/internal/utils/jwt.go:27.2,27.50 1 0
pinz/backend/auth-service/internal/utils/verification_code.go:8.40,12.11 4 0
pinz/backend/auth-service/internal/utils/verification_code.go:12.11,14.3 1 0
pinz/backend/auth-service/internal/utils/verification_code.go:15.2,15.37 1 0
pinz/backend/auth-service/internal/s3/client.go:24.41,25.13 1 0
pinz/backend/auth-service/internal/s3/client.go:25.13,27.3 1 0
pinz/backend/auth-service/internal/s3/client.go:28.2,28.17 1 0
pinz/backend/auth-service/internal/s3/client.go:28.17,30.3 1 0
pinz/backend/auth-service/internal/s3/client.go:31.2,31.22 1 0
pinz/backend/auth-service/internal/s3/client.go:34.135,35.18 1 0
pinz/backend/auth-service/internal/s3/client.go:35.18,37.3 1 0
pinz/backend/auth-service/internal/s3/client.go:38.2,38.40 1 0
pinz/backend/auth-service/internal/s3/client.go:38.40,40.3 1 0
pinz/backend/auth-service/internal/s3/client.go:41.2,41.21 1 0
pinz/backend/auth-service/internal/s3/client.go:41.21,43.3 1 0
pinz/backend/auth-service/internal/s3/client.go:44.2,48.16 2 0
pinz/backend/auth-service/internal/s3/client.go:48.16,51.3 2 0
pinz/backend/auth-service/internal/s3/client.go:52.2,52.57 1 0
pinz/backend/auth-service/internal/s3/client.go:52.57,55.3 2 0
pinz/backend/auth-service/internal/s3/client.go:56.2,68.8 2 0
pinz/backend/auth-service/internal/s3/client.go:71.101,76.23 2 0
pinz/backend/auth-service/internal/s3/client.go:76.23,78.3 1 0
pinz/backend/auth-service/internal/s3/client.go:79.2,79.83 1 0
pinz/backend/auth-service/internal/s3/client.go:79.83,81.3 1 0
pinz/backend/auth-service/internal/s3/client.go:82.2,82.16 1 0
pinz/backend/auth-service/internal/s3/client.go:82.16,85.3 2 0
pinz/backend/auth-service/internal/s3/client.go:86.2,86.21 1 0
pinz/backend/auth-service/internal/s3/client.go:89.77,93.38 1 0
pinz/backend/auth-service/internal/s3/client.go:93.38,95.3 1 0
pinz/backend/auth-service/internal/s3/client.go:96.2,96.16 1 0
pinz/backend/auth-service/internal/s3/client.go:96.16,99.3 2 0
pinz/backend/auth-service/internal/s3/client.go:100.2,100.21 1 0
pinz/backend/auth-service/internal/s3/client.go:103.72,108.16 2 0
pinz/backend/auth-service/internal/s3/client.go:108.16,111.3 2 0
pinz/backend/auth-service/internal/s3/client.go:112.2,112.12 1 0
pinz/backend/auth-service/internal/s3/env.go:20.55,22.18 2 0
pinz/backend/auth-service/internal/s3/env.go:22.18,24.3 1 0
pinz/backend/auth-service/internal/s3/env.go:25.2,27.40 3 0
pinz/backend/auth-service/internal/s3/env.go:27.40,30.3 2 0
pinz/backend/auth-service/internal/s3/env.go:31.2,32.20 2 0
pinz/backend/auth-service/internal/s3/env.go:32.20,34.3 1 0
pinz/backend/auth-service/internal/s3/env.go:35.2,36.18 2 0
pinz/backend/auth-service/internal/s3/env.go:36.18,38.3 1 0
pinz/backend/auth-service/internal/s3/env.go:39.2,40.66 2 0
pinz/backend/auth-service/internal/s3/env.go:40.66,42.17 2 0
pinz/backend/auth-service/internal/s3/env.go:42.17,45.4 2 0
pinz/backend/auth-service/internal/s3/env.go:46.3,46.10 1 0
pinz/backend/auth-service/internal/s3/env.go:48.2,49.16 2 0
pinz/backend/auth-service/internal/s3/env.go:49.16,51.3 1 0
pinz/backend/auth-service/internal/s3/env.go:52.2,52.20 1 0
pinz/backend/auth-service/internal/s3/keys.go:15.25,16.26 1 0
pinz/backend/auth-service/internal/s3/keys.go:16.26,19.14 3 0
pinz/backend/auth-service/internal/s3/keys.go:19.14,22.4 2 0
pinz/backend/auth-service/internal/s3/keys.go:23.3,23.22 1 0
pinz/backend/auth-service/internal/s3/keys.go:25.2,25.18 1 0
pinz/backend/auth-service/internal/s3/keys.go:28.37,30.2 1 0
pinz/backend/auth-service/internal/repositories/credential_repository.go:19.64,21.2 1 0
pinz/backend/auth-service/internal/repositories/credential_repository.go:24.97,26.16 2 0
pinz/backend/auth-service/internal/repositories/credential_repository.go:26.16,28.3 1 0
pinz/backend/auth-service/internal/repositories/credential_repository.go:29.2,30.16 2 0
pinz/backend/auth-service/internal/repositories/credential_repository.go:30.16,32.3 1 0
pinz/backend/auth-service/internal/repositories/credential_repository.go:33.2,37.4 1 0
pinz/backend/auth-service/internal/repositories/credential_repository.go:41.101,43.16 2 0
pinz/backend/auth-service/internal/repositories/credential_repository.go:43.16,45.3 1 0
pinz/backend/auth-service/internal/repositories/credential_repository.go:46.2,47.16 2 0
pinz/backend/auth-service/internal/repositories/credential_repository.go:47.16,49.3 1 0
pinz/backend/auth-service/internal/repositories/credential_repository.go:50.2,51.28 2 0
pinz/backend/auth-service/internal/repositories/credential_repository.go:51.28,53.50 2 0
pinz/backend/auth-service/internal/repositories/credential_repository.go:53.50,55.4 1 0
pinz/backend/auth-service/internal/repositories/credential_repository.go:56.3,56.27 1 0
pinz/backend/auth-service/internal/repositories/credential_repository.go:58.2,58.19 1 0
pinz/backend/auth-service/internal/repositories/credential_repository.go:62.82,64.16 2 0
pinz/backend/auth-service/internal/repositories/credential_repository.go:64.16,66.3 1 0
pinz/backend/auth-service/internal/repositories/credential_repository.go:67.2,71.16 2 0
pinz/backend/auth-service/internal/repositories/credential_repository.go:71.16,73.3 1 0
pinz/backend/auth-service/internal/repositories/credential_repository.go:74.2,74.12 1 0
pinz/backend/auth-service/internal/repositories/credential_repository.go:74.12,76.3 1 0
pinz/backend/auth-service/internal/repositories/credential_repository.go:77.2,77.12 1 0
pinz/backend/auth-service/internal/repositories/desired_place_repository.go:18.68,20.2 1 0
pinz/backend/auth-service/internal/repositories/desired_place_repository.go:22.95,24.16 2 0
pinz/backend/auth-service/internal/repositories/desired_place_repository.go:24.16,26.3 1 0
pinz/backend/auth-service/internal/repositories/desired_place_repository.go:27.2,28.16 2 0
pinz/backend/auth-service/internal/repositories/desired_place_repository.go:28.16,30.3 1 0
pinz/backend/auth-service/internal/repositories/desired_place_repository.go:31.2,38.16 2 0
pinz/backend/auth-service/internal/repositories/desired_place_repository.go:38.16,40.3 1 0
pinz/backend/auth-service/internal/repositories/desired_place_repository.go:41.2,41.39 1 0
pinz/backend/auth-service/internal/repositories/desired_place_repository.go:44.88,46.16 2 0
pinz/backend/auth-service/internal/repositories/desired_place_repository.go:46.16,48.3 1 0
pinz/backend/auth-service/internal/repositories/desired_place_repository.go:49.2,50.16 2 0
pinz/backend/auth-service/internal/repositories/desired_place_repository.go:50.16,51.36 1 0
pinz/backend/auth-service/internal/repositories/desired_place_repository.go:51.36,53.4 1 0
pinz/backend/auth-service/internal/repositories/desired_place_repository.go:54.3,54.18 1 0
pinz/backend/auth-service/internal/repositories/desired_place_repository.go:56.2,56.39 1 0
pinz/backend/auth-service/internal/repositories/desired_place_repository.go:59.94,61.16 2 0
pinz/backend/auth-service/internal/repositories/desired_place_repository.go:61.16,63.3 1 0
pinz/backend/auth-service/internal/repositories/desired_place_repository.go:64.2,65.16 2 0
pinz/backend/auth-service/internal/repositories/desired_place_repository.go:65.16,67.3 1 0
pinz/backend/auth-service/internal/repositories/desired_place_repository.go:68.2,69.27 2 0
pinz/backend/auth-service/internal/repositories/desired_place_repository.go:69.27,71.3 1 0
pinz/backend/auth-service/internal/repositories/desired_place_repository.go:72.2,72.17 1 0
pinz/backend/auth-service/internal/repositories/desired_place_repository.go:77.116,79.16 2 0
pinz/backend/auth-service/internal/repositories/desired_place_repository.go:79.16,81.3 1 0
pinz/backend/auth-service/internal/repositories/desired_place_repository.go:82.2,88.16 2 0
pinz/backend/auth-service/internal/repositories/desired_place_repository.go:88.16,90.3 1 0
pinz/backend/auth-service/internal/repositories/desired_place_repository.go:91.2,91.39 1 0
pinz/backend/auth-service/internal/repositories/desired_place_repository.go:95.113,97.16 2 0
pinz/backend/auth-service/internal/repositories/desired_place_repository.go:97.16,99.3 1 0
pinz/backend/auth-service/internal/repositories/desired_place_repository.go:100.2,105.16 2 0
pinz/backend/auth-service/internal/repositories/desired_place_repository.go:105.16,107.3 1 0
pinz/backend/auth-service/internal/repositories/desired_place_repository.go:108.2,108.39 1 0
pinz/backend/auth-service/internal/repositories/desired_place_repository.go:111.91,113.16 2 0
pinz/backend/auth-service/internal/repositories/desired_place_repository.go:113.16,115.3 1 0
pinz/backend/auth-service/internal/repositories/desired_place_repository.go:116.2,117.16 2 0
pinz/backend/auth-service/internal/repositories/desired_place_repository.go:117.16,119.3 1 0
pinz/backend/auth-service/internal/repositories/desired_place_repository.go:120.2,120.39 1 0
pinz/backend/auth-service/internal/repositories/desired_place_repository.go:123.63,125.16 2 0
pinz/backend/auth-service/internal/repositories/desired_place_repository.go:125.16,127.3 1 0
pinz/backend/auth-service/internal/repositories/desired_place_repository.go:128.2,128.57 1 0
pinz/backend/auth-service/internal/repositories/desired_place_repository.go:131.71,139.22 2 0
pinz/backend/auth-service/internal/repositories/desired_place_repository.go:139.22,141.3 1 0
pinz/backend/auth-service/internal/repositories/desired_place_repository.go:142.2,142.12 1 0
pinz/backend/auth-service/internal/repositories/redis_repository.go:18.64,20.2 1 0
pinz/backend/auth-service/internal/repositories/redis_repository.go:22.47,26.16 3 0
pinz/backend/auth-service/internal/repositories/redis_repository.go:26.16,27.43 1 0
pinz/backend/auth-service/internal/repositories/redis_repository.go:27.43,29.18 2 0
pinz/backend/auth-service/internal/repositories/redis_repository.go:29.18,31.5 1 0
pinz/backend/auth-service/internal/repositories/redis_repository.go:32.4,32.33 1 0
pinz/backend/auth-service/internal/repositories/redis_repository.go:33.9,36.4 2 0
pinz/backend/auth-service/internal/repositories/redis_repository.go:37.8,39.3 1 0
pinz/backend/auth-service/internal/repositories/redis_repository.go:41.2,41.64 1 0
pinz/backend/auth-service/internal/repositories/redis_repository.go:41.64,43.3 1 0
pinz/backend/auth-service/internal/repositories/redis_repository.go:45.2,45.60 1 0
pinz/backend/auth-service/internal/repositories/redis_repository.go:45.60,47.3 1 0
pinz/backend/auth-service/internal/repositories/redis_repository.go:48.2,48.60 1 0
pinz/backend/auth-service/internal/repositories/redis_repository.go:48.60,50.3 1 0
pinz/backend/auth-service/internal/repositories/redis_repository.go:52.2,52.20 1 0
pinz/backend/auth-service/internal/repositories/redis_repository.go:55.94,57.2 1 0
pinz/backend/auth-service/internal/repositories/redis_repository.go:59.95,61.2 1 0
pinz/backend/auth-service/internal/repositories/redis_repository.go:63.92,65.2 1 0
pinz/backend/auth-service/internal/repositories/redis_repository.go:67.74,69.2 1 0
pinz/backend/auth-service/internal/repositories/redis_repository.go:71.80,73.2 1 0
pinz/backend/auth-service/internal/repositories/redis_repository.go:75.110,77.2 1 0
pinz/backend/auth-service/internal/repositories/redis_repository.go:79.105,81.2 1 0
pinz/backend/auth-service/internal/repositories/user_repository.go:22.52,24.2 1 0
pinz/backend/auth-service/internal/repositories/user_repository.go:26.77,28.16 2 0
pinz/backend/auth-service/internal/repositories/user_repository.go:28.16,29.36 1 0
pinz/backend/auth-service/internal/repositories/user_repository.go:29.36,31.4 1 0
pinz/backend/auth-service/internal/repositories/user_repository.go:32.3,32.18 1 0
pinz/backend/auth-service/internal/repositories/user_repository.go:34.2,34.29 1 0
pinz/backend/auth-service/internal/repositories/user_repository.go:37.59,39.16 2 0
pinz/backend/auth-service/internal/repositories/user_repository.go:39.16,41.3 1 0
pinz/backend/auth-service/internal/repositories/user_repository.go:42.2,49.16 3 0
pinz/backend/auth-service/internal/repositories/user_repository.go:49.16,51.3 1 0
pinz/backend/auth-service/internal/repositories/user_repository.go:52.2,53.12 2 0
pinz/backend/auth-service/internal/repositories/user_repository.go:56.121,58.16 2 0
pinz/backend/auth-service/internal/repositories/user_repository.go:58.16,60.3 1 0
pinz/backend/auth-service/internal/repositories/user_repository.go:61.2,62.16 2 0
pinz/backend/auth-service/internal/repositories/user_repository.go:62.16,64.3 1 0
pinz/backend/auth-service/internal/repositories/user_repository.go:66.2,67.16 2 0
pinz/backend/auth-service/internal/repositories/user_repository.go:67.16,69.3 1 0
pinz/backend/auth-service/internal/repositories/user_repository.go:70.2,70.15 1 0
pinz/backend/auth-service/internal/repositories/user_repository.go:70.15,70.36 1 0
pinz/backend/auth-service/internal/repositories/user_repository.go:72.2,80.16 4 0
pinz/backend/auth-service/internal/repositories/user_repository.go:80.16,82.3 1 0
pinz/backend/auth-service/internal/repositories/user_repository.go:83.2,87.17 1 0
pinz/backend/auth-service/internal/repositories/user_repository.go:87.17,89.3 1 0
pinz/backend/auth-service/internal/repositories/user_repository.go:90.2,90.36 1 0
pinz/backend/auth-service/internal/repositories/user_repository.go:90.36,92.3 1 0
pinz/backend/auth-service/internal/repositories/user_repository.go:93.2,94.12 2 0
pinz/backend/auth-service/internal/repositories/user_repository.go:97.88,99.16 2 0
pinz/backend/auth-service/internal/repositories/user_repository.go:99.16,101.3 1 0
pinz/backend/auth-service/internal/repositories/user_repository.go:102.2,103.9 2 0
pinz/backend/auth-service/internal/repositories/user_repository.go:103.9,105.3 1 0
pinz/backend/auth-service/internal/repositories/user_repository.go:106.2,110.4 1 0
pinz/backend/auth-service/internal/repositories/user_repository.go:113.86,115.16 2 0
pinz/backend/auth-service/internal/repositories/user_repository.go:115.16,116.36 1 0
pinz/backend/auth-service/internal/repositories/user_repository.go:116.36,118.4 1 0
pinz/backend/auth-service/internal/repositories/user_repository.go:119.3,119.18 1 0
pinz/backend/auth-service/internal/repositories/user_repository.go:121.2,126.8 1 0
pinz/backend/auth-service/internal/repositories/user_repository.go:129.75,131.16 2 0
pinz/backend/auth-service/internal/repositories/user_repository.go:131.16,133.3 1 0
pinz/backend/auth-service/internal/repositories/user_repository.go:134.2,135.16 2 0
pinz/backend/auth-service/internal/repositories/user_repository.go:135.16,136.36 1 0
pinz/backend/auth-service/internal/repositories/user_repository.go:136.36,138.4 1 0
pinz/backend/auth-service/internal/repositories/user_repository.go:139.3,139.18 1 0
pinz/backend/auth-service/internal/repositories/user_repository.go:141.2,141.29 1 0
pinz/backend/auth-service/internal/repositories/user_repository.go:146.82,147.23 1 0
pinz/backend/auth-service/internal/repositories/user_repository.go:147.23,149.3 1 0
pinz/backend/auth-service/internal/repositories/user_repository.go:150.2,151.28 2 0
pinz/backend/auth-service/internal/repositories/user_repository.go:151.28,153.17 2 0
pinz/backend/auth-service/internal/repositories/user_repository.go:153.17,154.12 1 0
pinz/backend/auth-service/internal/repositories/user_repository.go:156.3,156.24 1 0
pinz/backend/auth-service/internal/repositories/user_repository.go:158.2,158.19 1 0
pinz/backend/auth-service/internal/repositories/user_repository.go:158.19,160.3 1 0
pinz/backend/auth-service/internal/repositories/user_repository.go:161.2,162.16 2 0
pinz/backend/auth-service/internal/repositories/user_repository.go:162.16,164.3 1 0
pinz/backend/auth-service/internal/repositories/user_repository.go:165.2,166.25 2 0
pinz/backend/auth-service/internal/repositories/user_repository.go:166.25,168.3 1 0
pinz/backend/auth-service/internal/repositories/user_repository.go:169.2,169.17 1 0
pinz/backend/auth-service/internal/repositories/user_repository.go:172.62,174.16 2 0
pinz/backend/auth-service/internal/repositories/user_repository.go:174.16,176.3 1 0
pinz/backend/auth-service/internal/repositories/user_repository.go:177.2,177.58 1 0
pinz/backend/auth-service/internal/repositories/user_repository.go:180.71,182.16 2 0
pinz/backend/auth-service/internal/repositories/user_repository.go:182.16,184.3 1 0
pinz/backend/auth-service/internal/repositories/user_repository.go:185.2,185.63 1 0
pinz/backend/auth-service/internal/repositories/user_repository.go:188.92,190.16 2 0
pinz/backend/auth-service/internal/repositories/user_repository.go:190.16,192.3 1 0
pinz/backend/auth-service/internal/repositories/user_repository.go:193.2,196.4 1 0
pinz/backend/auth-service/internal/repositories/user_repository.go:199.88,201.16 2 0
pinz/backend/auth-service/internal/repositories/user_repository.go:201.16,203.3 1 0
pinz/backend/auth-service/internal/repositories/user_repository.go:204.2,208.16 2 0
pinz/backend/auth-service/internal/repositories/user_repository.go:208.16,210.3 1 0
pinz/backend/auth-service/internal/repositories/user_repository.go:211.2,211.29 1 0
pinz/backend/auth-service/internal/repositories/user_repository.go:214.82,216.16 2 0
pinz/backend/auth-service/internal/repositories/user_repository.go:216.16,218.3 1 0
pinz/backend/auth-service/internal/repositories/user_repository.go:219.2,223.16 2 0
pinz/backend/auth-service/internal/repositories/user_repository.go:223.16,225.3 1 0
pinz/backend/auth-service/internal/repositories/user_repository.go:226.2,226.29 1 0
pinz/backend/auth-service/internal/repositories/user_repository.go:229.90,231.16 2 0
pinz/backend/auth-service/internal/repositories/user_repository.go:231.16,233.3 1 0
pinz/backend/auth-service/internal/repositories/user_repository.go:234.2,239.16 3 0
pinz/backend/auth-service/internal/repositories/user_repository.go:239.16,241.3 1 0
pinz/backend/auth-service/internal/repositories/user_repository.go:242.2,242.29 1 0
pinz/backend/auth-service/internal/repositories/user_repository.go:245.58,247.16 2 0
pinz/backend/auth-service/internal/repositories/user_repository.go:247.16,249.3 1 0
pinz/backend/auth-service/internal/repositories/user_repository.go:250.2,250.49 1 0
pinz/backend/auth-service/internal/repositories/user_repository.go:253.47,260.23 2 0
pinz/backend/auth-service/internal/repositories/user_repository.go:260.23,262.3 1 0
pinz/backend/auth-service/internal/repositories/user_repository.go:263.2,263.12 1 0
pinz/backend/auth-service/internal/s3/client.go:24.41,25.13 1 0
pinz/backend/auth-service/internal/s3/client.go:25.13,27.3 1 0
pinz/backend/auth-service/internal/s3/client.go:28.2,28.17 1 0
pinz/backend/auth-service/internal/s3/client.go:28.17,30.3 1 0
pinz/backend/auth-service/internal/s3/client.go:31.2,31.22 1 0
pinz/backend/auth-service/internal/s3/client.go:34.135,35.18 1 0
pinz/backend/auth-service/internal/s3/client.go:35.18,37.3 1 0
pinz/backend/auth-service/internal/s3/client.go:38.2,38.40 1 0
pinz/backend/auth-service/internal/s3/client.go:38.40,40.3 1 0
pinz/backend/auth-service/internal/s3/client.go:41.2,41.21 1 0
pinz/backend/auth-service/internal/s3/client.go:41.21,43.3 1 0
pinz/backend/auth-service/internal/s3/client.go:44.2,48.16 2 0
pinz/backend/auth-service/internal/s3/client.go:48.16,51.3 2 0
pinz/backend/auth-service/internal/s3/client.go:52.2,52.57 1 0
pinz/backend/auth-service/internal/s3/client.go:52.57,55.3 2 0
pinz/backend/auth-service/internal/s3/client.go:56.2,68.8 2 0
pinz/backend/auth-service/internal/s3/client.go:71.101,76.23 2 0
pinz/backend/auth-service/internal/s3/client.go:76.23,78.3 1 0
pinz/backend/auth-service/internal/s3/client.go:79.2,79.83 1 0
pinz/backend/auth-service/internal/s3/client.go:79.83,81.3 1 0
pinz/backend/auth-service/internal/s3/client.go:82.2,82.16 1 0
pinz/backend/auth-service/internal/s3/client.go:82.16,85.3 2 0
pinz/backend/auth-service/internal/s3/client.go:86.2,86.21 1 0
pinz/backend/auth-service/internal/s3/client.go:89.77,93.38 1 0
pinz/backend/auth-service/internal/s3/client.go:93.38,95.3 1 0
pinz/backend/auth-service/internal/s3/client.go:96.2,96.16 1 0
pinz/backend/auth-service/internal/s3/client.go:96.16,99.3 2 0
pinz/backend/auth-service/internal/s3/client.go:100.2,100.21 1 0
pinz/backend/auth-service/internal/s3/client.go:103.72,108.16 2 0
pinz/backend/auth-service/internal/s3/client.go:108.16,111.3 2 0
pinz/backend/auth-service/internal/s3/client.go:112.2,112.12 1 0
pinz/backend/auth-service/internal/s3/env.go:20.55,22.18 2 0
pinz/backend/auth-service/internal/s3/env.go:22.18,24.3 1 0
pinz/backend/auth-service/internal/s3/env.go:25.2,27.40 3 0
pinz/backend/auth-service/internal/s3/env.go:27.40,30.3 2 0
pinz/backend/auth-service/internal/s3/env.go:31.2,32.20 2 0
pinz/backend/auth-service/internal/s3/env.go:32.20,34.3 1 0
pinz/backend/auth-service/internal/s3/env.go:35.2,36.18 2 0
pinz/backend/auth-service/internal/s3/env.go:36.18,38.3 1 0
pinz/backend/auth-service/internal/s3/env.go:39.2,40.66 2 0
pinz/backend/auth-service/internal/s3/env.go:40.66,42.17 2 0
pinz/backend/auth-service/internal/s3/env.go:42.17,45.4 2 0
pinz/backend/auth-service/internal/s3/env.go:46.3,46.10 1 0
pinz/backend/auth-service/internal/s3/env.go:48.2,49.16 2 0
pinz/backend/auth-service/internal/s3/env.go:49.16,51.3 1 0
pinz/backend/auth-service/internal/s3/env.go:52.2,52.20 1 0
pinz/backend/auth-service/internal/s3/keys.go:15.25,16.26 1 1
pinz/backend/auth-service/internal/s3/keys.go:16.26,19.14 3 1
pinz/backend/auth-service/internal/s3/keys.go:19.14,22.4 2 1
pinz/backend/auth-service/internal/s3/keys.go:23.3,23.22 1 0
pinz/backend/auth-service/internal/s3/keys.go:25.2,25.18 1 1
pinz/backend/auth-service/internal/s3/keys.go:28.37,30.2 1 1
pinz/backend/auth-service/internal/services/auth_service.go:44.43,44.58 1 0
pinz/backend/auth-service/internal/services/auth_service.go:45.45,45.62 1 0
pinz/backend/auth-service/internal/services/auth_service.go:46.52,46.76 1 0
pinz/backend/auth-service/internal/services/auth_service.go:47.67,47.91 1 0
pinz/backend/auth-service/internal/services/auth_service.go:57.44,57.59 1 0
pinz/backend/auth-service/internal/services/auth_service.go:58.46,58.63 1 0
pinz/backend/auth-service/internal/services/auth_service.go:59.53,59.77 1 0
pinz/backend/auth-service/internal/services/auth_service.go:60.68,60.92 1 0
pinz/backend/auth-service/internal/services/auth_service.go:102.51,103.30 1 1
pinz/backend/auth-service/internal/services/auth_service.go:103.30,103.61 1 1
pinz/backend/auth-service/internal/services/auth_service.go:115.16,142.27 7 1
pinz/backend/auth-service/internal/services/auth_service.go:142.27,144.3 1 1
pinz/backend/auth-service/internal/services/auth_service.go:145.2,145.10 1 1
pinz/backend/auth-service/internal/services/auth_service.go:148.117,153.17 4 1
pinz/backend/auth-service/internal/services/auth_service.go:153.17,155.3 1 1
pinz/backend/auth-service/internal/services/auth_service.go:156.2,156.65 1 1
pinz/backend/auth-service/internal/services/auth_service.go:156.65,158.3 1 1
pinz/backend/auth-service/internal/services/auth_service.go:160.2,161.16 2 1
pinz/backend/auth-service/internal/services/auth_service.go:161.16,164.3 2 1
pinz/backend/auth-service/internal/services/auth_service.go:165.2,165.26 1 1
pinz/backend/auth-service/internal/services/auth_service.go:165.26,168.3 2 1
pinz/backend/auth-service/internal/services/auth_service.go:170.2,177.86 6 1
pinz/backend/auth-service/internal/services/auth_service.go:177.86,180.3 2 0
pinz/backend/auth-service/internal/services/auth_service.go:181.2,181.74 1 1
pinz/backend/auth-service/internal/services/auth_service.go:181.74,183.3 1 0
pinz/backend/auth-service/internal/services/auth_service.go:185.2,189.17 1 1
pinz/backend/auth-service/internal/services/auth_service.go:189.17,191.3 1 1
pinz/backend/auth-service/internal/services/auth_service.go:193.2,193.91 1 1
pinz/backend/auth-service/internal/services/auth_service.go:196.129,204.29 5 1
pinz/backend/auth-service/internal/services/auth_service.go:204.29,206.3 1 1
pinz/backend/auth-service/internal/services/auth_service.go:208.2,210.34 3 0
pinz/backend/auth-service/internal/services/auth_service.go:210.34,212.3 1 0
pinz/backend/auth-service/internal/services/auth_service.go:213.2,213.26 1 0
pinz/backend/auth-service/internal/services/auth_service.go:213.26,216.3 2 0
pinz/backend/auth-service/internal/services/auth_service.go:218.2,220.88 3 0
pinz/backend/auth-service/internal/services/auth_service.go:220.88,222.3 1 0
pinz/backend/auth-service/internal/services/auth_service.go:223.2,225.56 2 0
pinz/backend/auth-service/internal/services/auth_service.go:228.144,236.33 5 1
pinz/backend/auth-service/internal/services/auth_service.go:236.33,238.3 1 1
pinz/backend/auth-service/internal/services/auth_service.go:239.2,239.75 1 1
pinz/backend/auth-service/internal/services/auth_service.go:239.75,241.3 1 1
pinz/backend/auth-service/internal/services/auth_service.go:242.2,242.39 1 1
pinz/backend/auth-service/internal/services/auth_service.go:242.39,244.3 1 1
pinz/backend/auth-service/internal/services/auth_service.go:246.2,247.61 2 0
pinz/backend/auth-service/internal/services/auth_service.go:247.61,249.3 1 0
pinz/backend/auth-service/internal/services/auth_service.go:251.2,262.16 4 0
pinz/backend/auth-service/internal/services/auth_service.go:262.16,265.3 2 0
pinz/backend/auth-service/internal/services/auth_service.go:267.2,273.16 3 0
pinz/backend/auth-service/internal/services/auth_service.go:273.16,275.3 1 0
pinz/backend/auth-service/internal/services/auth_service.go:276.2,277.82 2 0
pinz/backend/auth-service/internal/services/auth_service.go:277.82,279.3 1 0
pinz/backend/auth-service/internal/services/auth_service.go:281.2,284.16 3 0
pinz/backend/auth-service/internal/services/auth_service.go:284.16,286.3 1 0
pinz/backend/auth-service/internal/services/auth_service.go:287.2,287.72 1 0
pinz/backend/auth-service/internal/services/auth_service.go:290.147,298.37 5 1
pinz/backend/auth-service/internal/services/auth_service.go:298.37,300.3 1 1
pinz/backend/auth-service/internal/services/auth_service.go:302.2,304.16 3 0
pinz/backend/auth-service/internal/services/auth_service.go:304.16,306.3 1 0
pinz/backend/auth-service/internal/services/auth_service.go:308.2,310.16 3 0
pinz/backend/auth-service/internal/services/auth_service.go:310.16,312.3 1 0
pinz/backend/auth-service/internal/services/auth_service.go:314.2,315.64 2 0
pinz/backend/auth-service/internal/services/auth_service.go:315.64,317.3 1 0
pinz/backend/auth-service/internal/services/auth_service.go:319.2,320.16 2 0
pinz/backend/auth-service/internal/services/auth_service.go:320.16,322.3 1 0
pinz/backend/auth-service/internal/services/auth_service.go:323.2,330.16 3 0
pinz/backend/auth-service/internal/services/auth_service.go:330.16,332.3 1 0
pinz/backend/auth-service/internal/services/auth_service.go:333.2,334.16 2 0
pinz/backend/auth-service/internal/services/auth_service.go:334.16,336.3 1 0
pinz/backend/auth-service/internal/services/auth_service.go:338.2,343.80 2 0
pinz/backend/auth-service/internal/services/auth_service.go:343.80,344.29 1 0
pinz/backend/auth-service/internal/services/auth_service.go:344.29,347.4 2 0
pinz/backend/auth-service/internal/services/auth_service.go:348.3,350.68 3 0
pinz/backend/auth-service/internal/services/auth_service.go:353.2,357.30 4 0
pinz/backend/auth-service/internal/services/auth_service.go:360.135,367.17 4 1
pinz/backend/auth-service/internal/services/auth_service.go:367.17,369.3 1 1
pinz/backend/auth-service/internal/services/auth_service.go:371.2,372.26 2 0
pinz/backend/auth-service/internal/services/auth_service.go:372.26,374.3 1 0
pinz/backend/auth-service/internal/services/auth_service.go:375.2,375.16 1 0
pinz/backend/auth-service/internal/services/auth_service.go:375.16,378.3 2 0
pinz/backend/auth-service/internal/services/auth_service.go:380.2,381.16 2 0
pinz/backend/auth-service/internal/services/auth_service.go:381.16,384.3 2 0
pinz/backend/auth-service/internal/services/auth_service.go:385.2,385.21 1 0
pinz/backend/auth-service/internal/services/auth_service.go:385.21,387.3 1 0
pinz/backend/auth-service/internal/services/auth_service.go:389.2,390.16 2 0
pinz/backend/auth-service/internal/services/auth_service.go:390.16,392.3 1 0
pinz/backend/auth-service/internal/services/auth_service.go:393.2,401.16 3 0
pinz/backend/auth-service/internal/services/auth_service.go:401.16,404.3 2 0
pinz/backend/auth-service/internal/services/auth_service.go:406.2,408.16 3 0
pinz/backend/auth-service/internal/services/auth_service.go:408.16,410.3 1 0
pinz/backend/auth-service/internal/services/auth_service.go:411.2,412.82 2 0
pinz/backend/auth-service/internal/services/auth_service.go:412.82,414.3 1 0
pinz/backend/auth-service/internal/services/auth_service.go:416.2,417.16 2 0
pinz/backend/auth-service/internal/services/auth_service.go:417.16,419.3 1 0
pinz/backend/auth-service/internal/services/auth_service.go:420.2,420.69 1 0
pinz/backend/auth-service/internal/services/auth_service.go:423.138,431.39 5 1
pinz/backend/auth-service/internal/services/auth_service.go:431.39,433.3 1 1
pinz/backend/auth-service/internal/services/auth_service.go:435.2,436.26 2 0
pinz/backend/auth-service/internal/services/auth_service.go:436.26,442.3 2 0
pinz/backend/auth-service/internal/services/auth_service.go:443.2,443.16 1 0
pinz/backend/auth-service/internal/services/auth_service.go:443.16,446.3 2 0
pinz/backend/auth-service/internal/services/auth_service.go:448.2,450.16 3 0
pinz/backend/auth-service/internal/services/auth_service.go:450.16,452.3 1 0
pinz/backend/auth-service/internal/services/auth_service.go:454.2,455.64 2 0
pinz/backend/auth-service/internal/services/auth_service.go:455.64,457.3 1 0
pinz/backend/auth-service/internal/services/auth_service.go:459.2,460.16 2 0
pinz/backend/auth-service/internal/services/auth_service.go:460.16,463.3 2 0
pinz/backend/auth-service/internal/services/auth_service.go:465.2,466.16 2 0
pinz/backend/auth-service/internal/services/auth_service.go:466.16,468.3 1 0
pinz/backend/auth-service/internal/services/auth_service.go:469.2,477.16 3 0
pinz/backend/auth-service/internal/services/auth_service.go:477.16,479.3 1 0
pinz/backend/auth-service/internal/services/auth_service.go:480.2,481.16 2 0
pinz/backend/auth-service/internal/services/auth_service.go:481.16,487.3 2 0
pinz/backend/auth-service/internal/services/auth_service.go:489.2,489.65 1 0
pinz/backend/auth-service/internal/services/auth_service.go:489.65,491.3 1 0
pinz/backend/auth-service/internal/services/auth_service.go:492.2,501.16 5 0
pinz/backend/auth-service/internal/services/auth_service.go:501.16,503.3 1 0
pinz/backend/auth-service/internal/services/auth_service.go:504.2,507.8 1 0
pinz/backend/auth-service/internal/services/auth_service.go:510.120,515.14 4 1
pinz/backend/auth-service/internal/services/auth_service.go:515.14,517.3 1 1
pinz/backend/auth-service/internal/services/auth_service.go:519.2,520.26 2 1
pinz/backend/auth-service/internal/services/auth_service.go:520.26,522.3 1 1
pinz/backend/auth-service/internal/services/auth_service.go:523.2,523.16 1 1
pinz/backend/auth-service/internal/services/auth_service.go:523.16,526.3 2 0
pinz/backend/auth-service/internal/services/auth_service.go:527.2,527.37 1 1
pinz/backend/auth-service/internal/services/auth_service.go:527.37,529.3 1 1
pinz/backend/auth-service/internal/services/auth_service.go:532.2,532.104 1 1
pinz/backend/auth-service/internal/services/auth_service.go:532.104,535.3 2 0
pinz/backend/auth-service/internal/services/auth_service.go:537.2,538.16 2 1
pinz/backend/auth-service/internal/services/auth_service.go:538.16,541.3 2 0
pinz/backend/auth-service/internal/services/auth_service.go:543.2,544.18 2 1
pinz/backend/auth-service/internal/services/auth_service.go:544.18,546.3 1 0
pinz/backend/auth-service/internal/services/auth_service.go:547.2,548.16 2 1
pinz/backend/auth-service/internal/services/auth_service.go:548.16,550.3 1 0
pinz/backend/auth-service/internal/services/auth_service.go:552.2,553.64 2 1
pinz/backend/auth-service/internal/services/auth_service.go:556.102,561.14 4 1
pinz/backend/auth-service/internal/services/auth_service.go:561.14,563.3 1 1
pinz/backend/auth-service/internal/services/auth_service.go:565.2,566.26 2 1
[...]
pinz/backend/auth-service/internal/services/auth_service.go:543.2,544.18 2 0
pinz/backend/auth-service/internal/services/auth_service.go:544.18,546.3 1 0
pinz/backend/auth-service/internal/services/auth_service.go:547.2,548.16 2 0
pinz/backend/auth-service/internal/services/auth_service.go:548.16,550.3 1 0
pinz/backend/auth-service/internal/services/auth_service.go:552.2,553.64 2 0
pinz/backend/auth-service/internal/services/auth_service.go:556.102,561.14 4 0
pinz/backend/auth-service/internal/services/auth_service.go:561.14,563.3 1 0
pinz/backend/auth-service/internal/services/auth_service.go:565.2,566.26 2 0
pinz/backend/auth-service/internal/services/auth_service.go:566.26,568.3 1 0
pinz/backend/auth-service/internal/services/auth_service.go:569.2,569.16 1 0
pinz/backend/auth-service/internal/services/auth_service.go:569.16,572.3 2 0
pinz/backend/auth-service/internal/services/auth_service.go:573.2,573.62 1 0
pinz/backend/auth-service/internal/services/auth_service.go:573.62,576.3 2 0
pinz/backend/auth-service/internal/services/auth_service.go:577.2,577.47 1 0
pinz/backend/auth-service/internal/services/auth_service.go:580.115,585.18 4 0
pinz/backend/auth-service/internal/services/auth_service.go:585.18,587.3 1 0
pinz/backend/auth-service/internal/services/auth_service.go:588.2,589.16 2 0
pinz/backend/auth-service/internal/services/auth_service.go:589.16,591.3 1 0
pinz/backend/auth-service/internal/services/auth_service.go:592.2,593.16 2 0
pinz/backend/auth-service/internal/services/auth_service.go:593.16,595.3 1 0
pinz/backend/auth-service/internal/services/auth_service.go:596.2,597.77 2 0
pinz/backend/auth-service/internal/services/auth_service.go:597.77,600.3 2 0
pinz/backend/auth-service/internal/services/auth_service.go:601.2,604.8 1 0
pinz/backend/auth-service/internal/services/auth_service.go:607.108,613.24 3 0
pinz/backend/auth-service/internal/services/auth_service.go:613.24,615.3 1 0
pinz/backend/auth-service/internal/services/auth_service.go:617.2,618.17 2 0
pinz/backend/auth-service/internal/services/auth_service.go:618.17,620.3 1 0
pinz/backend/auth-service/internal/services/auth_service.go:622.2,623.26 2 0
pinz/backend/auth-service/internal/services/auth_service.go:623.26,625.3 1 0
pinz/backend/auth-service/internal/services/auth_service.go:626.2,626.16 1 0
pinz/backend/auth-service/internal/services/auth_service.go:626.16,629.3 2 0
pinz/backend/auth-service/internal/services/auth_service.go:631.2,637.16 3 0
pinz/backend/auth-service/internal/services/auth_service.go:637.16,639.3 1 0
pinz/backend/auth-service/internal/services/auth_service.go:640.2,643.8 1 0
pinz/backend/auth-service/internal/services/auth_service.go:646.81,648.38 2 0
pinz/backend/auth-service/internal/services/auth_service.go:648.38,650.17 2 0
pinz/backend/auth-service/internal/services/auth_service.go:650.17,652.4 1 0
pinz/backend/auth-service/internal/services/auth_service.go:652.9,654.4 1 0
pinz/backend/auth-service/internal/services/auth_service.go:656.2,662.3 1 0
pinz/backend/auth-service/internal/services/auth_service.go:665.114,670.18 4 0
pinz/backend/auth-service/internal/services/auth_service.go:670.18,672.3 1 0
pinz/backend/auth-service/internal/services/auth_service.go:674.2,675.26 2 0
pinz/backend/auth-service/internal/services/auth_service.go:675.26,677.3 1 0
pinz/backend/auth-service/internal/services/auth_service.go:678.2,678.16 1 0
pinz/backend/auth-service/internal/services/auth_service.go:678.16,681.3 2 0
pinz/backend/auth-service/internal/services/auth_service.go:683.2,683.65 1 0
pinz/backend/auth-service/internal/services/auth_service.go:688.132,693.23 4 0
pinz/backend/auth-service/internal/services/auth_service.go:693.23,695.3 1 0
pinz/backend/auth-service/internal/services/auth_service.go:696.2,697.16 2 0
pinz/backend/auth-service/internal/services/auth_service.go:697.16,700.3 2 0
pinz/backend/auth-service/internal/services/auth_service.go:701.2,702.26 2 0
pinz/backend/auth-service/internal/services/auth_service.go:702.26,704.3 1 0
pinz/backend/auth-service/internal/services/auth_service.go:705.2,706.29 2 0
pinz/backend/auth-service/internal/services/auth_service.go:706.29,708.10 2 0
pinz/backend/auth-service/internal/services/auth_service.go:708.10,710.12 2 0
pinz/backend/auth-service/internal/services/auth_service.go:712.3,713.39 2 0
pinz/backend/auth-service/internal/services/auth_service.go:713.39,714.64 1 0
pinz/backend/auth-service/internal/services/auth_service.go:714.64,716.5 1 0
pinz/backend/auth-service/internal/services/auth_service.go:718.3,723.5 1 0
pinz/backend/auth-service/internal/services/auth_service.go:725.2,725.62 1 0
pinz/backend/auth-service/internal/services/auth_service.go:730.144,735.18 4 0
pinz/backend/auth-service/internal/services/auth_service.go:735.18,737.3 1 0
pinz/backend/auth-service/internal/services/auth_service.go:739.2,740.35 2 0
pinz/backend/auth-service/internal/services/auth_service.go:740.35,742.3 1 0
pinz/backend/auth-service/internal/services/auth_service.go:743.2,743.16 1 0
pinz/backend/auth-service/internal/services/auth_service.go:743.16,746.3 2 0
pinz/backend/auth-service/internal/services/auth_service.go:748.2,749.38 2 0
pinz/backend/auth-service/internal/services/auth_service.go:749.38,750.63 1 0
pinz/backend/auth-service/internal/services/auth_service.go:750.63,752.4 1 0
pinz/backend/auth-service/internal/services/auth_service.go:752.9,754.4 1 0
pinz/backend/auth-service/internal/services/auth_service.go:757.2,758.16 2 0
pinz/backend/auth-service/internal/services/auth_service.go:758.16,760.3 1 0
pinz/backend/auth-service/internal/services/auth_service.go:762.2,770.8 1 0
pinz/backend/auth-service/internal/services/auth_service.go:773.123,779.18 5 0
pinz/backend/auth-service/internal/services/auth_service.go:779.18,781.3 1 0
pinz/backend/auth-service/internal/services/auth_service.go:782.2,782.75 1 0
pinz/backend/auth-service/internal/services/auth_service.go:782.75,784.3 1 0
pinz/backend/auth-service/internal/services/auth_service.go:785.2,785.39 1 0
pinz/backend/auth-service/internal/services/auth_service.go:785.39,787.3 1 0
pinz/backend/auth-service/internal/services/auth_service.go:789.2,790.16 2 0
pinz/backend/auth-service/internal/services/auth_service.go:790.16,793.3 2 0
pinz/backend/auth-service/internal/services/auth_service.go:795.2,795.68 1 0
pinz/backend/auth-service/internal/services/auth_service.go:798.117,804.36 5 0
pinz/backend/auth-service/internal/services/auth_service.go:804.36,806.3 1 0
pinz/backend/auth-service/internal/services/auth_service.go:807.2,807.68 1 0
pinz/backend/auth-service/internal/services/auth_service.go:807.68,809.3 1 0
pinz/backend/auth-service/internal/services/auth_service.go:811.2,812.41 2 0
pinz/backend/auth-service/internal/services/auth_service.go:812.41,814.3 1 0
pinz/backend/auth-service/internal/services/auth_service.go:815.2,815.40 1 0
pinz/backend/auth-service/internal/services/auth_service.go:815.40,818.3 2 0
pinz/backend/auth-service/internal/services/auth_service.go:820.2,822.89 3 0
pinz/backend/auth-service/internal/services/auth_service.go:822.89,825.3 2 0
pinz/backend/auth-service/internal/services/auth_service.go:826.2,826.74 1 0
pinz/backend/auth-service/internal/services/auth_service.go:826.74,828.3 1 0
pinz/backend/auth-service/internal/services/auth_service.go:830.2,834.17 1 0
pinz/backend/auth-service/internal/services/auth_service.go:834.17,836.3 1 0
pinz/backend/auth-service/internal/services/auth_service.go:838.2,839.52 2 0
pinz/backend/auth-service/internal/services/auth_service.go:842.138,848.32 5 0
pinz/backend/auth-service/internal/services/auth_service.go:848.32,850.3 1 0
pinz/backend/auth-service/internal/services/auth_service.go:852.2,854.34 3 0
pinz/backend/auth-service/internal/services/auth_service.go:854.34,856.3 1 0
pinz/backend/auth-service/internal/services/auth_service.go:857.2,857.26 1 0
pinz/backend/auth-service/internal/services/auth_service.go:857.26,859.3 1 0
pinz/backend/auth-service/internal/services/auth_service.go:861.2,862.16 2 0
pinz/backend/auth-service/internal/services/auth_service.go:862.16,863.29 1 0
pinz/backend/auth-service/internal/services/auth_service.go:863.29,865.4 1 0
pinz/backend/auth-service/internal/services/auth_service.go:866.3,867.69 2 0
pinz/backend/auth-service/internal/services/auth_service.go:870.2,872.73 3 0
pinz/backend/auth-service/internal/services/auth_service.go:875.141,882.36 6 0
pinz/backend/auth-service/internal/services/auth_service.go:882.36,884.3 1 0
pinz/backend/auth-service/internal/services/auth_service.go:886.2,887.15 2 0
pinz/backend/auth-service/internal/services/auth_service.go:887.15,889.3 1 0
pinz/backend/auth-service/internal/services/auth_service.go:890.2,890.13 1 0
pinz/backend/auth-service/internal/services/auth_service.go:891.40,891.40 0 0
pinz/backend/auth-service/internal/services/auth_service.go:893.10,894.95 1 0
pinz/backend/auth-service/internal/services/auth_service.go:897.2,897.17 1 0
pinz/backend/auth-service/internal/services/auth_service.go:897.17,899.3 1 0
pinz/backend/auth-service/internal/services/auth_service.go:900.2,903.16 3 0
pinz/backend/auth-service/internal/services/auth_service.go:903.16,906.3 2 0
pinz/backend/auth-service/internal/services/auth_service.go:908.2,911.8 1 0
pinz/backend/auth-service/internal/services/auth_service.go:914.141,920.33 5 0
pinz/backend/auth-service/internal/services/auth_service.go:920.33,922.3 1 0
pinz/backend/auth-service/internal/services/auth_service.go:924.2,925.50 2 0
pinz/backend/auth-service/internal/services/auth_service.go:925.50,927.3 1 0
pinz/backend/auth-service/internal/services/auth_service.go:928.2,928.92 1 0
pinz/backend/auth-service/internal/services/auth_service.go:928.92,929.67 1 0
pinz/backend/auth-service/internal/services/auth_service.go:929.67,931.4 1 0
pinz/backend/auth-service/internal/services/auth_service.go:934.2,935.16 2 0
pinz/backend/auth-service/internal/services/auth_service.go:935.16,938.3 2 0
pinz/backend/auth-service/internal/services/auth_service.go:940.2,940.74 1 0
pinz/backend/auth-service/internal/services/auth_service.go:943.120,948.18 4 0
pinz/backend/auth-service/internal/services/auth_service.go:948.18,950.3 1 0
pinz/backend/auth-service/internal/services/auth_service.go:952.2,953.16 2 0
pinz/backend/auth-service/internal/services/auth_service.go:953.16,954.36 1 0
pinz/backend/auth-service/internal/services/auth_service.go:954.36,956.4 1 0
pinz/backend/auth-service/internal/services/auth_service.go:957.3,958.65 2 0
pinz/backend/auth-service/internal/services/auth_service.go:961.2,961.38 1 0
pinz/backend/auth-service/internal/services/auth_service.go:961.38,962.61 1 0
pinz/backend/auth-service/internal/services/auth_service.go:962.61,964.4 1 0
pinz/backend/auth-service/internal/services/auth_service.go:967.2,968.16 2 0
pinz/backend/auth-service/internal/services/auth_service.go:968.16,971.3 2 0
pinz/backend/auth-service/internal/services/auth_service.go:973.2,973.67 1 0
pinz/backend/auth-service/internal/services/auth_service.go:976.123,981.18 4 0
pinz/backend/auth-service/internal/services/auth_service.go:981.18,983.3 1 0
pinz/backend/auth-service/internal/services/auth_service.go:985.2,985.54 1 0
pinz/backend/auth-service/internal/services/auth_service.go:985.54,988.3 2 0
pinz/backend/auth-service/internal/services/auth_service.go:990.2,991.54 2 0
pinz/backend/auth-service/internal/services/auth_service.go:994.40,996.45 2 0
pinz/backend/auth-service/internal/services/auth_service.go:996.45,998.3 1 0
pinz/backend/auth-service/internal/services/auth_service.go:999.2,999.14 1 0
pinz/backend/auth-service/internal/services/desired_place_service.go:34.135,39.18 4 0
pinz/backend/auth-service/internal/services/desired_place_service.go:39.18,41.3 1 0
pinz/backend/auth-service/internal/services/desired_place_service.go:42.2,45.16 3 0
pinz/backend/auth-service/internal/services/desired_place_service.go:45.16,47.3 1 0
pinz/backend/auth-service/internal/services/desired_place_service.go:48.2,48.59 1 0
pinz/backend/auth-service/internal/services/desired_place_service.go:51.138,56.18 4 0
pinz/backend/auth-service/internal/services/desired_place_service.go:56.18,58.3 1 0
pinz/backend/auth-service/internal/services/desired_place_service.go:59.2,61.71 3 0
pinz/backend/auth-service/internal/services/desired_place_service.go:61.71,63.3 1 0
pinz/backend/auth-service/internal/services/desired_place_service.go:65.2,73.16 3 0
pinz/backend/auth-service/internal/services/desired_place_service.go:73.16,76.3 2 0
pinz/backend/auth-service/internal/services/desired_place_service.go:77.2,77.88 1 0
pinz/backend/auth-service/internal/services/desired_place_service.go:80.138,86.35 5 0
pinz/backend/auth-service/internal/services/desired_place_service.go:86.35,88.3 1 0
pinz/backend/auth-service/internal/services/desired_place_service.go:89.2,91.71 3 0
pinz/backend/auth-service/internal/services/desired_place_service.go:91.71,93.3 1 0
pinz/backend/auth-service/internal/services/desired_place_service.go:95.2,96.35 2 0
pinz/backend/auth-service/internal/services/desired_place_service.go:96.35,98.3 1 0
pinz/backend/auth-service/internal/services/desired_place_service.go:99.2,99.16 1 0
pinz/backend/auth-service/internal/services/desired_place_service.go:99.16,102.3 2 0
pinz/backend/auth-service/internal/services/desired_place_service.go:103.2,103.31 1 0
pinz/backend/auth-service/internal/services/desired_place_service.go:103.31,105.3 1 0
pinz/backend/auth-service/internal/services/desired_place_service.go:107.2,108.26 2 0
pinz/backend/auth-service/internal/services/desired_place_service.go:108.26,111.17 3 0
pinz/backend/auth-service/internal/services/desired_place_service.go:111.17,114.4 2 0
pinz/backend/auth-service/internal/services/desired_place_service.go:115.3,115.76 1 0
pinz/backend/auth-service/internal/services/desired_place_service.go:115.76,116.70 1 0
pinz/backend/auth-service/internal/services/desired_place_service.go:116.70,118.5 1 0
pinz/backend/auth-service/internal/services/desired_place_service.go:120.8,122.17 2 0
pinz/backend/auth-service/internal/services/desired_place_service.go:122.17,125.4 2 0
pinz/backend/auth-service/internal/services/desired_place_service.go:127.2,127.88 1 0
pinz/backend/auth-service/internal/services/desired_place_service.go:130.138,136.35 5 0
pinz/backend/auth-service/internal/services/desired_place_service.go:136.35,138.3 1 0
pinz/backend/auth-service/internal/services/desired_place_service.go:140.2,141.35 2 0
pinz/backend/auth-service/internal/services/desired_place_service.go:141.35,143.3 1 0
pinz/backend/auth-service/internal/services/desired_place_service.go:144.2,144.16 1 0
pinz/backend/auth-service/internal/services/desired_place_service.go:144.16,147.3 2 0
pinz/backend/auth-service/internal/services/desired_place_service.go:148.2,148.31 1 0
pinz/backend/auth-service/internal/services/desired_place_service.go:148.31,150.3 1 0
pinz/backend/auth-service/internal/services/desired_place_service.go:152.2,152.59 1 0
pinz/backend/auth-service/internal/services/desired_place_service.go:152.59,155.3 2 0
pinz/backend/auth-service/internal/services/desired_place_service.go:157.2,157.44 1 0
pinz/backend/auth-service/internal/services/desired_place_service.go:157.44,158.69 1 0
pinz/backend/auth-service/internal/services/desired_place_service.go:158.69,160.4 1 0
pinz/backend/auth-service/internal/services/desired_place_service.go:162.2,162.59 1 0
pinz/backend/auth-service/internal/services/desired_place_service.go:165.174,171.36 5 0
pinz/backend/auth-service/internal/services/desired_place_service.go:171.36,173.3 1 0
pinz/backend/auth-service/internal/services/desired_place_service.go:174.2,174.17 1 0
pinz/backend/auth-service/internal/services/desired_place_service.go:174.17,176.3 1 0
pinz/backend/auth-service/internal/services/desired_place_service.go:178.2,179.15 2 0
pinz/backend/auth-service/internal/services/desired_place_service.go:179.15,181.3 1 0
pinz/backend/auth-service/internal/services/desired_place_service.go:182.2,182.52 1 0
pinz/backend/auth-service/internal/services/desired_place_service.go:182.52,184.3 1 0
pinz/backend/auth-service/internal/services/desired_place_service.go:186.2,188.16 3 0
pinz/backend/auth-service/internal/services/desired_place_service.go:188.16,191.3 2 0
pinz/backend/auth-service/internal/services/desired_place_service.go:192.2,192.92 1 0
pinz/backend/auth-service/internal/services/desired_place_service.go:195.153,201.35 5 0
pinz/backend/auth-service/internal/services/desired_place_service.go:201.35,203.3 1 0
pinz/backend/auth-service/internal/services/desired_place_service.go:205.2,206.35 2 0
pinz/backend/auth-service/internal/services/desired_place_service.go:206.35,208.3 1 0
pinz/backend/auth-service/internal/services/desired_place_service.go:209.2,209.16 1 0
pinz/backend/auth-service/internal/services/desired_place_service.go:209.16,212.3 2 0
pinz/backend/auth-service/internal/services/desired_place_service.go:213.2,213.31 1 0
pinz/backend/auth-service/internal/services/desired_place_service.go:213.31,215.3 1 0
pinz/backend/auth-service/internal/services/desired_place_service.go:217.2,218.16 2 0
pinz/backend/auth-service/internal/services/desired_place_service.go:218.16,221.3 2 0
pinz/backend/auth-service/internal/services/desired_place_service.go:223.2,223.44 1 0
pinz/backend/auth-service/internal/services/desired_place_service.go:223.44,224.69 1 0
pinz/backend/auth-service/internal/services/desired_place_service.go:224.69,226.4 1 0
pinz/backend/auth-service/internal/services/desired_place_service.go:228.2,228.93 1 0
pinz/backend/auth-service/internal/services/desired_place_service.go:231.110,232.31 1 0
pinz/backend/auth-service/internal/services/desired_place_service.go:232.31,234.3 1 0
pinz/backend/auth-service/internal/services/desired_place_service.go:235.2,236.16 2 0
pinz/backend/auth-service/internal/services/desired_place_service.go:236.16,239.3 2 0
pinz/backend/auth-service/internal/services/desired_place_service.go:240.2,241.25 2 0
pinz/backend/auth-service/internal/services/desired_place_service.go:241.25,243.3 1 0
pinz/backend/auth-service/internal/services/desired_place_service.go:244.2,244.17 1 0
pinz/backend/auth-service/internal/services/desired_place_service.go:247.105,249.37 2 0
pinz/backend/auth-service/internal/services/desired_place_service.go:249.37,250.60 1 0
pinz/backend/auth-service/internal/services/desired_place_service.go:250.60,252.4 1 0
pinz/backend/auth-service/internal/services/desired_place_service.go:252.9,254.4 1 0
pinz/backend/auth-service/internal/services/desired_place_service.go:256.2,263.3 1 0
pinz/backend/auth-service/internal/services/desired_place_service.go:266.66,267.16 1 0
pinz/backend/auth-service/internal/services/desired_place_service.go:267.16,269.3 1 0
pinz/backend/auth-service/internal/services/desired_place_service.go:270.2,270.48 1 0
pinz/backend/auth-service/internal/services/desired_place_service.go:270.48,272.3 1 0
pinz/backend/auth-service/internal/services/desired_place_service.go:273.2,273.23 1 0
pinz/backend/auth-service/internal/services/desired_place_service.go:273.23,275.3 1 0
pinz/backend/auth-service/internal/services/desired_place_service.go:276.2,276.62 1 0
pinz/backend/auth-service/internal/services/desired_place_service.go:276.62,278.3 1 0
pinz/backend/auth-service/internal/services/desired_place_service.go:279.2,279.12 1 0
pinz/backend/auth-service/internal/services/validation.go:7.51,9.2 1 0
pinz/backend/auth-service/internal/utils/jwt.go:11.78,20.2 3 1
pinz/backend/auth-service/internal/utils/jwt.go:22.45,24.40 2 1
pinz/backend/auth-service/internal/utils/jwt.go:24.40,26.3 1 0
pinz/backend/auth-service/internal/utils/jwt.go:27.2,27.50 1 1
pinz/backend/auth-service/internal/utils/verification_code.go:8.40,12.11 4 1
pinz/backend/auth-service/internal/utils/verification_code.go:12.11,14.3 1 0
pinz/backend/auth-service/internal/utils/verification_code.go:15.2,15.37 1 1
