mode: set
pinz/backend/api-gateway-service/internal/clients/statistics/statistics_client.go:25.35,27.16 2 0
pinz/backend/api-gateway-service/internal/clients/statistics/statistics_client.go:27.16,30.3 2 0
pinz/backend/api-gateway-service/internal/clients/statistics/statistics_client.go:31.2,35.16 2 0
pinz/backend/api-gateway-service/internal/clients/statistics/statistics_client.go:35.16,37.3 1 0
pinz/backend/api-gateway-service/internal/clients/statistics/statistics_client.go:38.2,41.8 1 0
pinz/backend/api-gateway-service/internal/clients/statistics/statistics_client.go:44.62,46.18 2 0
pinz/backend/api-gateway-service/internal/clients/statistics/statistics_client.go:46.18,48.3 1 0
pinz/backend/api-gateway-service/internal/clients/statistics/statistics_client.go:49.2,49.73 1 0
pinz/backend/api-gateway-service/internal/clients/statistics/statistics_client.go:52.115,54.2 1 0
pinz/backend/api-gateway-service/internal/clients/statistics/statistics_client.go:56.136,58.2 1 0
pinz/backend/api-gateway-service/internal/clients/statistics/statistics_client.go:60.32,62.2 1 0
pinz/backend/api-gateway-service/internal/clients/notification/notification_client.go:25.35,27.16 2 0
pinz/backend/api-gateway-service/internal/clients/notification/notification_client.go:27.16,30.3 2 0
pinz/backend/api-gateway-service/internal/clients/notification/notification_client.go:31.2,35.16 2 0
pinz/backend/api-gateway-service/internal/clients/notification/notification_client.go:35.16,37.3 1 0
pinz/backend/api-gateway-service/internal/clients/notification/notification_client.go:38.2,38.80 1 0
pinz/backend/api-gateway-service/internal/clients/notification/notification_client.go:41.62,43.18 2 0
pinz/backend/api-gateway-service/internal/clients/notification/notification_client.go:43.18,45.3 1 0
pinz/backend/api-gateway-service/internal/clients/notification/notification_client.go:46.2,46.73 1 0
pinz/backend/api-gateway-service/internal/clients/notification/notification_client.go:49.136,51.2 1 0
pinz/backend/api-gateway-service/internal/clients/notification/notification_client.go:53.142,55.2 1 0
pinz/backend/api-gateway-service/internal/clients/notification/notification_client.go:57.32,59.2 1 0
pinz/backend/api-gateway-service/internal/clients/trip/trip_client.go:25.35,27.16 2 0
pinz/backend/api-gateway-service/internal/clients/trip/trip_client.go:27.16,30.3 2 0
pinz/backend/api-gateway-service/internal/clients/trip/trip_client.go:31.2,35.16 2 0
pinz/backend/api-gateway-service/internal/clients/trip/trip_client.go:35.16,37.3 1 0
pinz/backend/api-gateway-service/internal/clients/trip/trip_client.go:38.2,41.8 1 0
pinz/backend/api-gateway-service/internal/clients/trip/trip_client.go:45.62,47.18 2 0
pinz/backend/api-gateway-service/internal/clients/trip/trip_client.go:47.18,49.3 1 0
pinz/backend/api-gateway-service/internal/clients/trip/trip_client.go:50.2,50.73 1 0
pinz/backend/api-gateway-service/internal/clients/trip/trip_client.go:53.109,55.2 1 0
pinz/backend/api-gateway-service/internal/clients/trip/trip_client.go:57.100,59.2 1 0
pinz/backend/api-gateway-service/internal/clients/trip/trip_client.go:61.118,63.2 1 0
pinz/backend/api-gateway-service/internal/clients/trip/trip_client.go:65.109,67.2 1 0
pinz/backend/api-gateway-service/internal/clients/trip/trip_client.go:69.109,71.2 1 0
pinz/backend/api-gateway-service/internal/clients/trip/trip_client.go:73.145,75.2 1 0
pinz/backend/api-gateway-service/internal/clients/trip/trip_client.go:77.145,79.2 1 0
pinz/backend/api-gateway-service/internal/clients/trip/trip_client.go:81.124,83.2 1 0
pinz/backend/api-gateway-service/internal/clients/trip/trip_client.go:85.133,87.2 1 0
pinz/backend/api-gateway-service/internal/clients/trip/trip_client.go:89.124,91.2 1 0
pinz/backend/api-gateway-service/internal/clients/trip/trip_client.go:93.130,95.2 1 0
pinz/backend/api-gateway-service/internal/clients/trip/trip_client.go:97.106,99.2 1 0
pinz/backend/api-gateway-service/internal/clients/trip/trip_client.go:101.139,103.2 1 0
pinz/backend/api-gateway-service/internal/clients/trip/trip_client.go:105.142,107.2 1 0
pinz/backend/api-gateway-service/internal/clients/trip/trip_client.go:109.118,111.2 1 0
pinz/backend/api-gateway-service/internal/clients/trip/trip_client.go:113.115,115.2 1 0
pinz/backend/api-gateway-service/internal/clients/trip/trip_client.go:117.112,119.2 1 0
pinz/backend/api-gateway-service/internal/clients/trip/trip_client.go:121.133,123.2 1 0
pinz/backend/api-gateway-service/internal/clients/trip/trip_client.go:125.103,127.2 1 0
pinz/backend/api-gateway-service/internal/clients/trip/trip_client.go:129.103,131.2 1 0
pinz/backend/api-gateway-service/internal/clients/trip/trip_client.go:133.112,135.2 1 0
pinz/backend/api-gateway-service/internal/clients/trip/trip_client.go:137.124,139.2 1 0
pinz/backend/api-gateway-service/internal/clients/trip/trip_client.go:141.139,143.2 1 0
pinz/backend/api-gateway-service/internal/clients/trip/trip_client.go:145.121,147.2 1 0
pinz/backend/api-gateway-service/internal/clients/trip/trip_client.go:149.118,151.2 1 0
pinz/backend/api-gateway-service/internal/clients/trip/trip_client.go:153.154,155.2 1 0
pinz/backend/api-gateway-service/internal/clients/trip/trip_client.go:157.139,159.2 1 0
pinz/backend/api-gateway-service/internal/clients/trip/trip_client.go:161.148,163.2 1 0
pinz/backend/api-gateway-service/internal/clients/trip/trip_client.go:165.148,167.2 1 0
pinz/backend/api-gateway-service/internal/clients/trip/trip_client.go:169.136,171.2 1 0
pinz/backend/api-gateway-service/internal/clients/trip/trip_client.go:173.166,175.2 1 0
pinz/backend/api-gateway-service/internal/clients/trip/trip_client.go:177.130,179.2 1 0
pinz/backend/api-gateway-service/internal/clients/trip/trip_client.go:181.124,183.2 1 0
pinz/backend/api-gateway-service/internal/clients/trip/trip_client.go:185.121,187.2 1 0
pinz/backend/api-gateway-service/internal/clients/trip/trip_client.go:189.127,191.2 1 0
pinz/backend/api-gateway-service/internal/clients/trip/trip_client.go:193.142,195.2 1 0
pinz/backend/api-gateway-service/internal/clients/trip/trip_client.go:197.112,199.2 1 0
pinz/backend/api-gateway-service/internal/clients/trip/trip_client.go:201.133,203.2 1 0
pinz/backend/api-gateway-service/internal/clients/trip/trip_client.go:205.124,207.2 1 0
pinz/backend/api-gateway-service/internal/clients/trip/trip_client.go:209.109,211.2 1 0
pinz/backend/api-gateway-service/internal/clients/trip/trip_client.go:213.126,215.2 1 0
pinz/backend/api-gateway-service/internal/clients/trip/trip_client.go:217.124,219.2 1 0
pinz/backend/api-gateway-service/internal/clients/trip/trip_client.go:221.128,223.2 1 0
pinz/backend/api-gateway-service/internal/clients/trip/trip_client.go:227.97,229.2 1 0
pinz/backend/api-gateway-service/internal/clients/trip/trip_client.go:231.106,233.2 1 0
pinz/backend/api-gateway-service/internal/clients/trip/trip_client.go:235.106,237.2 1 0
pinz/backend/api-gateway-service/internal/clients/trip/trip_client.go:239.133,241.2 1 0
pinz/backend/api-gateway-service/internal/clients/trip/trip_client.go:245.121,247.2 1 0
pinz/backend/api-gateway-service/internal/clients/trip/trip_client.go:249.139,251.2 1 0
pinz/backend/api-gateway-service/internal/clients/trip/trip_client.go:253.124,255.2 1 0
pinz/backend/api-gateway-service/internal/clients/trip/trip_client.go:257.127,259.2 1 0
pinz/backend/api-gateway-service/internal/clients/trip/trip_client.go:261.133,263.2 1 0
pinz/backend/api-gateway-service/internal/clients/trip/trip_client.go:265.130,267.2 1 0
pinz/backend/api-gateway-service/internal/clients/trip/trip_client.go:269.124,271.2 1 0
pinz/backend/api-gateway-service/internal/clients/trip/trip_client.go:273.133,275.2 1 0
pinz/backend/api-gateway-service/internal/clients/trip/trip_client.go:277.133,279.2 1 0
pinz/backend/api-gateway-service/internal/clients/trip/trip_client.go:281.32,283.2 1 0
pinz/backend/api-gateway-service/internal/clients/auth/auth_client.go:21.35,23.16 2 0
pinz/backend/api-gateway-service/internal/clients/auth/auth_client.go:23.16,26.3 2 0
pinz/backend/api-gateway-service/internal/clients/auth/auth_client.go:27.2,31.16 2 0
pinz/backend/api-gateway-service/internal/clients/auth/auth_client.go:31.16,33.3 1 0
pinz/backend/api-gateway-service/internal/clients/auth/auth_client.go:34.2,37.8 1 0
pinz/backend/api-gateway-service/internal/clients/auth/auth_client.go:40.112,42.2 1 0
pinz/backend/api-gateway-service/internal/clients/auth/auth_client.go:44.124,46.2 1 0
pinz/backend/api-gateway-service/internal/clients/auth/auth_client.go:48.139,50.2 1 0
pinz/backend/api-gateway-service/internal/clients/auth/auth_client.go:52.142,54.2 1 0
pinz/backend/api-gateway-service/internal/clients/auth/auth_client.go:56.130,58.2 1 0
pinz/backend/api-gateway-service/internal/clients/auth/auth_client.go:60.133,62.2 1 0
pinz/backend/api-gateway-service/internal/clients/auth/auth_client.go:64.115,66.2 1 0
pinz/backend/api-gateway-service/internal/clients/auth/auth_client.go:68.97,70.2 1 0
pinz/backend/api-gateway-service/internal/clients/auth/auth_client.go:72.103,74.2 1 0
pinz/backend/api-gateway-service/internal/clients/auth/auth_client.go:76.109,78.2 1 0
pinz/backend/api-gateway-service/internal/clients/auth/auth_client.go:80.118,82.2 1 0
pinz/backend/api-gateway-service/internal/clients/auth/auth_client.go:84.112,86.2 1 0
pinz/backend/api-gateway-service/internal/clients/auth/auth_client.go:88.133,90.2 1 0
pinz/backend/api-gateway-service/internal/clients/auth/auth_client.go:92.136,94.2 1 0
pinz/backend/api-gateway-service/internal/clients/auth/auth_client.go:96.136,98.2 1 0
pinz/backend/api-gateway-service/internal/clients/auth/auth_client.go:100.115,102.2 1 0
pinz/backend/api-gateway-service/internal/clients/auth/auth_client.go:104.118,106.2 1 0
pinz/backend/api-gateway-service/internal/clients/auth/auth_client.go:108.127,110.2 1 0
pinz/backend/api-gateway-service/internal/clients/auth/auth_client.go:112.130,114.2 1 0
pinz/backend/api-gateway-service/internal/clients/auth/auth_client.go:116.133,118.2 1 0
pinz/backend/api-gateway-service/internal/clients/auth/auth_client.go:120.133,122.2 1 0
pinz/backend/api-gateway-service/internal/clients/auth/auth_client.go:124.133,126.2 1 0
pinz/backend/api-gateway-service/internal/clients/auth/auth_client.go:128.169,130.2 1 0
pinz/backend/api-gateway-service/internal/clients/auth/auth_client.go:132.148,134.2 1 0
pinz/backend/api-gateway-service/internal/clients/auth/auth_client.go:136.139,138.2 1 0
pinz/backend/api-gateway-service/internal/clients/auth/auth_client.go:140.32,142.2 1 0
pinz/backend/api-gateway-service/internal/metrics/metrics.go:23.13,38.26 6 0
pinz/backend/api-gateway-service/internal/metrics/metrics.go:38.26,39.78 1 0
pinz/backend/api-gateway-service/internal/metrics/metrics.go:39.78,42.38 3 0
pinz/backend/api-gateway-service/internal/metrics/metrics.go:42.38,44.5 1 0
pinz/backend/api-gateway-service/internal/metrics/metrics.go:45.4,45.14 1 0
pinz/backend/api-gateway-service/internal/metrics/metrics.go:50.53,51.24 1 0
pinz/backend/api-gateway-service/internal/metrics/metrics.go:51.24,53.3 1 0
pinz/backend/api-gateway-service/internal/metrics/metrics.go:54.2,54.84 1 0
pinz/backend/api-gateway-service/internal/metrics/metrics.go:57.62,58.23 1 0
pinz/backend/api-gateway-service/internal/metrics/metrics.go:58.23,60.3 1 0
pinz/backend/api-gateway-service/internal/metrics/metrics.go:61.2,64.4 1 0
pinz/backend/api-gateway-service/internal/metrics/metrics.go:67.65,68.26 1 0
pinz/backend/api-gateway-service/internal/metrics/metrics.go:68.26,70.3 1 0
pinz/backend/api-gateway-service/internal/metrics/metrics.go:71.2,74.4 1 0
pinz/backend/api-gateway-service/internal/metrics/metrics.go:77.35,81.9 4 0
pinz/backend/api-gateway-service/internal/metrics/metrics.go:81.9,85.3 3 0
pinz/backend/api-gateway-service/internal/metrics/metrics.go:86.2,86.23 1 0
pinz/backend/api-gateway-service/internal/metrics/metrics.go:89.35,92.37 3 0
pinz/backend/api-gateway-service/internal/metrics/metrics.go:92.37,94.3 1 0
pinz/backend/api-gateway-service/internal/services/auth_service.go:69.57,71.2 1 0
pinz/backend/api-gateway-service/internal/services/auth_service.go:73.103,75.2 1 0
pinz/backend/api-gateway-service/internal/services/auth_service.go:77.138,82.2 1 0
pinz/backend/api-gateway-service/internal/services/auth_service.go:84.140,89.2 1 0
pinz/backend/api-gateway-service/internal/services/auth_service.go:91.155,96.2 1 0
pinz/backend/api-gateway-service/internal/services/auth_service.go:98.115,100.2 1 0
pinz/backend/api-gateway-service/internal/services/auth_service.go:102.140,107.2 1 0
pinz/backend/api-gateway-service/internal/services/auth_service.go:109.112,111.2 1 0
pinz/backend/api-gateway-service/internal/services/auth_service.go:113.100,115.2 1 0
pinz/backend/api-gateway-service/internal/services/auth_service.go:117.97,119.2 1 0
pinz/backend/api-gateway-service/internal/services/auth_service.go:121.102,123.2 1 0
pinz/backend/api-gateway-service/internal/services/auth_service.go:125.118,127.2 1 0
pinz/backend/api-gateway-service/internal/services/auth_service.go:129.114,131.2 1 0
pinz/backend/api-gateway-service/internal/services/auth_service.go:133.124,135.2 1 0
pinz/backend/api-gateway-service/internal/services/auth_service.go:137.143,143.2 1 0
pinz/backend/api-gateway-service/internal/services/auth_service.go:145.127,147.2 1 0
pinz/backend/api-gateway-service/internal/services/auth_service.go:149.106,151.2 1 0
pinz/backend/api-gateway-service/internal/services/auth_service.go:153.108,155.2 1 0
pinz/backend/api-gateway-service/internal/services/auth_service.go:157.116,159.2 1 0
pinz/backend/api-gateway-service/internal/services/auth_service.go:161.144,168.2 1 0
pinz/backend/api-gateway-service/internal/services/auth_service.go:170.178,179.2 1 0
pinz/backend/api-gateway-service/internal/services/auth_service.go:181.127,183.2 1 0
pinz/backend/api-gateway-service/internal/services/auth_service.go:185.165,191.2 1 0
pinz/backend/api-gateway-service/internal/services/auth_service.go:193.137,195.2 1 0
pinz/backend/api-gateway-service/internal/services/auth_service.go:197.122,199.2 1 0
pinz/backend/api-gateway-service/internal/services/redis.go:15.47,17.16 2 0
pinz/backend/api-gateway-service/internal/services/redis.go:17.16,18.43 1 0
pinz/backend/api-gateway-service/internal/services/redis.go:18.43,20.18 2 0
pinz/backend/api-gateway-service/internal/services/redis.go:20.18,22.5 1 0
pinz/backend/api-gateway-service/internal/services/redis.go:23.4,24.66 2 0
pinz/backend/api-gateway-service/internal/services/redis.go:24.66,26.5 1 0
pinz/backend/api-gateway-service/internal/services/redis.go:27.4,28.22 2 0
pinz/backend/api-gateway-service/internal/services/redis.go:30.3,30.18 1 0
pinz/backend/api-gateway-service/internal/services/redis.go:32.2,33.64 2 0
pinz/backend/api-gateway-service/internal/services/redis.go:33.64,35.3 1 0
pinz/backend/api-gateway-service/internal/services/redis.go:36.2,37.20 2 0
pinz/backend/api-gateway-service/internal/services/redis.go:40.44,41.60 1 0
pinz/backend/api-gateway-service/internal/services/redis.go:41.60,43.3 1 0
pinz/backend/api-gateway-service/internal/services/redis.go:44.2,44.60 1 0
pinz/backend/api-gateway-service/internal/services/redis.go:44.60,46.3 1 0
pinz/backend/api-gateway-service/internal/clients/auth/auth_client.go:21.35,23.16 2 0
pinz/backend/api-gateway-service/internal/clients/auth/auth_client.go:23.16,26.3 2 0
pinz/backend/api-gateway-service/internal/clients/auth/auth_client.go:27.2,31.16 2 0
pinz/backend/api-gateway-service/internal/clients/auth/auth_client.go:31.16,33.3 1 0
pinz/backend/api-gateway-service/internal/clients/auth/auth_client.go:34.2,37.8 1 0
pinz/backend/api-gateway-service/internal/clients/auth/auth_client.go:40.112,42.2 1 0
pinz/backend/api-gateway-service/internal/clients/auth/auth_client.go:44.124,46.2 1 0
pinz/backend/api-gateway-service/internal/clients/auth/auth_client.go:48.139,50.2 1 0
pinz/backend/api-gateway-service/internal/clients/auth/auth_client.go:52.142,54.2 1 0
pinz/backend/api-gateway-service/internal/clients/auth/auth_client.go:56.130,58.2 1 0
pinz/backend/api-gateway-service/internal/clients/auth/auth_client.go:60.133,62.2 1 0
pinz/backend/api-gateway-service/internal/clients/auth/auth_client.go:64.115,66.2 1 0
pinz/backend/api-gateway-service/internal/clients/auth/auth_client.go:68.97,70.2 1 0
pinz/backend/api-gateway-service/internal/clients/auth/auth_client.go:72.103,74.2 1 0
pinz/backend/api-gateway-service/internal/clients/auth/auth_client.go:76.109,78.2 1 0
pinz/backend/api-gateway-service/internal/clients/auth/auth_client.go:80.118,82.2 1 0
pinz/backend/api-gateway-service/internal/clients/auth/auth_client.go:84.112,86.2 1 0
pinz/backend/api-gateway-service/internal/clients/auth/auth_client.go:88.133,90.2 1 0
pinz/backend/api-gateway-service/internal/clients/auth/auth_client.go:92.136,94.2 1 0
pinz/backend/api-gateway-service/internal/clients/auth/auth_client.go:96.136,98.2 1 0
pinz/backend/api-gateway-service/internal/clients/auth/auth_client.go:100.115,102.2 1 0
pinz/backend/api-gateway-service/internal/clients/auth/auth_client.go:104.118,106.2 1 0
pinz/backend/api-gateway-service/internal/clients/auth/auth_client.go:108.127,110.2 1 0
pinz/backend/api-gateway-service/internal/clients/auth/auth_client.go:112.130,114.2 1 0
pinz/backend/api-gateway-service/internal/clients/auth/auth_client.go:116.133,118.2 1 0
pinz/backend/api-gateway-service/internal/clients/auth/auth_client.go:120.133,122.2 1 0
pinz/backend/api-gateway-service/internal/clients/auth/auth_client.go:124.133,126.2 1 0
pinz/backend/api-gateway-service/internal/clients/auth/auth_client.go:128.169,130.2 1 0
pinz/backend/api-gateway-service/internal/clients/auth/auth_client.go:132.148,134.2 1 0
pinz/backend/api-gateway-service/internal/clients/auth/auth_client.go:136.139,138.2 1 0
pinz/backend/api-gateway-service/internal/clients/auth/auth_client.go:140.32,142.2 1 0
pinz/backend/api-gateway-service/internal/clients/notification/notification_client.go:25.35,27.16 2 0
pinz/backend/api-gateway-service/internal/clients/notification/notification_client.go:27.16,30.3 2 0
pinz/backend/api-gateway-service/internal/clients/notification/notification_client.go:31.2,35.16 2 0
pinz/backend/api-gateway-service/internal/clients/notification/notification_client.go:35.16,37.3 1 0
pinz/backend/api-gateway-service/internal/clients/notification/notification_client.go:38.2,38.80 1 0
pinz/backend/api-gateway-service/internal/clients/notification/notification_client.go:41.62,43.18 2 0
pinz/backend/api-gateway-service/internal/clients/notification/notification_client.go:43.18,45.3 1 0
pinz/backend/api-gateway-service/internal/clients/notification/notification_client.go:46.2,46.73 1 0
pinz/backend/api-gateway-service/internal/clients/notification/notification_client.go:49.136,51.2 1 0
pinz/backend/api-gateway-service/internal/clients/notification/notification_client.go:53.142,55.2 1 0
pinz/backend/api-gateway-service/internal/clients/notification/notification_client.go:57.32,59.2 1 0
pinz/backend/api-gateway-service/internal/clients/statistics/statistics_client.go:25.35,27.16 2 0
pinz/backend/api-gateway-service/internal/clients/statistics/statistics_client.go:27.16,30.3 2 0
pinz/backend/api-gateway-service/internal/clients/statistics/statistics_client.go:31.2,35.16 2 0
pinz/backend/api-gateway-service/internal/clients/statistics/statistics_client.go:35.16,37.3 1 0
pinz/backend/api-gateway-service/internal/clients/statistics/statistics_client.go:38.2,41.8 1 0
pinz/backend/api-gateway-service/internal/clients/statistics/statistics_client.go:44.62,46.18 2 0
pinz/backend/api-gateway-service/internal/clients/statistics/statistics_client.go:46.18,48.3 1 0
pinz/backend/api-gateway-service/internal/clients/statistics/statistics_client.go:49.2,49.73 1 0
pinz/backend/api-gateway-service/internal/clients/statistics/statistics_client.go:52.115,54.2 1 0
pinz/backend/api-gateway-service/internal/clients/statistics/statistics_client.go:56.136,58.2 1 0
pinz/backend/api-gateway-service/internal/clients/statistics/statistics_client.go:60.32,62.2 1 0
pinz/backend/api-gateway-service/internal/clients/trip/trip_client.go:25.35,27.16 2 0
pinz/backend/api-gateway-service/internal/clients/trip/trip_client.go:27.16,30.3 2 0
pinz/backend/api-gateway-service/internal/clients/trip/trip_client.go:31.2,35.16 2 0
pinz/backend/api-gateway-service/internal/clients/trip/trip_client.go:35.16,37.3 1 0
pinz/backend/api-gateway-service/internal/clients/trip/trip_client.go:38.2,41.8 1 0
pinz/backend/api-gateway-service/internal/clients/trip/trip_client.go:45.62,47.18 2 0
pinz/backend/api-gateway-service/internal/clients/trip/trip_client.go:47.18,49.3 1 0
pinz/backend/api-gateway-service/internal/clients/trip/trip_client.go:50.2,50.73 1 0
pinz/backend/api-gateway-service/internal/clients/trip/trip_client.go:53.109,55.2 1 0
pinz/backend/api-gateway-service/internal/clients/trip/trip_client.go:57.100,59.2 1 0
pinz/backend/api-gateway-service/internal/clients/trip/trip_client.go:61.118,63.2 1 0
pinz/backend/api-gateway-service/internal/clients/trip/trip_client.go:65.109,67.2 1 0
pinz/backend/api-gateway-service/internal/clients/trip/trip_client.go:69.109,71.2 1 0
pinz/backend/api-gateway-service/internal/clients/trip/trip_client.go:73.145,75.2 1 0
pinz/backend/api-gateway-service/internal/clients/trip/trip_client.go:77.145,79.2 1 0
pinz/backend/api-gateway-service/internal/clients/trip/trip_client.go:81.124,83.2 1 0
pinz/backend/api-gateway-service/internal/clients/trip/trip_client.go:85.133,87.2 1 0
pinz/backend/api-gateway-service/internal/clients/trip/trip_client.go:89.124,91.2 1 0
pinz/backend/api-gateway-service/internal/clients/trip/trip_client.go:93.130,95.2 1 0
pinz/backend/api-gateway-service/internal/clients/trip/trip_client.go:97.106,99.2 1 0
pinz/backend/api-gateway-service/internal/clients/trip/trip_client.go:101.139,103.2 1 0
pinz/backend/api-gateway-service/internal/clients/trip/trip_client.go:105.142,107.2 1 0
pinz/backend/api-gateway-service/internal/clients/trip/trip_client.go:109.118,111.2 1 0
pinz/backend/api-gateway-service/internal/clients/trip/trip_client.go:113.115,115.2 1 0
pinz/backend/api-gateway-service/internal/clients/trip/trip_client.go:117.112,119.2 1 0
pinz/backend/api-gateway-service/internal/clients/trip/trip_client.go:121.133,123.2 1 0
pinz/backend/api-gateway-service/internal/clients/trip/trip_client.go:125.103,127.2 1 0
pinz/backend/api-gateway-service/internal/clients/trip/trip_client.go:129.103,131.2 1 0
pinz/backend/api-gateway-service/internal/clients/trip/trip_client.go:133.112,135.2 1 0
pinz/backend/api-gateway-service/internal/clients/trip/trip_client.go:137.124,139.2 1 0
pinz/backend/api-gateway-service/internal/clients/trip/trip_client.go:141.139,143.2 1 0
pinz/backend/api-gateway-service/internal/clients/trip/trip_client.go:145.121,147.2 1 0
pinz/backend/api-gateway-service/internal/clients/trip/trip_client.go:149.118,151.2 1 0
pinz/backend/api-gateway-service/internal/clients/trip/trip_client.go:153.154,155.2 1 0
pinz/backend/api-gateway-service/internal/clients/trip/trip_client.go:157.139,159.2 1 0
pinz/backend/api-gateway-service/internal/clients/trip/trip_client.go:161.148,163.2 1 0
pinz/backend/api-gateway-service/internal/clients/trip/trip_client.go:165.148,167.2 1 0
pinz/backend/api-gateway-service/internal/clients/trip/trip_client.go:169.136,171.2 1 0
pinz/backend/api-gateway-service/internal/clients/trip/trip_client.go:173.166,175.2 1 0
pinz/backend/api-gateway-service/internal/clients/trip/trip_client.go:177.130,179.2 1 0
pinz/backend/api-gateway-service/internal/clients/trip/trip_client.go:181.124,183.2 1 0
pinz/backend/api-gateway-service/internal/clients/trip/trip_client.go:185.121,187.2 1 0
pinz/backend/api-gateway-service/internal/clients/trip/trip_client.go:189.127,191.2 1 0
pinz/backend/api-gateway-service/internal/clients/trip/trip_client.go:193.142,195.2 1 0
pinz/backend/api-gateway-service/internal/clients/trip/trip_client.go:197.112,199.2 1 0
pinz/backend/api-gateway-service/internal/clients/trip/trip_client.go:201.133,203.2 1 0
pinz/backend/api-gateway-service/internal/clients/trip/trip_client.go:205.124,207.2 1 0
pinz/backend/api-gateway-service/internal/clients/trip/trip_client.go:209.109,211.2 1 0
pinz/backend/api-gateway-service/internal/clients/trip/trip_client.go:213.126,215.2 1 0
pinz/backend/api-gateway-service/internal/clients/trip/trip_client.go:217.124,219.2 1 0
pinz/backend/api-gateway-service/internal/clients/trip/trip_client.go:221.128,223.2 1 0
pinz/backend/api-gateway-service/internal/clients/trip/trip_client.go:227.97,229.2 1 0
pinz/backend/api-gateway-service/internal/clients/trip/trip_client.go:231.106,233.2 1 0
pinz/backend/api-gateway-service/internal/clients/trip/trip_client.go:235.106,237.2 1 0
pinz/backend/api-gateway-service/internal/clients/trip/trip_client.go:239.133,241.2 1 0
pinz/backend/api-gateway-service/internal/clients/trip/trip_client.go:245.121,247.2 1 0
pinz/backend/api-gateway-service/internal/clients/trip/trip_client.go:249.139,251.2 1 0
pinz/backend/api-gateway-service/internal/clients/trip/trip_client.go:253.124,255.2 1 0
pinz/backend/api-gateway-service/internal/clients/trip/trip_client.go:257.127,259.2 1 0
pinz/backend/api-gateway-service/internal/clients/trip/trip_client.go:261.133,263.2 1 0
pinz/backend/api-gateway-service/internal/clients/trip/trip_client.go:265.130,267.2 1 0
pinz/backend/api-gateway-service/internal/clients/trip/trip_client.go:269.124,271.2 1 0
pinz/backend/api-gateway-service/internal/clients/trip/trip_client.go:273.133,275.2 1 0
pinz/backend/api-gateway-service/internal/clients/trip/trip_client.go:277.133,279.2 1 0
pinz/backend/api-gateway-service/internal/clients/trip/trip_client.go:281.32,283.2 1 0
pinz/backend/api-gateway-service/internal/handlers/auth.go:17.73,19.2 1 1
pinz/backend/api-gateway-service/internal/handlers/auth.go:31.75,33.48 2 0
pinz/backend/api-gateway-service/internal/handlers/auth.go:33.48,36.3 2 0
pinz/backend/api-gateway-service/internal/handlers/auth.go:37.2,38.16 2 0
pinz/backend/api-gateway-service/internal/handlers/auth.go:38.16,41.3 2 0
pinz/backend/api-gateway-service/internal/handlers/auth.go:42.2,45.4 1 0
pinz/backend/api-gateway-service/internal/handlers/auth.go:58.79,60.48 2 0
pinz/backend/api-gateway-service/internal/handlers/auth.go:60.48,63.3 2 0
pinz/backend/api-gateway-service/internal/handlers/auth.go:64.2,65.16 2 0
pinz/backend/api-gateway-service/internal/handlers/auth.go:65.16,68.3 2 0
pinz/backend/api-gateway-service/internal/handlers/auth.go:69.2,69.94 1 0
pinz/backend/api-gateway-service/internal/handlers/auth.go:83.84,85.48 2 0
pinz/backend/api-gateway-service/internal/handlers/auth.go:85.48,88.3 2 0
pinz/backend/api-gateway-service/internal/handlers/auth.go:89.2,90.16 2 0
pinz/backend/api-gateway-service/internal/handlers/auth.go:90.16,93.3 2 0
pinz/backend/api-gateway-service/internal/handlers/auth.go:94.2,96.4 1 0
pinz/backend/api-gateway-service/internal/handlers/auth.go:111.85,113.48 2 0
pinz/backend/api-gateway-service/internal/handlers/auth.go:113.48,116.3 2 0
pinz/backend/api-gateway-service/internal/handlers/auth.go:117.2,118.16 2 0
pinz/backend/api-gateway-service/internal/handlers/auth.go:118.16,121.3 2 0
pinz/backend/api-gateway-service/internal/handlers/auth.go:122.2,125.4 1 0
pinz/backend/api-gateway-service/internal/handlers/auth.go:139.81,141.48 2 0
pinz/backend/api-gateway-service/internal/handlers/auth.go:141.48,144.3 2 0
pinz/backend/api-gateway-service/internal/handlers/auth.go:145.2,146.16 2 0
pinz/backend/api-gateway-service/internal/handlers/auth.go:146.16,149.3 2 0
pinz/backend/api-gateway-service/internal/handlers/auth.go:150.2,152.4 1 0
pinz/backend/api-gateway-service/internal/handlers/auth.go:166.82,168.48 2 0
pinz/backend/api-gateway-service/internal/handlers/auth.go:168.48,171.3 2 0
pinz/backend/api-gateway-service/internal/handlers/auth.go:172.2,173.16 2 0
pinz/backend/api-gateway-service/internal/handlers/auth.go:173.16,176.3 2 0
pinz/backend/api-gateway-service/internal/handlers/auth.go:177.2,180.4 1 0
pinz/backend/api-gateway-service/internal/handlers/auth.go:193.76,195.48 2 0
pinz/backend/api-gateway-service/internal/handlers/auth.go:195.48,198.3 2 0
pinz/backend/api-gateway-service/internal/handlers/auth.go:199.2,200.16 2 0
pinz/backend/api-gateway-service/internal/handlers/auth.go:200.16,203.3 2 0
pinz/backend/api-gateway-service/internal/handlers/auth.go:204.2,204.99 1 0
pinz/backend/api-gateway-service/internal/handlers/auth.go:218.72,220.48 2 1
pinz/backend/api-gateway-service/internal/handlers/auth.go:220.48,223.3 2 0
pinz/backend/api-gateway-service/internal/handlers/auth.go:224.2,225.16 2 1
pinz/backend/api-gateway-service/internal/handlers/auth.go:225.16,228.3 2 1
pinz/backend/api-gateway-service/internal/handlers/auth.go:229.2,232.4 1 1
pinz/backend/api-gateway-service/internal/handlers/auth.go:245.70,247.48 2 0
pinz/backend/api-gateway-service/internal/handlers/auth.go:247.48,250.3 2 0
pinz/backend/api-gateway-service/internal/handlers/auth.go:251.2,252.16 2 0
pinz/backend/api-gateway-service/internal/handlers/auth.go:252.16,255.3 2 0
pinz/backend/api-gateway-service/internal/handlers/auth.go:256.2,256.85 1 0
pinz/backend/api-gateway-service/internal/handlers/auth.go:267.74,269.18 2 0
pinz/backend/api-gateway-service/internal/handlers/auth.go:269.18,272.3 2 0
pinz/backend/api-gateway-service/internal/handlers/auth.go:273.2,274.16 2 0
pinz/backend/api-gateway-service/internal/handlers/auth.go:274.16,277.3 2 0
pinz/backend/api-gateway-service/internal/handlers/auth.go:278.2,285.4 2 0
pinz/backend/api-gateway-service/internal/handlers/auth.go:299.77,301.48 2 0
pinz/backend/api-gateway-service/internal/handlers/auth.go:301.48,304.3 2 0
pinz/backend/api-gateway-service/internal/handlers/auth.go:305.2,306.18 2 0
pinz/backend/api-gateway-service/internal/handlers/auth.go:306.18,309.3 2 0
pinz/backend/api-gateway-service/internal/handlers/auth.go:310.2,311.16 2 0
pinz/backend/api-gateway-service/internal/handlers/auth.go:311.16,314.3 2 0
pinz/backend/api-gateway-service/internal/handlers/auth.go:315.2,322.4 2 0
pinz/backend/api-gateway-service/internal/handlers/auth.go:336.75,338.48 2 0
pinz/backend/api-gateway-service/internal/handlers/auth.go:338.48,341.3 2 0
pinz/backend/api-gateway-service/internal/handlers/auth.go:342.2,343.18 2 0
pinz/backend/api-gateway-service/internal/handlers/auth.go:343.18,346.3 2 0
pinz/backend/api-gateway-service/internal/handlers/auth.go:347.2,348.16 2 0
pinz/backend/api-gateway-service/internal/handlers/auth.go:348.16,351.3 2 0
pinz/backend/api-gateway-service/internal/handlers/auth.go:352.2,352.90 1 0
pinz/backend/api-gateway-service/internal/handlers/auth.go:366.82,368.48 2 0
pinz/backend/api-gateway-service/internal/handlers/auth.go:368.48,371.3 2 0
pinz/backend/api-gateway-service/internal/handlers/auth.go:372.2,373.18 2 0
pinz/backend/api-gateway-service/internal/handlers/auth.go:373.18,376.3 2 0
pinz/backend/api-gateway-service/internal/handlers/auth.go:377.2,378.16 2 0
pinz/backend/api-gateway-service/internal/handlers/auth.go:378.16,381.3 2 0
pinz/backend/api-gateway-service/internal/handlers/auth.go:382.2,389.4 2 0
pinz/backend/api-gateway-service/internal/handlers/auth.go:402.83,404.48 2 0
pinz/backend/api-gateway-service/internal/handlers/auth.go:404.48,407.3 2 0
pinz/backend/api-gateway-service/internal/handlers/auth.go:408.2,409.18 2 0
pinz/backend/api-gateway-service/internal/handlers/auth.go:409.18,412.3 2 0
pinz/backend/api-gateway-service/internal/handlers/auth.go:413.2,414.16 2 0
pinz/backend/api-gateway-service/internal/handlers/auth.go:414.16,417.3 2 0
pinz/backend/api-gateway-service/internal/handlers/auth.go:418.2,421.4 1 0
pinz/backend/api-gateway-service/internal/handlers/auth.go:434.83,436.48 2 0
pinz/backend/api-gateway-service/internal/handlers/auth.go:436.48,439.3 2 0
pinz/backend/api-gateway-service/internal/handlers/auth.go:440.2,441.18 2 0
pinz/backend/api-gateway-service/internal/handlers/auth.go:441.18,444.3 2 0
pinz/backend/api-gateway-service/internal/handlers/auth.go:445.2,446.16 2 0
pinz/backend/api-gateway-service/internal/handlers/auth.go:446.16,449.3 2 0
pinz/backend/api-gateway-service/internal/handlers/auth.go:450.2,457.4 2 0
pinz/backend/api-gateway-service/internal/handlers/auth.go:469.76,471.18 2 0
pinz/backend/api-gateway-service/internal/handlers/auth.go:471.18,474.3 2 0
pinz/backend/api-gateway-service/internal/handlers/auth.go:475.2,476.16 2 0
pinz/backend/api-gateway-service/internal/handlers/auth.go:476.16,479.3 2 0
pinz/backend/api-gateway-service/internal/handlers/auth.go:480.2,487.4 2 0
pinz/backend/api-gateway-service/internal/handlers/auth.go:499.77,501.18 2 0
pinz/backend/api-gateway-service/internal/handlers/auth.go:501.18,504.3 2 0
pinz/backend/api-gateway-service/internal/handlers/auth.go:505.2,506.16 2 0
pinz/backend/api-gateway-service/internal/handlers/auth.go:506.16,509.3 2 0
pinz/backend/api-gateway-service/internal/handlers/auth.go:510.2,510.92 1 0
pinz/backend/api-gateway-service/internal/handlers/common.go:29.38,31.2 1 1
pinz/backend/api-gateway-service/internal/handlers/common.go:33.61,34.56 1 1
pinz/backend/api-gateway-service/internal/handlers/common.go:34.56,36.3 1 1
pinz/backend/api-gateway-service/internal/handlers/common.go:37.2,38.16 2 1
pinz/backend/api-gateway-service/internal/handlers/common.go:38.16,40.3 1 0
pinz/backend/api-gateway-service/internal/handlers/common.go:41.2,42.34 2 1
pinz/backend/api-gateway-service/internal/handlers/common.go:45.78,48.16 3 1
pinz/backend/api-gateway-service/internal/handlers/common.go:48.16,52.3 3 0
pinz/backend/api-gateway-service/internal/handlers/common.go:53.2,54.22 2 1
pinz/backend/api-gateway-service/internal/handlers/common.go:57.74,59.2 1 1
pinz/backend/api-gateway-service/internal/handlers/common.go:61.91,63.9 2 1
pinz/backend/api-gateway-service/internal/handlers/common.go:63.9,67.3 3 1
pinz/backend/api-gateway-service/internal/handlers/common.go:68.2,73.60 2 1
pinz/backend/api-gateway-service/internal/handlers/common.go:73.60,74.53 1 0
pinz/backend/api-gateway-service/internal/handlers/common.go:74.53,81.4 2 0
pinz/backend/api-gateway-service/internal/handlers/common.go:84.2,84.19 1 1
pinz/backend/api-gateway-service/internal/handlers/common.go:85.29,86.55 1 1
pinz/backend/api-gateway-service/internal/handlers/common.go:87.29,88.57 1 1
pinz/backend/api-gateway-service/internal/handlers/common.go:89.30,90.54 1 1
pinz/backend/api-gateway-service/internal/handlers/common.go:91.22,92.53 1 1
pinz/backend/api-gateway-service/internal/handlers/common.go:93.27,94.53 1 1
pinz/backend/api-gateway-service/internal/handlers/common.go:95.25,96.72 1 1
pinz/backend/api-gateway-service/internal/handlers/common.go:97.30,98.59 1 1
pinz/backend/api-gateway-service/internal/handlers/common.go:99.27,100.59 1 1
pinz/backend/api-gateway-service/internal/handlers/common.go:101.32,102.53 1 1
pinz/backend/api-gateway-service/internal/handlers/common.go:103.31,104.60 1 0
pinz/backend/api-gateway-service/internal/handlers/common.go:105.10,106.64 1 1
pinz/backend/api-gateway-service/internal/handlers/common.go:121.86,122.33 1 1
pinz/backend/api-gateway-service/internal/handlers/common.go:122.33,123.48 1 0
pinz/backend/api-gateway-service/internal/handlers/common.go:123.48,125.4 1 0
pinz/backend/api-gateway-service/internal/handlers/common.go:127.2,127.16 1 1
pinz/backend/api-gateway-service/internal/handlers/common.go:130.58,136.2 1 1
pinz/backend/api-gateway-service/internal/handlers/common.go:142.70,144.17 2 1
pinz/backend/api-gateway-service/internal/handlers/common.go:144.17,146.3 1 1
pinz/backend/api-gateway-service/internal/handlers/common.go:147.2,161.40 4 1
pinz/backend/api-gateway-service/internal/handlers/common.go:166.39,167.15 1 0
pinz/backend/api-gateway-service/internal/handlers/common.go:167.15,169.3 1 0
pinz/backend/api-gateway-service/internal/handlers/common.go:170.2,170.54 1 0
pinz/backend/api-gateway-service/internal/handlers/notification.go:23.77,25.2 1 0
pinz/backend/api-gateway-service/internal/handlers/notification.go:40.91,42.18 2 0
pinz/backend/api-gateway-service/internal/handlers/notification.go:42.18,45.3 2 0
pinz/backend/api-gateway-service/internal/handlers/notification.go:46.2,47.48 2 0
pinz/backend/api-gateway-service/internal/handlers/notification.go:47.48,50.3 2 0
pinz/backend/api-gateway-service/internal/handlers/notification.go:51.2,52.17 2 0
pinz/backend/api-gateway-service/internal/handlers/notification.go:52.17,55.3 2 0
pinz/backend/api-gateway-service/internal/handlers/notification.go:56.2,57.16 2 0
pinz/backend/api-gateway-service/internal/handlers/notification.go:57.16,60.3 2 0
pinz/backend/api-gateway-service/internal/handlers/notification.go:61.2,61.90 1 0
pinz/backend/api-gateway-service/internal/handlers/notification.go:77.93,79.18 2 0
pinz/backend/api-gateway-service/internal/handlers/notification.go:79.18,82.3 2 0
pinz/backend/api-gateway-service/internal/handlers/notification.go:83.2,84.48 2 0
pinz/backend/api-gateway-service/internal/handlers/notification.go:84.48,87.3 2 0
pinz/backend/api-gateway-service/internal/handlers/notification.go:88.2,89.17 2 0
pinz/backend/api-gateway-service/internal/handlers/notification.go:89.17,92.3 2 0
pinz/backend/api-gateway-service/internal/handlers/notification.go:93.2,94.16 2 0
pinz/backend/api-gateway-service/internal/handlers/notification.go:94.16,97.3 2 0
pinz/backend/api-gateway-service/internal/handlers/notification.go:98.2,98.100 1 0
pinz/backend/api-gateway-service/internal/handlers/pin_crud.go:28.70,30.63 2 0
pinz/backend/api-gateway-service/internal/handlers/pin_crud.go:30.63,33.3 2 0
pinz/backend/api-gateway-service/internal/handlers/pin_crud.go:34.2,36.33 3 0
pinz/backend/api-gateway-service/internal/handlers/pin_crud.go:36.33,39.3 2 0
pinz/backend/api-gateway-service/internal/handlers/pin_crud.go:40.2,41.16 2 0
pinz/backend/api-gateway-service/internal/handlers/pin_crud.go:41.16,44.3 2 0
pinz/backend/api-gateway-service/internal/handlers/pin_crud.go:45.2,45.98 1 0
pinz/backend/api-gateway-service/internal/handlers/pin_crud.go:66.73,68.63 2 0
pinz/backend/api-gateway-service/internal/handlers/pin_crud.go:68.63,71.3 2 0
pinz/backend/api-gateway-service/internal/handlers/pin_crud.go:72.2,74.33 3 0
pinz/backend/api-gateway-service/internal/handlers/pin_crud.go:74.33,77.3 2 0
pinz/backend/api-gateway-service/internal/handlers/pin_crud.go:78.2,79.48 2 0
pinz/backend/api-gateway-service/internal/handlers/pin_crud.go:79.48,82.3 2 0
pinz/backend/api-gateway-service/internal/handlers/pin_crud.go:83.2,97.16 3 0
pinz/backend/api-gateway-service/internal/handlers/pin_crud.go:97.16,100.3 2 0
pinz/backend/api-gateway-service/internal/handlers/pin_crud.go:101.2,101.98 1 0
pinz/backend/api-gateway-service/internal/handlers/pin_crud.go:119.73,121.63 2 0
pinz/backend/api-gateway-service/internal/handlers/pin_crud.go:121.63,124.3 2 0
pinz/backend/api-gateway-service/internal/handlers/pin_crud.go:125.2,127.33 3 0
pinz/backend/api-gateway-service/internal/handlers/pin_crud.go:127.33,130.3 2 0
pinz/backend/api-gateway-service/internal/handlers/pin_crud.go:131.2,132.16 2 0
pinz/backend/api-gateway-service/internal/handlers/pin_crud.go:132.16,135.3 2 0
pinz/backend/api-gateway-service/internal/handlers/pin_crud.go:136.2,136.98 1 0
pinz/backend/api-gateway-service/internal/handlers/pin_crud.go:155.82,157.63 2 0
pinz/backend/api-gateway-service/internal/handlers/pin_crud.go:157.63,160.3 2 0
pinz/backend/api-gateway-service/internal/handlers/pin_crud.go:161.2,164.50 4 0
pinz/backend/api-gateway-service/internal/handlers/pin_crud.go:164.50,167.3 2 0
pinz/backend/api-gateway-service/internal/handlers/pin_crud.go:168.2,171.16 2 0
pinz/backend/api-gateway-service/internal/handlers/pin_crud.go:171.16,174.3 2 0
pinz/backend/api-gateway-service/internal/handlers/pin_crud.go:175.2,175.98 1 0
pinz/backend/api-gateway-service/internal/handlers/pin_crud.go:182.74,184.23 2 0
pinz/backend/api-gateway-service/internal/handlers/pin_crud.go:184.23,186.3 1 0
pinz/backend/api-gateway-service/internal/handlers/pin_crud.go:187.2,187.12 1 0
pinz/backend/api-gateway-service/internal/handlers/pin_crud.go:190.77,192.23 2 0
pinz/backend/api-gateway-service/internal/handlers/pin_crud.go:192.23,194.3 1 0
pinz/backend/api-gateway-service/internal/handlers/pin_crud.go:195.2,195.12 1 0
pinz/backend/api-gateway-service/internal/handlers/pin_crud.go:198.77,200.23 2 0
pinz/backend/api-gateway-service/internal/handlers/pin_crud.go:200.23,202.3 1 0
pinz/backend/api-gateway-service/internal/handlers/pin_crud.go:203.2,203.12 1 0
pinz/backend/api-gateway-service/internal/handlers/pin_upload.go:31.78,33.63 2 0
pinz/backend/api-gateway-service/internal/handlers/pin_upload.go:33.63,36.3 2 0
pinz/backend/api-gateway-service/internal/handlers/pin_upload.go:37.2,38.18 2 0
pinz/backend/api-gateway-service/internal/handlers/pin_upload.go:38.18,41.3 2 0
pinz/backend/api-gateway-service/internal/handlers/pin_upload.go:42.2,43.48 2 0
pinz/backend/api-gateway-service/internal/handlers/pin_upload.go:43.48,46.3 2 0
pinz/backend/api-gateway-service/internal/handlers/pin_upload.go:47.2,51.54 2 0
pinz/backend/api-gateway-service/internal/handlers/pin_upload.go:51.54,54.3 2 0
pinz/backend/api-gateway-service/internal/handlers/pin_upload.go:55.2,56.16 2 0
pinz/backend/api-gateway-service/internal/handlers/pin_upload.go:56.16,59.3 2 0
pinz/backend/api-gateway-service/internal/handlers/pin_upload.go:60.2,63.4 1 0
pinz/backend/api-gateway-service/internal/handlers/pin_upload.go:82.84,84.63 2 0
pinz/backend/api-gateway-service/internal/handlers/pin_upload.go:84.63,87.3 2 0
pinz/backend/api-gateway-service/internal/handlers/pin_upload.go:88.2,90.37 3 0
pinz/backend/api-gateway-service/internal/handlers/pin_upload.go:90.37,93.3 2 0
pinz/backend/api-gateway-service/internal/handlers/pin_upload.go:94.2,95.48 2 0
pinz/backend/api-gateway-service/internal/handlers/pin_upload.go:95.48,98.3 2 0
pinz/backend/api-gateway-service/internal/handlers/pin_upload.go:99.2,104.16 2 0
pinz/backend/api-gateway-service/internal/handlers/pin_upload.go:104.16,107.3 2 0
pinz/backend/api-gateway-service/internal/handlers/pin_upload.go:108.2,110.4 1 0
pinz/backend/api-gateway-service/internal/handlers/pin_upload.go:131.79,133.63 2 0
pinz/backend/api-gateway-service/internal/handlers/pin_upload.go:133.63,136.3 2 0
pinz/backend/api-gateway-service/internal/handlers/pin_upload.go:137.2,139.37 3 0
pinz/backend/api-gateway-service/internal/handlers/pin_upload.go:139.37,142.3 2 0
pinz/backend/api-gateway-service/internal/handlers/pin_upload.go:143.2,144.48 2 0
pinz/backend/api-gateway-service/internal/handlers/pin_upload.go:144.48,147.3 2 0
pinz/backend/api-gateway-service/internal/handlers/pin_upload.go:148.2,157.16 2 0
pinz/backend/api-gateway-service/internal/handlers/pin_upload.go:157.16,160.3 2 0
pinz/backend/api-gateway-service/internal/handlers/pin_upload.go:161.2,164.4 1 0
pinz/backend/api-gateway-service/internal/handlers/pin_upload.go:182.80,184.63 2 0
pinz/backend/api-gateway-service/internal/handlers/pin_upload.go:184.63,187.3 2 0
pinz/backend/api-gateway-service/internal/handlers/pin_upload.go:188.2,190.37 3 0
pinz/backend/api-gateway-service/internal/handlers/pin_upload.go:190.37,193.3 2 0
pinz/backend/api-gateway-service/internal/handlers/pin_upload.go:194.2,197.16 2 0
pinz/backend/api-gateway-service/internal/handlers/pin_upload.go:197.16,200.3 2 0
pinz/backend/api-gateway-service/internal/handlers/pin_upload.go:201.2,204.4 1 0
pinz/backend/api-gateway-service/internal/handlers/pin_upload.go:220.82,222.63 2 0
pinz/backend/api-gateway-service/internal/handlers/pin_upload.go:222.63,225.3 2 0
pinz/backend/api-gateway-service/internal/handlers/pin_upload.go:226.2,228.37 3 0
pinz/backend/api-gateway-service/internal/handlers/pin_upload.go:228.37,231.3 2 0
pinz/backend/api-gateway-service/internal/handlers/pin_upload.go:232.2,235.16 2 0
pinz/backend/api-gateway-service/internal/handlers/pin_upload.go:235.16,238.3 2 0
pinz/backend/api-gateway-service/internal/handlers/pin_upload.go:239.2,244.4 1 0
pinz/backend/api-gateway-service/internal/handlers/pin_upload.go:264.81,266.63 2 0
pinz/backend/api-gateway-service/internal/handlers/pin_upload.go:266.63,269.3 2 0
pinz/backend/api-gateway-service/internal/handlers/pin_upload.go:270.2,272.37 3 0
pinz/backend/api-gateway-service/internal/handlers/pin_upload.go:272.37,275.3 2 0
pinz/backend/api-gateway-service/internal/handlers/pin_upload.go:276.2,293.16 5 0
pinz/backend/api-gateway-service/internal/handlers/pin_upload.go:293.16,296.3 2 0
pinz/backend/api-gateway-service/internal/handlers/pin_upload.go:297.2,297.98 1 0
pinz/backend/api-gateway-service/internal/handlers/pin_upload.go:313.79,315.63 2 0
pinz/backend/api-gateway-service/internal/handlers/pin_upload.go:315.63,318.3 2 0
pinz/backend/api-gateway-service/internal/handlers/pin_upload.go:319.2,321.37 3 0
pinz/backend/api-gateway-service/internal/handlers/pin_upload.go:321.37,324.3 2 0
pinz/backend/api-gateway-service/internal/handlers/pin_upload.go:325.2,328.16 2 0
pinz/backend/api-gateway-service/internal/handlers/pin_upload.go:328.16,331.3 2 0
pinz/backend/api-gateway-service/internal/handlers/pin_upload.go:332.2,332.92 1 0
pinz/backend/api-gateway-service/internal/handlers/pin_upload.go:339.86,340.14 1 0
pinz/backend/api-gateway-service/internal/handlers/pin_upload.go:340.14,342.3 1 0
pinz/backend/api-gateway-service/internal/handlers/pin_upload.go:343.2,348.37 2 0
pinz/backend/api-gateway-service/internal/handlers/pin_upload.go:348.37,358.3 1 0
pinz/backend/api-gateway-service/internal/handlers/pin_upload.go:359.2,359.33 1 0
pinz/backend/api-gateway-service/internal/handlers/pin_upload.go:359.33,365.3 1 0
pinz/backend/api-gateway-service/internal/handlers/pin_upload.go:366.2,366.12 1 0
pinz/backend/api-gateway-service/internal/handlers/profile_desired_places.go:27.81,29.18 2 1
pinz/backend/api-gateway-service/internal/handlers/profile_desired_places.go:29.18,32.3 2 0
pinz/backend/api-gateway-service/internal/handlers/profile_desired_places.go:33.2,34.16 2 1
pinz/backend/api-gateway-service/internal/handlers/profile_desired_places.go:34.16,37.3 2 0
pinz/backend/api-gateway-service/internal/handlers/profile_desired_places.go:38.2,40.4 1 1
pinz/backend/api-gateway-service/internal/handlers/profile_desired_places.go:55.82,57.48 2 1
pinz/backend/api-gateway-service/internal/handlers/profile_desired_places.go:57.48,60.3 2 0
pinz/backend/api-gateway-service/internal/handlers/profile_desired_places.go:61.2,62.18 2 1
pinz/backend/api-gateway-service/internal/handlers/profile_desired_places.go:62.18,65.3 2 0
pinz/backend/api-gateway-service/internal/handlers/profile_desired_places.go:66.2,67.16 2 1
pinz/backend/api-gateway-service/internal/handlers/profile_desired_places.go:67.16,70.3 2 0
pinz/backend/api-gateway-service/internal/handlers/profile_desired_places.go:71.2,71.77 1 1
pinz/backend/api-gateway-service/internal/handlers/profile_desired_places.go:88.82,90.19 2 1
pinz/backend/api-gateway-service/internal/handlers/profile_desired_places.go:90.19,93.3 2 0
pinz/backend/api-gateway-service/internal/handlers/profile_desired_places.go:94.2,95.48 2 1
pinz/backend/api-gateway-service/internal/handlers/profile_desired_places.go:95.48,98.3 2 0
pinz/backend/api-gateway-service/internal/handlers/profile_desired_places.go:99.2,100.18 2 1
pinz/backend/api-gateway-service/internal/handlers/profile_desired_places.go:100.18,103.3 2 0
pinz/backend/api-gateway-service/internal/handlers/profile_desired_places.go:104.2,106.17 3 1
pinz/backend/api-gateway-service/internal/handlers/profile_desired_places.go:106.17,108.3 1 1
pinz/backend/api-gateway-service/internal/handlers/profile_desired_places.go:109.2,110.16 2 1
pinz/backend/api-gateway-service/internal/handlers/profile_desired_places.go:110.16,113.3 2 0
pinz/backend/api-gateway-service/internal/handlers/profile_desired_places.go:114.2,114.77 1 1
pinz/backend/api-gateway-service/internal/handlers/profile_desired_places.go:128.82,130.19 2 1
pinz/backend/api-gateway-service/internal/handlers/profile_desired_places.go:130.19,133.3 2 0
pinz/backend/api-gateway-service/internal/handlers/profile_desired_places.go:134.2,135.18 2 1
pinz/backend/api-gateway-service/internal/handlers/profile_desired_places.go:135.18,138.3 2 0
pinz/backend/api-gateway-service/internal/handlers/profile_desired_places.go:139.2,140.16 2 1
pinz/backend/api-gateway-service/internal/handlers/profile_desired_places.go:140.16,143.3 2 1
pinz/backend/api-gateway-service/internal/handlers/profile_desired_places.go:144.2,144.97 1 1
pinz/backend/api-gateway-service/internal/handlers/profile_desired_places.go:159.94,161.48 2 1
pinz/backend/api-gateway-service/internal/handlers/profile_desired_places.go:161.48,164.3 2 0
pinz/backend/api-gateway-service/internal/handlers/profile_desired_places.go:165.2,166.18 2 1
pinz/backend/api-gateway-service/internal/handlers/profile_desired_places.go:166.18,169.3 2 0
pinz/backend/api-gateway-service/internal/handlers/profile_desired_places.go:170.2,171.16 2 1
pinz/backend/api-gateway-service/internal/handlers/profile_desired_places.go:171.16,174.3 2 0
pinz/backend/api-gateway-service/internal/handlers/profile_desired_places.go:175.2,178.4 1 1
pinz/backend/api-gateway-service/internal/handlers/profile_desired_places.go:192.87,194.19 2 0
pinz/backend/api-gateway-service/internal/handlers/profile_desired_places.go:194.19,197.3 2 0
pinz/backend/api-gateway-service/internal/handlers/profile_desired_places.go:198.2,199.18 2 0
pinz/backend/api-gateway-service/internal/handlers/profile_desired_places.go:199.18,202.3 2 0
pinz/backend/api-gateway-service/internal/handlers/profile_desired_places.go:203.2,204.16 2 0
pinz/backend/api-gateway-service/internal/handlers/profile_desired_places.go:204.16,207.3 2 0
pinz/backend/api-gateway-service/internal/handlers/profile_desired_places.go:208.2,208.77 1 0
pinz/backend/api-gateway-service/internal/handlers/profile_desired_places.go:215.90,216.14 1 1
pinz/backend/api-gateway-service/internal/handlers/profile_desired_places.go:216.14,218.3 1 0
pinz/backend/api-gateway-service/internal/handlers/profile_desired_places.go:219.2,225.3 1 1
pinz/backend/api-gateway-service/internal/handlers/profile_desired_places.go:228.96,230.23 2 1
pinz/backend/api-gateway-service/internal/handlers/profile_desired_places.go:230.23,232.3 1 1
pinz/backend/api-gateway-service/internal/handlers/profile_desired_places.go:233.2,233.12 1 1
pinz/backend/api-gateway-service/internal/handlers/statistics.go:28.92,30.2 1 0
pinz/backend/api-gateway-service/internal/handlers/statistics.go:44.85,46.18 2 0
pinz/backend/api-gateway-service/internal/handlers/statistics.go:46.18,49.3 2 0
pinz/backend/api-gateway-service/internal/handlers/statistics.go:51.2,52.16 2 0
pinz/backend/api-gateway-service/internal/handlers/statistics.go:52.16,55.3 2 0
pinz/backend/api-gateway-service/internal/handlers/statistics.go:56.2,57.45 2 0
pinz/backend/api-gateway-service/internal/handlers/statistics.go:57.45,61.3 3 0
pinz/backend/api-gateway-service/internal/handlers/statistics.go:63.2,64.16 2 0
pinz/backend/api-gateway-service/internal/handlers/statistics.go:64.16,67.3 2 0
pinz/backend/api-gateway-service/internal/handlers/statistics.go:68.2,68.41 1 0
pinz/backend/api-gateway-service/internal/handlers/statistics.go:68.41,72.3 3 0
pinz/backend/api-gateway-service/internal/handlers/statistics.go:73.2,73.36 1 0
pinz/backend/api-gateway-service/internal/handlers/statistics.go:90.96,92.18 2 0
pinz/backend/api-gateway-service/internal/handlers/statistics.go:92.18,95.3 2 0
pinz/backend/api-gateway-service/internal/handlers/statistics.go:96.2,99.16 3 0
pinz/backend/api-gateway-service/internal/handlers/statistics.go:99.16,102.3 2 0
pinz/backend/api-gateway-service/internal/handlers/statistics.go:103.2,104.45 2 0
pinz/backend/api-gateway-service/internal/handlers/statistics.go:104.45,106.3 1 0
pinz/backend/api-gateway-service/internal/handlers/statistics.go:108.2,113.16 2 0
pinz/backend/api-gateway-service/internal/handlers/statistics.go:113.16,116.3 2 0
pinz/backend/api-gateway-service/internal/handlers/statistics.go:117.2,118.40 2 0
pinz/backend/api-gateway-service/internal/handlers/statistics.go:118.40,127.3 1 0
pinz/backend/api-gateway-service/internal/handlers/statistics.go:128.2,128.36 1 0
pinz/backend/api-gateway-service/internal/handlers/trip.go:97.117,99.2 1 1
pinz/backend/api-gateway-service/internal/handlers/trip.go:112.73,115.18 3 1
pinz/backend/api-gateway-service/internal/handlers/trip.go:115.18,118.3 2 1
pinz/backend/api-gateway-service/internal/handlers/trip.go:119.2,127.16 4 1
pinz/backend/api-gateway-service/internal/handlers/trip.go:127.16,130.3 2 1
pinz/backend/api-gateway-service/internal/handlers/trip.go:131.2,132.36 2 1
pinz/backend/api-gateway-service/internal/handlers/trip.go:132.36,134.3 1 1
pinz/backend/api-gateway-service/internal/handlers/trip.go:135.2,135.36 1 1
pinz/backend/api-gateway-service/internal/handlers/trip.go:151.74,154.18 3 1
pinz/backend/api-gateway-service/internal/handlers/trip.go:154.18,157.3 2 0
pinz/backend/api-gateway-service/internal/handlers/trip.go:158.2,159.48 2 1
pinz/backend/api-gateway-service/internal/handlers/trip.go:159.48,162.3 2 0
pinz/backend/api-gateway-service/internal/handlers/trip.go:163.2,164.38 2 1
pinz/backend/api-gateway-service/internal/handlers/trip.go:164.38,166.3 1 1
pinz/backend/api-gateway-service/internal/handlers/trip.go:167.2,175.16 2 1
pinz/backend/api-gateway-service/internal/handlers/trip.go:175.16,178.3 2 0
pinz/backend/api-gateway-service/internal/handlers/trip.go:179.2,180.41 2 1
pinz/backend/api-gateway-service/internal/handlers/trip.go:180.41,182.3 1 1
pinz/backend/api-gateway-service/internal/handlers/trip.go:183.2,187.4 1 1
pinz/backend/api-gateway-service/internal/handlers/trip.go:207.71,210.18 3 0
pinz/backend/api-gateway-service/internal/handlers/trip.go:210.18,213.3 2 0
pinz/backend/api-gateway-service/internal/handlers/trip.go:214.2,215.18 2 0
pinz/backend/api-gateway-service/internal/handlers/trip.go:215.18,218.3 2 0
pinz/backend/api-gateway-service/internal/handlers/trip.go:219.2,220.16 2 0
pinz/backend/api-gateway-service/internal/handlers/trip.go:220.16,223.3 2 0
pinz/backend/api-gateway-service/internal/handlers/trip.go:224.2,224.67 1 0
pinz/backend/api-gateway-service/internal/handlers/trip.go:243.74,246.18 3 0
pinz/backend/api-gateway-service/internal/handlers/trip.go:246.18,249.3 2 0
pinz/backend/api-gateway-service/internal/handlers/trip.go:250.2,251.18 2 0
pinz/backend/api-gateway-service/internal/handlers/trip.go:251.18,254.3 2 0
pinz/backend/api-gateway-service/internal/handlers/trip.go:255.2,256.48 2 0
pinz/backend/api-gateway-service/internal/handlers/trip.go:256.48,259.3 2 0
pinz/backend/api-gateway-service/internal/handlers/trip.go:260.2,261.21 2 0
pinz/backend/api-gateway-service/internal/handlers/trip.go:261.21,263.3 1 0
pinz/backend/api-gateway-service/internal/handlers/trip.go:264.2,264.28 1 0
pinz/backend/api-gateway-service/internal/handlers/trip.go:264.28,266.3 1 0
pinz/backend/api-gateway-service/internal/handlers/trip.go:267.2,267.25 1 0
pinz/backend/api-gateway-service/internal/handlers/trip.go:267.25,269.3 1 0
pinz/backend/api-gateway-service/internal/handlers/trip.go:270.2,270.23 1 0
pinz/backend/api-gateway-service/internal/handlers/trip.go:270.23,272.3 1 0
pinz/backend/api-gateway-service/internal/handlers/trip.go:273.2,273.30 1 0
pinz/backend/api-gateway-service/internal/handlers/trip.go:273.30,275.3 1 0
pinz/backend/api-gateway-service/internal/handlers/trip.go:276.2,276.28 1 0
pinz/backend/api-gateway-service/internal/handlers/trip.go:276.28,278.3 1 0
pinz/backend/api-gateway-service/internal/handlers/trip.go:279.2,280.16 2 0
pinz/backend/api-gateway-service/internal/handlers/trip.go:280.16,283.3 2 0
pinz/backend/api-gateway-service/internal/handlers/trip.go:284.2,284.70 1 0
pinz/backend/api-gateway-service/internal/handlers/trip.go:303.86,306.18 3 1
pinz/backend/api-gateway-service/internal/handlers/trip.go:306.18,309.3 2 0
pinz/backend/api-gateway-service/internal/handlers/trip.go:310.2,311.18 2 1
pinz/backend/api-gateway-service/internal/handlers/trip.go:311.18,314.3 2 0
pinz/backend/api-gateway-service/internal/handlers/trip.go:315.2,316.48 2 1
pinz/backend/api-gateway-service/internal/handlers/trip.go:316.48,319.3 2 0
pinz/backend/api-gateway-service/internal/handlers/trip.go:320.2,326.16 2 1
pinz/backend/api-gateway-service/internal/handlers/trip.go:326.16,329.3 2 1
pinz/backend/api-gateway-service/internal/handlers/trip.go:330.2,333.4 1 1
pinz/backend/api-gateway-service/internal/handlers/trip.go:352.86,355.18 3 1
pinz/backend/api-gateway-service/internal/handlers/trip.go:355.18,358.3 2 0
pinz/backend/api-gateway-service/internal/handlers/trip.go:359.2,360.18 2 1
pinz/backend/api-gateway-service/internal/handlers/trip.go:360.18,363.3 2 0
pinz/backend/api-gateway-service/internal/handlers/trip.go:364.2,365.48 2 1
pinz/backend/api-gateway-service/internal/handlers/trip.go:365.48,368.3 2 0
pinz/backend/api-gateway-service/internal/handlers/trip.go:369.2,374.16 2 1
pinz/backend/api-gateway-service/internal/handlers/trip.go:374.16,377.3 2 0
pinz/backend/api-gateway-service/internal/handlers/trip.go:378.2,378.70 1 1
pinz/backend/api-gateway-service/internal/handlers/trip.go:394.79,397.18 3 1
pinz/backend/api-gateway-service/internal/handlers/trip.go:397.18,400.3 2 0
pinz/backend/api-gateway-service/internal/handlers/trip.go:401.2,402.18 2 1
pinz/backend/api-gateway-service/internal/handlers/trip.go:402.18,405.3 2 0
pinz/backend/api-gateway-service/internal/handlers/trip.go:406.2,410.16 2 1
pinz/backend/api-gateway-service/internal/handlers/trip.go:410.16,413.3 2 0
pinz/backend/api-gateway-service/internal/handlers/trip.go:414.2,414.70 1 1
pinz/backend/api-gateway-service/internal/handlers/trip.go:431.74,434.18 3 0
pinz/backend/api-gateway-service/internal/handlers/trip.go:434.18,437.3 2 0
pinz/backend/api-gateway-service/internal/handlers/trip.go:438.2,439.18 2 0
pinz/backend/api-gateway-service/internal/handlers/trip.go:439.18,442.3 2 0
pinz/backend/api-gateway-service/internal/handlers/trip.go:443.2,444.16 2 0
pinz/backend/api-gateway-service/internal/handlers/trip.go:444.16,447.3 2 0
pinz/backend/api-gateway-service/internal/handlers/trip.go:448.2,448.37 1 0
pinz/backend/api-gateway-service/internal/handlers/trip.go:467.82,470.18 3 0
pinz/backend/api-gateway-service/internal/handlers/trip.go:470.18,473.3 2 0
pinz/backend/api-gateway-service/internal/handlers/trip.go:474.2,475.18 2 0
pinz/backend/api-gateway-service/internal/handlers/trip.go:475.18,478.3 2 0
pinz/backend/api-gateway-service/internal/handlers/trip.go:479.2,482.33 4 0
pinz/backend/api-gateway-service/internal/handlers/trip.go:482.33,484.3 1 0
pinz/backend/api-gateway-service/internal/handlers/trip.go:485.2,486.16 2 0
pinz/backend/api-gateway-service/internal/handlers/trip.go:486.16,489.3 2 0
pinz/backend/api-gateway-service/internal/handlers/trip.go:490.2,495.4 1 0
pinz/backend/api-gateway-service/internal/handlers/trip.go:512.79,515.18 3 0
pinz/backend/api-gateway-service/internal/handlers/trip.go:515.18,518.3 2 0
pinz/backend/api-gateway-service/internal/handlers/trip.go:519.2,520.48 2 0
pinz/backend/api-gateway-service/internal/handlers/trip.go:520.48,523.3 2 0
pinz/backend/api-gateway-service/internal/handlers/trip.go:524.2,525.16 2 0
pinz/backend/api-gateway-service/internal/handlers/trip.go:525.16,528.3 2 0
pinz/backend/api-gateway-service/internal/handlers/trip.go:529.2,532.4 1 0
pinz/backend/api-gateway-service/internal/handlers/trip.go:551.81,554.18 3 0
pinz/backend/api-gateway-service/internal/handlers/trip.go:554.18,557.3 2 0
pinz/backend/api-gateway-service/internal/handlers/trip.go:558.2,560.45 3 0
pinz/backend/api-gateway-service/internal/handlers/trip.go:560.45,563.3 2 0
pinz/backend/api-gateway-service/internal/handlers/trip.go:564.2,565.16 2 0
pinz/backend/api-gateway-service/internal/handlers/trip.go:565.16,568.3 2 0
pinz/backend/api-gateway-service/internal/handlers/trip.go:569.2,569.37 1 0
pinz/backend/api-gateway-service/internal/handlers/trip.go:586.73,589.18 3 0
pinz/backend/api-gateway-service/internal/handlers/trip.go:589.18,592.3 2 0
pinz/backend/api-gateway-service/internal/handlers/trip.go:593.2,594.18 2 0
pinz/backend/api-gateway-service/internal/handlers/trip.go:594.18,597.3 2 0
pinz/backend/api-gateway-service/internal/handlers/trip.go:598.2,599.16 2 0
pinz/backend/api-gateway-service/internal/handlers/trip.go:599.16,602.3 2 0
pinz/backend/api-gateway-service/internal/handlers/trip.go:603.2,606.4 1 0
pinz/backend/api-gateway-service/internal/handlers/trip.go:619.84,622.18 3 0
pinz/backend/api-gateway-service/internal/handlers/trip.go:622.18,625.3 2 0
pinz/backend/api-gateway-service/internal/handlers/trip.go:626.2,627.18 2 0
pinz/backend/api-gateway-service/internal/handlers/trip.go:627.18,630.3 2 0
pinz/backend/api-gateway-service/internal/handlers/trip.go:631.2,632.48 2 0
pinz/backend/api-gateway-service/internal/handlers/trip.go:632.48,635.3 2 0
pinz/backend/api-gateway-service/internal/handlers/trip.go:636.2,637.30 2 0
pinz/backend/api-gateway-service/internal/handlers/trip.go:637.30,639.25 2 0
pinz/backend/api-gateway-service/internal/handlers/trip.go:639.25,640.68 1 0
pinz/backend/api-gateway-service/internal/handlers/trip.go:640.68,642.5 1 0
pinz/backend/api-gateway-service/internal/handlers/trip.go:644.3,644.24 1 0
pinz/backend/api-gateway-service/internal/handlers/trip.go:644.24,646.4 1 0
pinz/backend/api-gateway-service/internal/handlers/trip.go:647.3,647.25 1 0
pinz/backend/api-gateway-service/internal/handlers/trip.go:647.25,649.4 1 0
pinz/backend/api-gateway-service/internal/handlers/trip.go:650.3,650.28 1 0
pinz/backend/api-gateway-service/internal/handlers/trip.go:652.2,653.16 2 0
pinz/backend/api-gateway-service/internal/handlers/trip.go:653.16,656.3 2 0
pinz/backend/api-gateway-service/internal/handlers/trip.go:657.2,658.41 2 0
pinz/backend/api-gateway-service/internal/handlers/trip.go:658.41,660.35 2 0
pinz/backend/api-gateway-service/internal/handlers/trip.go:660.35,662.4 1 0
pinz/backend/api-gateway-service/internal/handlers/trip.go:663.3,663.102 1 0
pinz/backend/api-gateway-service/internal/handlers/trip.go:665.2,669.4 1 0
pinz/backend/api-gateway-service/internal/handlers/trip.go:682.85,685.18 3 0
pinz/backend/api-gateway-service/internal/handlers/trip.go:685.18,688.3 2 0
pinz/backend/api-gateway-service/internal/handlers/trip.go:689.2,690.18 2 0
pinz/backend/api-gateway-service/internal/handlers/trip.go:690.18,693.3 2 0
pinz/backend/api-gateway-service/internal/handlers/trip.go:694.2,695.48 2 0
pinz/backend/api-gateway-service/internal/handlers/trip.go:695.48,698.3 2 0
pinz/backend/api-gateway-service/internal/handlers/trip.go:699.2,700.35 2 0
pinz/backend/api-gateway-service/internal/handlers/trip.go:700.35,702.3 1 0
pinz/backend/api-gateway-service/internal/handlers/trip.go:703.2,708.16 2 0
pinz/backend/api-gateway-service/internal/handlers/trip.go:708.16,711.3 2 0
pinz/backend/api-gateway-service/internal/handlers/trip.go:712.2,715.4 1 0
pinz/backend/api-gateway-service/internal/handlers/trip.go:726.77,729.18 3 0
pinz/backend/api-gateway-service/internal/handlers/trip.go:729.18,732.3 2 0
pinz/backend/api-gateway-service/internal/handlers/trip.go:733.2,734.18 2 0
pinz/backend/api-gateway-service/internal/handlers/trip.go:734.18,737.3 2 0
pinz/backend/api-gateway-service/internal/handlers/trip.go:738.2,739.16 2 0
pinz/backend/api-gateway-service/internal/handlers/trip.go:739.16,742.3 2 0
pinz/backend/api-gateway-service/internal/handlers/trip.go:743.2,744.38 2 0
pinz/backend/api-gateway-service/internal/handlers/trip.go:744.38,746.3 1 0
pinz/backend/api-gateway-service/internal/handlers/trip.go:747.2,748.35 2 0
pinz/backend/api-gateway-service/internal/handlers/trip.go:748.35,750.34 2 0
pinz/backend/api-gateway-service/internal/handlers/trip.go:750.34,754.4 1 0
pinz/backend/api-gateway-service/internal/handlers/trip.go:755.3,761.24 2 0
pinz/backend/api-gateway-service/internal/handlers/trip.go:761.24,763.4 1 0
pinz/backend/api-gateway-service/internal/handlers/trip.go:764.3,764.25 1 0
pinz/backend/api-gateway-service/internal/handlers/trip.go:764.25,766.4 1 0
pinz/backend/api-gateway-service/internal/handlers/trip.go:767.3,767.26 1 0
pinz/backend/api-gateway-service/internal/handlers/trip.go:769.2,771.4 1 0
pinz/backend/api-gateway-service/internal/handlers/trip.go:784.76,787.18 3 0
pinz/backend/api-gateway-service/internal/handlers/trip.go:787.18,790.3 2 0
pinz/backend/api-gateway-service/internal/handlers/trip.go:791.2,792.18 2 0
pinz/backend/api-gateway-service/internal/handlers/trip.go:792.18,795.3 2 0
pinz/backend/api-gateway-service/internal/handlers/trip.go:796.2,799.36 4 0
pinz/backend/api-gateway-service/internal/handlers/trip.go:799.36,803.3 1 0
pinz/backend/api-gateway-service/internal/handlers/trip.go:804.2,807.16 2 0
pinz/backend/api-gateway-service/internal/handlers/trip.go:807.16,810.3 2 0
pinz/backend/api-gateway-service/internal/handlers/trip.go:811.2,813.4 1 0
pinz/backend/api-gateway-service/internal/handlers/trip.go:826.75,829.18 3 0
pinz/backend/api-gateway-service/internal/handlers/trip.go:829.18,832.3 2 0
pinz/backend/api-gateway-service/internal/handlers/trip.go:833.2,836.18 3 0
pinz/backend/api-gateway-service/internal/handlers/trip.go:836.18,839.3 2 0
pinz/backend/api-gateway-service/internal/handlers/trip.go:840.2,841.48 2 0
pinz/backend/api-gateway-service/internal/handlers/trip.go:841.48,844.3 2 0
pinz/backend/api-gateway-service/internal/handlers/trip.go:845.2,851.16 3 0
pinz/backend/api-gateway-service/internal/handlers/trip.go:851.16,854.3 2 0
pinz/backend/api-gateway-service/internal/handlers/trip.go:855.2,855.70 1 0
pinz/backend/api-gateway-service/internal/handlers/trip.go:875.81,878.18 3 0
pinz/backend/api-gateway-service/internal/handlers/trip.go:878.18,881.3 2 0
pinz/backend/api-gateway-service/internal/handlers/trip.go:882.2,883.18 2 0
pinz/backend/api-gateway-service/internal/handlers/trip.go:883.18,886.3 2 0
pinz/backend/api-gateway-service/internal/handlers/trip.go:887.2,888.48 2 0
pinz/backend/api-gateway-service/internal/handlers/trip.go:888.48,891.3 2 0
pinz/backend/api-gateway-service/internal/handlers/trip.go:892.2,896.16 2 0
pinz/backend/api-gateway-service/internal/handlers/trip.go:896.16,899.3 2 0
pinz/backend/api-gateway-service/internal/handlers/trip.go:900.2,900.105 1 0
pinz/backend/api-gateway-service/internal/handlers/trip.go:921.80,924.18 3 0
pinz/backend/api-gateway-service/internal/handlers/trip.go:924.18,927.3 2 0
pinz/backend/api-gateway-service/internal/handlers/trip.go:928.2,930.33 3 0
pinz/backend/api-gateway-service/internal/handlers/trip.go:930.33,933.3 2 0
pinz/backend/api-gateway-service/internal/handlers/trip.go:934.2,935.48 2 0
pinz/backend/api-gateway-service/internal/handlers/trip.go:935.48,938.3 2 0
pinz/backend/api-gateway-service/internal/handlers/trip.go:939.2,944.16 2 0
pinz/backend/api-gateway-service/internal/handlers/trip.go:944.16,947.3 2 0
pinz/backend/api-gateway-service/internal/handlers/trip.go:948.2,948.105 1 0
pinz/backend/api-gateway-service/internal/handlers/trip.go:969.82,972.18 3 0
pinz/backend/api-gateway-service/internal/handlers/trip.go:972.18,975.3 2 0
pinz/backend/api-gateway-service/internal/handlers/trip.go:976.2,978.35 3 0
pinz/backend/api-gateway-service/internal/handlers/trip.go:978.35,981.3 2 0
pinz/backend/api-gateway-service/internal/handlers/trip.go:982.2,983.48 2 0
pinz/backend/api-gateway-service/internal/handlers/trip.go:983.48,986.3 2 0
pinz/backend/api-gateway-service/internal/handlers/trip.go:987.2,992.16 2 0
pinz/backend/api-gateway-service/internal/handlers/trip.go:992.16,995.3 2 0
pinz/backend/api-gateway-service/internal/handlers/trip.go:996.2,996.105 1 0
pinz/backend/api-gateway-service/internal/handlers/trip.go:1009.82,1012.18 3 0
pinz/backend/api-gateway-service/internal/handlers/trip.go:1012.18,1015.3 2 0
pinz/backend/api-gateway-service/internal/handlers/trip.go:1016.2,1017.18 2 0
pinz/backend/api-gateway-service/internal/handlers/trip.go:1017.18,1020.3 2 0
pinz/backend/api-gateway-service/internal/handlers/trip.go:1021.2,1022.48 2 0
pinz/backend/api-gateway-service/internal/handlers/trip.go:1022.48,1025.3 2 0
pinz/backend/api-gateway-service/internal/handlers/trip.go:1026.2,1030.16 2 0
pinz/backend/api-gateway-service/internal/handlers/trip.go:1030.16,1033.3 2 0
pinz/backend/api-gateway-service/internal/handlers/trip.go:1034.2,1034.78 1 0
pinz/backend/api-gateway-service/internal/handlers/trip.go:1051.72,1054.18 3 1
pinz/backend/api-gateway-service/internal/handlers/trip.go:1054.18,1057.3 2 1
pinz/backend/api-gateway-service/internal/handlers/trip.go:1058.2,1060.46 3 1
pinz/backend/api-gateway-service/internal/handlers/trip.go:1060.46,1061.49 1 0
pinz/backend/api-gateway-service/internal/handlers/trip.go:1061.49,1063.4 1 0
pinz/backend/api-gateway-service/internal/handlers/trip.go:1065.2,1065.47 1 1
pinz/backend/api-gateway-service/internal/handlers/trip.go:1065.47,1066.50 1 0
pinz/backend/api-gateway-service/internal/handlers/trip.go:1066.50,1068.4 1 0
pinz/backend/api-gateway-service/internal/handlers/trip.go:1070.2,1073.18 4 1
pinz/backend/api-gateway-service/internal/handlers/trip.go:1073.18,1075.3 1 1
pinz/backend/api-gateway-service/internal/handlers/trip.go:1076.2,1087.16 4 1
pinz/backend/api-gateway-service/internal/handlers/trip.go:1087.16,1090.3 2 1
pinz/backend/api-gateway-service/internal/handlers/trip.go:1091.2,1093.29 3 1
pinz/backend/api-gateway-service/internal/handlers/trip.go:1093.29,1095.36 2 1
pinz/backend/api-gateway-service/internal/handlers/trip.go:1095.36,1097.35 2 0
pinz/backend/api-gateway-service/internal/handlers/trip.go:1097.35,1103.5 1 0
pinz/backend/api-gateway-service/internal/handlers/trip.go:1104.4,1109.5 1 0
pinz/backend/api-gateway-service/internal/handlers/trip.go:1111.3,1112.37 2 1
pinz/backend/api-gateway-service/internal/handlers/trip.go:1112.37,1118.4 1 0
pinz/backend/api-gateway-service/internal/handlers/trip.go:1119.3,1126.4 1 1
pinz/backend/api-gateway-service/internal/handlers/trip.go:1128.2,1128.36 1 1
pinz/backend/api-gateway-service/internal/handlers/trip.go:1138.72,1141.18 3 0
pinz/backend/api-gateway-service/internal/handlers/trip.go:1141.18,1144.3 2 0
pinz/backend/api-gateway-service/internal/handlers/trip.go:1145.2,1146.18 2 0
pinz/backend/api-gateway-service/internal/handlers/trip.go:1146.18,1149.3 2 0
pinz/backend/api-gateway-service/internal/handlers/trip.go:1150.2,1151.16 2 0
pinz/backend/api-gateway-service/internal/handlers/trip.go:1151.16,1154.3 2 0
pinz/backend/api-gateway-service/internal/handlers/trip.go:1155.2,1155.73 1 0
pinz/backend/api-gateway-service/internal/handlers/trip.go:1165.75,1168.18 3 0
pinz/backend/api-gateway-service/internal/handlers/trip.go:1168.18,1171.3 2 0
pinz/backend/api-gateway-service/internal/handlers/trip.go:1172.2,1173.18 2 0
pinz/backend/api-gateway-service/internal/handlers/trip.go:1173.18,1176.3 2 0
pinz/backend/api-gateway-service/internal/handlers/trip.go:1177.2,1178.16 2 0
pinz/backend/api-gateway-service/internal/handlers/trip.go:1178.16,1181.3 2 0
pinz/backend/api-gateway-service/internal/handlers/trip.go:1182.2,1182.73 1 0
pinz/backend/api-gateway-service/internal/handlers/trip.go:1192.79,1195.18 3 0
pinz/backend/api-gateway-service/internal/handlers/trip.go:1195.18,1198.3 2 0
pinz/backend/api-gateway-service/internal/handlers/trip.go:1199.2,1200.18 2 0
pinz/backend/api-gateway-service/internal/handlers/trip.go:1200.18,1203.3 2 0
pinz/backend/api-gateway-service/internal/handlers/trip.go:1204.2,1205.16 2 0
pinz/backend/api-gateway-service/internal/handlers/trip.go:1205.16,1208.3 2 0
pinz/backend/api-gateway-service/internal/handlers/trip.go:1209.2,1209.73 1 0
pinz/backend/api-gateway-service/internal/handlers/trip.go:1219.84,1222.18 3 0
pinz/backend/api-gateway-service/internal/handlers/trip.go:1222.18,1225.3 2 0
pinz/backend/api-gateway-service/internal/handlers/trip.go:1226.2,1227.18 2 0
pinz/backend/api-gateway-service/internal/handlers/trip.go:1227.18,1230.3 2 0
pinz/backend/api-gateway-service/internal/handlers/trip.go:1231.2,1232.16 2 0
pinz/backend/api-gateway-service/internal/handlers/trip.go:1232.16,1235.3 2 0
pinz/backend/api-gateway-service/internal/handlers/trip.go:1236.2,1236.37 1 0
pinz/backend/api-gateway-service/internal/handlers/trip.go:1250.78,1253.18 3 1
pinz/backend/api-gateway-service/internal/handlers/trip.go:1253.18,1256.3 2 1
pinz/backend/api-gateway-service/internal/handlers/trip.go:1257.2,1259.46 3 1
pinz/backend/api-gateway-service/internal/handlers/trip.go:1259.46,1260.61 1 0
pinz/backend/api-gateway-service/internal/handlers/trip.go:1260.61,1262.4 1 0
pinz/backend/api-gateway-service/internal/handlers/trip.go:1264.2,1264.47 1 1
pinz/backend/api-gateway-service/internal/handlers/trip.go:1264.47,1265.50 1 0
pinz/backend/api-gateway-service/internal/handlers/trip.go:1265.50,1267.4 1 0
pinz/backend/api-gateway-service/internal/handlers/trip.go:1269.2,1270.16 2 1
pinz/backend/api-gateway-service/internal/handlers/trip.go:1270.16,1273.3 2 1
pinz/backend/api-gateway-service/internal/handlers/trip.go:1274.2,1275.36 2 1
pinz/backend/api-gateway-service/internal/handlers/trip.go:1275.36,1277.3 1 1
pinz/backend/api-gateway-service/internal/handlers/trip.go:1278.2,1278.36 1 1
pinz/backend/api-gateway-service/internal/handlers/trip.go:1295.74,1298.18 3 1
pinz/backend/api-gateway-service/internal/handlers/trip.go:1298.18,1301.3 2 1
pinz/backend/api-gateway-service/internal/handlers/trip.go:1302.2,1303.17 2 1
pinz/backend/api-gateway-service/internal/handlers/trip.go:1303.17,1306.3 2 1
pinz/backend/api-gateway-service/internal/handlers/trip.go:1307.2,1309.46 3 1
pinz/backend/api-gateway-service/internal/handlers/trip.go:1309.46,1310.61 1 1
pinz/backend/api-gateway-service/internal/handlers/trip.go:1310.61,1312.4 1 1
pinz/backend/api-gateway-service/internal/handlers/trip.go:1314.2,1314.47 1 1
pinz/backend/api-gateway-service/internal/handlers/trip.go:1314.47,1315.50 1 1
pinz/backend/api-gateway-service/internal/handlers/trip.go:1315.50,1317.4 1 1
pinz/backend/api-gateway-service/internal/handlers/trip.go:1319.2,1324.16 2 1
pinz/backend/api-gateway-service/internal/handlers/trip.go:1324.16,1327.3 2 1
pinz/backend/api-gateway-service/internal/handlers/trip.go:1328.2,1329.35 2 1
pinz/backend/api-gateway-service/internal/handlers/trip.go:1329.35,1330.15 1 1
pinz/backend/api-gateway-service/internal/handlers/trip.go:1330.15,1331.12 1 0
pinz/backend/api-gateway-service/internal/handlers/trip.go:1333.3,1333.47 1 1
pinz/backend/api-gateway-service/internal/handlers/trip.go:1335.2,1335.36 1 1
pinz/backend/api-gateway-service/internal/handlers/trip.go:1338.73,1339.14 1 1
pinz/backend/api-gateway-service/internal/handlers/trip.go:1339.14,1341.3 1 0
pinz/backend/api-gateway-service/internal/handlers/trip.go:1342.2,1365.50 2 1
pinz/backend/api-gateway-service/internal/handlers/trip.go:1365.50,1367.3 1 1
pinz/backend/api-gateway-service/internal/handlers/trip.go:1368.2,1368.12 1 1
pinz/backend/api-gateway-service/internal/handlers/trip.go:1371.121,1377.35 2 0
pinz/backend/api-gateway-service/internal/handlers/trip.go:1377.35,1378.15 1 0
pinz/backend/api-gateway-service/internal/handlers/trip.go:1378.15,1379.12 1 0
pinz/backend/api-gateway-service/internal/handlers/trip.go:1381.3,1381.57 1 0
pinz/backend/api-gateway-service/internal/handlers/trip.go:1385.2,1386.43 2 0
pinz/backend/api-gateway-service/internal/handlers/trip.go:1386.43,1387.38 1 0
pinz/backend/api-gateway-service/internal/handlers/trip.go:1387.38,1388.12 1 0
pinz/backend/api-gateway-service/internal/handlers/trip.go:1390.3,1390.43 1 0
pinz/backend/api-gateway-service/internal/handlers/trip.go:1392.2,1392.62 1 0
pinz/backend/api-gateway-service/internal/handlers/trip.go:1392.62,1393.59 1 0
pinz/backend/api-gateway-service/internal/handlers/trip.go:1393.59,1395.4 1 0
pinz/backend/api-gateway-service/internal/handlers/trip.go:1397.2,1398.43 2 0
pinz/backend/api-gateway-service/internal/handlers/trip.go:1398.43,1399.15 1 0
pinz/backend/api-gateway-service/internal/handlers/trip.go:1399.15,1400.12 1 0
pinz/backend/api-gateway-service/internal/handlers/trip.go:1402.3,1407.49 2 0
pinz/backend/api-gateway-service/internal/handlers/trip.go:1407.49,1410.4 2 0
pinz/backend/api-gateway-service/internal/handlers/trip.go:1411.3,1411.52 1 0
pinz/backend/api-gateway-service/internal/handlers/trip.go:1413.2,1413.52 1 0
pinz/backend/api-gateway-service/internal/handlers/trip.go:1413.52,1418.3 1 0
pinz/backend/api-gateway-service/internal/handlers/trip.go:1419.2,1419.62 1 0
pinz/backend/api-gateway-service/internal/handlers/trip.go:1419.62,1426.59 2 0
pinz/backend/api-gateway-service/internal/handlers/trip.go:1426.59,1427.34 1 0
pinz/backend/api-gateway-service/internal/handlers/trip.go:1427.34,1429.5 1 0
pinz/backend/api-gateway-service/internal/handlers/trip.go:1429.10,1431.5 1 0
pinz/backend/api-gateway-service/internal/handlers/trip.go:1433.3,1433.35 1 0
pinz/backend/api-gateway-service/internal/handlers/trip.go:1435.2,1435.12 1 0
pinz/backend/api-gateway-service/internal/handlers/trip.go:1441.116,1442.48 1 0
pinz/backend/api-gateway-service/internal/handlers/trip.go:1442.48,1444.3 1 0
pinz/backend/api-gateway-service/internal/handlers/trip.go:1446.2,1448.29 3 0
pinz/backend/api-gateway-service/internal/handlers/trip.go:1448.29,1449.15 1 0
pinz/backend/api-gateway-service/internal/handlers/trip.go:1449.15,1450.12 1 0
pinz/backend/api-gateway-service/internal/handlers/trip.go:1452.3,1452.30 1 0
pinz/backend/api-gateway-service/internal/handlers/trip.go:1452.30,1453.12 1 0
pinz/backend/api-gateway-service/internal/handlers/trip.go:1455.3,1456.24 2 0
pinz/backend/api-gateway-service/internal/handlers/trip.go:1458.2,1458.19 1 0
pinz/backend/api-gateway-service/internal/handlers/trip.go:1458.19,1460.3 1 0
pinz/backend/api-gateway-service/internal/handlers/trip.go:1461.2,1462.16 2 0
pinz/backend/api-gateway-service/internal/handlers/trip.go:1462.16,1465.3 2 0
pinz/backend/api-gateway-service/internal/handlers/trip.go:1466.2,1467.39 2 0
pinz/backend/api-gateway-service/internal/handlers/trip.go:1467.39,1468.15 1 0
pinz/backend/api-gateway-service/internal/handlers/trip.go:1468.15,1469.12 1 0
pinz/backend/api-gateway-service/internal/handlers/trip.go:1471.3,1475.4 1 0
pinz/backend/api-gateway-service/internal/handlers/trip.go:1477.2,1477.12 1 0
pinz/backend/api-gateway-service/internal/handlers/trip.go:1480.65,1497.33 2 1
pinz/backend/api-gateway-service/internal/handlers/trip.go:1497.33,1498.15 1 1
pinz/backend/api-gateway-service/internal/handlers/trip.go:1498.15,1499.12 1 0
pinz/backend/api-gateway-service/internal/handlers/trip.go:1501.3,1507.5 1 1
pinz/backend/api-gateway-service/internal/handlers/trip.go:1509.2,1509.12 1 1
pinz/backend/api-gateway-service/internal/handlers/trip.go:1526.77,1529.18 3 0
pinz/backend/api-gateway-service/internal/handlers/trip.go:1529.18,1532.3 2 0
pinz/backend/api-gateway-service/internal/handlers/trip.go:1533.2,1534.18 2 0
pinz/backend/api-gateway-service/internal/handlers/trip.go:1534.18,1537.3 2 0
pinz/backend/api-gateway-service/internal/handlers/trip.go:1538.2,1539.48 2 0
pinz/backend/api-gateway-service/internal/handlers/trip.go:1539.48,1542.3 2 0
pinz/backend/api-gateway-service/internal/handlers/trip.go:1543.2,1544.38 2 0
pinz/backend/api-gateway-service/internal/handlers/trip.go:1544.38,1546.3 1 0
pinz/backend/api-gateway-service/internal/handlers/trip.go:1547.2,1551.16 2 0
pinz/backend/api-gateway-service/internal/handlers/trip.go:1551.16,1554.3 2 0
pinz/backend/api-gateway-service/internal/handlers/trip.go:1555.2,1556.41 2 0
pinz/backend/api-gateway-service/internal/handlers/trip.go:1556.41,1558.3 1 0
pinz/backend/api-gateway-service/internal/handlers/trip.go:1559.2,1564.4 1 0
[...]
pinz/backend/api-gateway-service/internal/handlers/trip.go:1937.79,1940.18 3 0
pinz/backend/api-gateway-service/internal/handlers/trip.go:1940.18,1943.3 2 0
pinz/backend/api-gateway-service/internal/handlers/trip.go:1944.2,1945.18 2 0
pinz/backend/api-gateway-service/internal/handlers/trip.go:1945.18,1948.3 2 0
pinz/backend/api-gateway-service/internal/handlers/trip.go:1949.2,1950.48 2 0
pinz/backend/api-gateway-service/internal/handlers/trip.go:1950.48,1953.3 2 0
pinz/backend/api-gateway-service/internal/handlers/trip.go:1954.2,1955.36 2 0
pinz/backend/api-gateway-service/internal/handlers/trip.go:1955.36,1959.3 1 0
pinz/backend/api-gateway-service/internal/handlers/trip.go:1960.2,1966.16 2 0
pinz/backend/api-gateway-service/internal/handlers/trip.go:1966.16,1969.3 2 0
pinz/backend/api-gateway-service/internal/handlers/trip.go:1970.2,1973.4 1 0
pinz/backend/api-gateway-service/internal/handlers/trip.go:1986.78,1989.18 3 0
pinz/backend/api-gateway-service/internal/handlers/trip.go:1989.18,1992.3 2 0
pinz/backend/api-gateway-service/internal/handlers/trip.go:1993.2,1994.18 2 0
pinz/backend/api-gateway-service/internal/handlers/trip.go:1994.18,1997.3 2 0
pinz/backend/api-gateway-service/internal/handlers/trip.go:1998.2,1999.48 2 0
pinz/backend/api-gateway-service/internal/handlers/trip.go:1999.48,2002.3 2 0
pinz/backend/api-gateway-service/internal/handlers/trip.go:2003.2,2007.16 2 0
pinz/backend/api-gateway-service/internal/handlers/trip.go:2007.16,2010.3 2 0
pinz/backend/api-gateway-service/internal/handlers/trip.go:2011.2,2011.91 1 0
pinz/backend/api-gateway-service/internal/handlers/trip.go:2025.80,2028.18 3 0
pinz/backend/api-gateway-service/internal/handlers/trip.go:2028.18,2031.3 2 0
pinz/backend/api-gateway-service/internal/handlers/trip.go:2032.2,2033.18 2 0
pinz/backend/api-gateway-service/internal/handlers/trip.go:2033.18,2036.3 2 0
pinz/backend/api-gateway-service/internal/handlers/trip.go:2037.2,2038.48 2 0
pinz/backend/api-gateway-service/internal/handlers/trip.go:2038.48,2041.3 2 0
pinz/backend/api-gateway-service/internal/handlers/trip.go:2042.2,2046.16 2 0
pinz/backend/api-gateway-service/internal/handlers/trip.go:2046.16,2049.3 2 0
pinz/backend/api-gateway-service/internal/handlers/trip.go:2050.2,2054.56 2 0
pinz/backend/api-gateway-service/internal/handlers/trip.go:2054.56,2056.33 2 0
pinz/backend/api-gateway-service/internal/handlers/trip.go:2056.33,2058.4 1 0
pinz/backend/api-gateway-service/internal/handlers/trip.go:2058.9,2060.4 1 0
pinz/backend/api-gateway-service/internal/handlers/trip.go:2062.2,2062.36 1 0
pinz/backend/api-gateway-service/internal/handlers/trip.go:2078.75,2081.18 3 0
pinz/backend/api-gateway-service/internal/handlers/trip.go:2081.18,2084.3 2 0
pinz/backend/api-gateway-service/internal/handlers/trip.go:2085.2,2086.18 2 0
pinz/backend/api-gateway-service/internal/handlers/trip.go:2086.18,2089.3 2 0
pinz/backend/api-gateway-service/internal/handlers/trip.go:2090.2,2091.16 2 0
pinz/backend/api-gateway-service/internal/handlers/trip.go:2091.16,2094.3 2 0
pinz/backend/api-gateway-service/internal/handlers/trip.go:2095.2,2096.36 2 0
pinz/backend/api-gateway-service/internal/handlers/trip.go:2096.36,2102.3 1 0
pinz/backend/api-gateway-service/internal/handlers/trip.go:2103.2,2106.4 1 0
pinz/backend/api-gateway-service/internal/handlers/trip.go:2126.82,2129.18 3 0
pinz/backend/api-gateway-service/internal/handlers/trip.go:2129.18,2132.3 2 0
pinz/backend/api-gateway-service/internal/handlers/trip.go:2133.2,2134.20 2 0
pinz/backend/api-gateway-service/internal/handlers/trip.go:2134.20,2137.3 2 0
pinz/backend/api-gateway-service/internal/handlers/trip.go:2138.2,2139.48 2 0
pinz/backend/api-gateway-service/internal/handlers/trip.go:2139.48,2142.3 2 0
pinz/backend/api-gateway-service/internal/handlers/trip.go:2143.2,2143.29 1 0
pinz/backend/api-gateway-service/internal/handlers/trip.go:2143.29,2146.3 2 0
pinz/backend/api-gateway-service/internal/handlers/trip.go:2147.2,2151.16 2 0
pinz/backend/api-gateway-service/internal/handlers/trip.go:2151.16,2154.3 2 0
pinz/backend/api-gateway-service/internal/handlers/trip.go:2155.2,2157.4 1 0
pinz/backend/api-gateway-service/internal/handlers/trip.go:2172.79,2175.18 3 0
pinz/backend/api-gateway-service/internal/handlers/trip.go:2175.18,2178.3 2 0
pinz/backend/api-gateway-service/internal/handlers/trip.go:2179.2,2180.18 2 0
pinz/backend/api-gateway-service/internal/handlers/trip.go:2180.18,2183.3 2 0
pinz/backend/api-gateway-service/internal/handlers/trip.go:2184.2,2185.16 2 0
pinz/backend/api-gateway-service/internal/handlers/trip.go:2185.16,2188.3 2 0
pinz/backend/api-gateway-service/internal/handlers/trip.go:2189.2,2190.36 2 0
pinz/backend/api-gateway-service/internal/handlers/trip.go:2190.36,2199.3 1 0
pinz/backend/api-gateway-service/internal/handlers/trip.go:2200.2,2200.80 1 0
pinz/backend/api-gateway-service/internal/handlers/trip.go:2217.82,2219.45 2 0
pinz/backend/api-gateway-service/internal/handlers/trip.go:2219.45,2222.3 2 0
pinz/backend/api-gateway-service/internal/handlers/trip.go:2223.2,2225.37 3 0
pinz/backend/api-gateway-service/internal/handlers/trip.go:2225.37,2228.3 2 0
pinz/backend/api-gateway-service/internal/handlers/trip.go:2229.2,2235.16 2 0
pinz/backend/api-gateway-service/internal/handlers/trip.go:2235.16,2238.3 2 0
pinz/backend/api-gateway-service/internal/handlers/trip.go:2239.2,2239.122 1 0
pinz/backend/api-gateway-service/internal/handlers/trip.go:2254.82,2256.45 2 0
pinz/backend/api-gateway-service/internal/handlers/trip.go:2256.45,2259.3 2 0
pinz/backend/api-gateway-service/internal/handlers/trip.go:2260.2,2261.62 2 0
pinz/backend/api-gateway-service/internal/handlers/trip.go:2261.62,2264.3 2 0
pinz/backend/api-gateway-service/internal/handlers/trip.go:2265.2,2267.30 3 0
pinz/backend/api-gateway-service/internal/handlers/trip.go:2267.30,2268.48 1 0
pinz/backend/api-gateway-service/internal/handlers/trip.go:2268.48,2271.4 2 0
pinz/backend/api-gateway-service/internal/handlers/trip.go:2272.3,2272.28 1 0
pinz/backend/api-gateway-service/internal/handlers/trip.go:2272.28,2275.4 2 0
pinz/backend/api-gateway-service/internal/handlers/trip.go:2277.2,2285.16 2 0
pinz/backend/api-gateway-service/internal/handlers/trip.go:2285.16,2288.3 2 0
pinz/backend/api-gateway-service/internal/handlers/trip.go:2289.2,2289.114 1 0
pinz/backend/api-gateway-service/internal/handlers/trip.go:2292.103,2293.14 1 0
pinz/backend/api-gateway-service/internal/handlers/trip.go:2293.14,2295.3 1 0
pinz/backend/api-gateway-service/internal/handlers/trip.go:2296.2,2297.32 2 0
pinz/backend/api-gateway-service/internal/handlers/trip.go:2297.32,2299.35 2 0
pinz/backend/api-gateway-service/internal/handlers/trip.go:2299.35,2305.4 1 0
pinz/backend/api-gateway-service/internal/handlers/trip.go:2306.3,2317.4 1 0
pinz/backend/api-gateway-service/internal/handlers/trip.go:2319.2,2320.34 2 0
pinz/backend/api-gateway-service/internal/handlers/trip.go:2320.34,2326.3 1 0
pinz/backend/api-gateway-service/internal/handlers/trip.go:2327.2,2334.3 1 0
pinz/backend/api-gateway-service/internal/handlers/users.go:24.84,25.53 1 0
pinz/backend/api-gateway-service/internal/handlers/users.go:25.53,28.3 2 0
pinz/backend/api-gateway-service/internal/handlers/users.go:29.2,30.18 2 0
pinz/backend/api-gateway-service/internal/handlers/users.go:30.18,33.3 2 0
pinz/backend/api-gateway-service/internal/handlers/users.go:34.2,35.16 2 0
pinz/backend/api-gateway-service/internal/handlers/users.go:35.16,38.3 2 0
pinz/backend/api-gateway-service/internal/handlers/users.go:39.2,46.4 2 0
pinz/backend/api-gateway-service/internal/handlers/ws.go:34.82,36.2 1 0
pinz/backend/api-gateway-service/internal/handlers/ws.go:39.42,41.3 1 0
pinz/backend/api-gateway-service/internal/handlers/ws.go:65.87,67.2 1 0
pinz/backend/api-gateway-service/internal/handlers/ws.go:71.87,73.2 1 0
pinz/backend/api-gateway-service/internal/handlers/ws.go:76.89,79.21 3 0
pinz/backend/api-gateway-service/internal/handlers/ws.go:79.21,82.3 2 0
pinz/backend/api-gateway-service/internal/handlers/ws.go:83.2,83.55 1 0
pinz/backend/api-gateway-service/internal/handlers/ws.go:86.51,87.31 1 0
pinz/backend/api-gateway-service/internal/handlers/ws.go:87.31,90.3 2 0
pinz/backend/api-gateway-service/internal/handlers/ws.go:93.114,95.18 2 0
pinz/backend/api-gateway-service/internal/handlers/ws.go:95.18,99.3 3 0
pinz/backend/api-gateway-service/internal/handlers/ws.go:100.2,100.20 1 0
pinz/backend/api-gateway-service/internal/handlers/ws.go:100.20,104.3 3 0
pinz/backend/api-gateway-service/internal/handlers/ws.go:105.2,107.18 3 0
pinz/backend/api-gateway-service/internal/handlers/ws.go:107.18,111.3 3 0
pinz/backend/api-gateway-service/internal/handlers/ws.go:112.2,112.25 1 0
pinz/backend/api-gateway-service/internal/handlers/ws.go:112.25,116.3 3 0
pinz/backend/api-gateway-service/internal/handlers/ws.go:119.2,119.108 1 0
pinz/backend/api-gateway-service/internal/handlers/ws.go:119.108,124.3 4 0
pinz/backend/api-gateway-service/internal/handlers/ws.go:126.2,127.16 2 0
pinz/backend/api-gateway-service/internal/handlers/ws.go:127.16,131.3 3 0
pinz/backend/api-gateway-service/internal/handlers/ws.go:132.2,138.15 6 0
pinz/backend/api-gateway-service/internal/handlers/ws.go:138.15,142.3 2 0
pinz/backend/api-gateway-service/internal/handlers/ws.go:144.2,149.42 5 0
pinz/backend/api-gateway-service/internal/handlers/ws.go:152.46,154.9 2 0
pinz/backend/api-gateway-service/internal/handlers/ws.go:155.79,156.32 1 0
pinz/backend/api-gateway-service/internal/handlers/ws.go:157.51,158.28 1 0
pinz/backend/api-gateway-service/internal/handlers/ws.go:159.75,160.30 1 0
pinz/backend/api-gateway-service/internal/handlers/ws.go:162.2,162.18 1 0
pinz/backend/api-gateway-service/internal/handlers/ws.go:165.47,167.9 2 0
pinz/backend/api-gateway-service/internal/handlers/ws.go:167.9,169.3 1 0
pinz/backend/api-gateway-service/internal/handlers/ws.go:170.2,170.19 1 0
pinz/backend/api-gateway-service/internal/handlers/ws.go:171.30,172.56 1 0
pinz/backend/api-gateway-service/internal/handlers/ws.go:173.22,174.47 1 0
pinz/backend/api-gateway-service/internal/handlers/ws.go:175.29,176.49 1 0
pinz/backend/api-gateway-service/internal/handlers/ws.go:177.29,178.45 1 0
pinz/backend/api-gateway-service/internal/handlers/ws.go:179.10,180.53 1 0
pinz/backend/api-gateway-service/internal/handlers/ws.go:188.91,190.12 2 0
pinz/backend/api-gateway-service/internal/handlers/ws.go:190.12,193.7 3 0
pinz/backend/api-gateway-service/internal/handlers/ws.go:193.7,194.24 1 0
pinz/backend/api-gateway-service/internal/handlers/ws.go:194.24,196.5 1 0
pinz/backend/api-gateway-service/internal/handlers/ws.go:197.4,202.18 2 0
pinz/backend/api-gateway-service/internal/handlers/ws.go:202.18,203.34 1 0
pinz/backend/api-gateway-service/internal/handlers/ws.go:203.34,204.14 1 0
pinz/backend/api-gateway-service/internal/handlers/ws.go:206.5,206.105 1 0
pinz/backend/api-gateway-service/internal/handlers/ws.go:206.105,208.6 1 0
pinz/backend/api-gateway-service/internal/handlers/ws.go:209.5,210.13 2 0
pinz/backend/api-gateway-service/internal/handlers/ws.go:212.4,212.31 1 0
pinz/backend/api-gateway-service/internal/handlers/ws.go:212.31,213.39 1 0
pinz/backend/api-gateway-service/internal/handlers/ws.go:213.39,215.20 2 0
pinz/backend/api-gateway-service/internal/handlers/ws.go:215.20,217.15 2 0
pinz/backend/api-gateway-service/internal/handlers/ws.go:219.6,219.13 1 0
pinz/backend/api-gateway-service/internal/handlers/ws.go:220.31,220.31 0 0
pinz/backend/api-gateway-service/internal/handlers/ws.go:221.24,222.13 1 0
pinz/backend/api-gateway-service/internal/handlers/ws.go:224.6,224.19 1 0
pinz/backend/api-gateway-service/internal/handlers/ws.go:229.2,229.12 1 0
pinz/backend/api-gateway-service/internal/handlers/ws.go:234.118,236.41 2 0
pinz/backend/api-gateway-service/internal/handlers/ws.go:236.41,238.3 1 0
pinz/backend/api-gateway-service/internal/handlers/ws.go:240.2,241.12 2 0
pinz/backend/api-gateway-service/internal/handlers/ws.go:241.12,243.7 2 0
pinz/backend/api-gateway-service/internal/handlers/ws.go:243.7,244.51 1 0
pinz/backend/api-gateway-service/internal/handlers/ws.go:244.51,246.5 1 0
pinz/backend/api-gateway-service/internal/handlers/ws.go:250.2,253.6 3 0
pinz/backend/api-gateway-service/internal/handlers/ws.go:253.6,254.10 1 0
pinz/backend/api-gateway-service/internal/handlers/ws.go:255.29,256.11 1 0
pinz/backend/api-gateway-service/internal/handlers/ws.go:256.11,259.5 2 0
pinz/backend/api-gateway-service/internal/handlers/ws.go:260.4,260.20 1 0
pinz/backend/api-gateway-service/internal/handlers/ws.go:260.20,262.56 2 0
pinz/backend/api-gateway-service/internal/handlers/ws.go:262.56,263.14 1 0
pinz/backend/api-gateway-service/internal/handlers/ws.go:265.5,265.19 1 0
pinz/backend/api-gateway-service/internal/handlers/ws.go:265.19,266.14 1 0
pinz/backend/api-gateway-service/internal/handlers/ws.go:269.4,270.76 2 0
pinz/backend/api-gateway-service/internal/handlers/ws.go:270.76,274.5 3 0
pinz/backend/api-gateway-service/internal/handlers/ws.go:275.17,276.104 1 0
pinz/backend/api-gateway-service/internal/handlers/ws.go:276.104,280.5 3 0
pinz/backend/api-gateway-service/internal/handlers/ws.go:281.21,283.10 2 0
pinz/backend/api-gateway-service/internal/handlers/ws.go:284.21,286.10 2 0
pinz/backend/api-gateway-service/internal/metrics/metrics.go:23.13,38.26 6 0
pinz/backend/api-gateway-service/internal/metrics/metrics.go:38.26,39.78 1 0
pinz/backend/api-gateway-service/internal/metrics/metrics.go:39.78,42.38 3 0
pinz/backend/api-gateway-service/internal/metrics/metrics.go:42.38,44.5 1 0
pinz/backend/api-gateway-service/internal/metrics/metrics.go:45.4,45.14 1 0
pinz/backend/api-gateway-service/internal/metrics/metrics.go:50.53,51.24 1 1
pinz/backend/api-gateway-service/internal/metrics/metrics.go:51.24,53.3 1 1
pinz/backend/api-gateway-service/internal/metrics/metrics.go:54.2,54.84 1 0
pinz/backend/api-gateway-service/internal/metrics/metrics.go:57.62,58.23 1 0
pinz/backend/api-gateway-service/internal/metrics/metrics.go:58.23,60.3 1 0
pinz/backend/api-gateway-service/internal/metrics/metrics.go:61.2,64.4 1 0
pinz/backend/api-gateway-service/internal/metrics/metrics.go:67.65,68.26 1 0
pinz/backend/api-gateway-service/internal/metrics/metrics.go:68.26,70.3 1 0
pinz/backend/api-gateway-service/internal/metrics/metrics.go:71.2,74.4 1 0
pinz/backend/api-gateway-service/internal/metrics/metrics.go:77.35,81.9 4 0
pinz/backend/api-gateway-service/internal/metrics/metrics.go:81.9,85.3 3 0
pinz/backend/api-gateway-service/internal/metrics/metrics.go:86.2,86.23 1 0
pinz/backend/api-gateway-service/internal/metrics/metrics.go:89.35,92.37 3 0
pinz/backend/api-gateway-service/internal/metrics/metrics.go:92.37,94.3 1 0
pinz/backend/api-gateway-service/internal/middleware/jwt.go:19.52,22.2 2 1
pinz/backend/api-gateway-service/internal/middleware/jwt.go:26.49,27.71 1 1
pinz/backend/api-gateway-service/internal/middleware/jwt.go:27.71,29.75 2 1
pinz/backend/api-gateway-service/internal/middleware/jwt.go:29.75,33.4 3 1
pinz/backend/api-gateway-service/internal/middleware/jwt.go:34.3,35.21 2 1
pinz/backend/api-gateway-service/internal/middleware/jwt.go:35.21,39.4 3 0
pinz/backend/api-gateway-service/internal/middleware/jwt.go:40.3,41.19 2 1
pinz/backend/api-gateway-service/internal/middleware/jwt.go:41.19,46.4 4 1
pinz/backend/api-gateway-service/internal/middleware/jwt.go:47.3,47.81 1 1
pinz/backend/api-gateway-service/internal/middleware/jwt.go:47.81,48.59 1 1
pinz/backend/api-gateway-service/internal/middleware/jwt.go:48.59,50.5 1 0
pinz/backend/api-gateway-service/internal/middleware/jwt.go:51.4,51.30 1 1
pinz/backend/api-gateway-service/internal/middleware/jwt.go:53.3,53.33 1 1
pinz/backend/api-gateway-service/internal/middleware/jwt.go:53.33,57.4 3 1
pinz/backend/api-gateway-service/internal/middleware/jwt.go:58.3,59.10 2 1
pinz/backend/api-gateway-service/internal/middleware/jwt.go:59.10,63.4 3 0
pinz/backend/api-gateway-service/internal/middleware/jwt.go:64.3,65.19 2 1
pinz/backend/api-gateway-service/internal/middleware/jwt.go:65.19,69.4 3 1
pinz/backend/api-gateway-service/internal/middleware/jwt.go:70.3,71.40 2 1
pinz/backend/api-gateway-service/internal/middleware/jwt.go:75.39,76.16 1 1
pinz/backend/api-gateway-service/internal/middleware/jwt.go:76.16,78.3 1 0
pinz/backend/api-gateway-service/internal/middleware/jwt.go:79.2,79.9 1 1
pinz/backend/api-gateway-service/internal/middleware/jwt.go:80.48,81.19 1 0
pinz/backend/api-gateway-service/internal/middleware/jwt.go:82.50,83.25 1 0
pinz/backend/api-gateway-service/internal/middleware/jwt.go:84.50,85.21 1 1
pinz/backend/api-gateway-service/internal/middleware/jwt.go:87.2,87.18 1 0
pinz/backend/api-gateway-service/internal/middleware/jwt.go:90.49,94.2 3 1
pinz/backend/api-gateway-service/internal/services/auth_service.go:69.57,71.2 1 0
pinz/backend/api-gateway-service/internal/services/auth_service.go:73.103,75.2 1 0
pinz/backend/api-gateway-service/internal/services/auth_service.go:77.138,82.2 1 0
pinz/backend/api-gateway-service/internal/services/auth_service.go:84.140,89.2 1 0
pinz/backend/api-gateway-service/internal/services/auth_service.go:91.155,96.2 1 0
pinz/backend/api-gateway-service/internal/services/auth_service.go:98.115,100.2 1 0
pinz/backend/api-gateway-service/internal/services/auth_service.go:102.140,107.2 1 0
pinz/backend/api-gateway-service/internal/services/auth_service.go:109.112,111.2 1 0
pinz/backend/api-gateway-service/internal/services/auth_service.go:113.100,115.2 1 0
pinz/backend/api-gateway-service/internal/services/auth_service.go:117.97,119.2 1 0
pinz/backend/api-gateway-service/internal/services/auth_service.go:121.102,123.2 1 0
pinz/backend/api-gateway-service/internal/services/auth_service.go:125.118,127.2 1 0
pinz/backend/api-gateway-service/internal/services/auth_service.go:129.114,131.2 1 0
pinz/backend/api-gateway-service/internal/services/auth_service.go:133.124,135.2 1 0
pinz/backend/api-gateway-service/internal/services/auth_service.go:137.143,143.2 1 0
pinz/backend/api-gateway-service/internal/services/auth_service.go:145.127,147.2 1 0
pinz/backend/api-gateway-service/internal/services/auth_service.go:149.106,151.2 1 0
pinz/backend/api-gateway-service/internal/services/auth_service.go:153.108,155.2 1 0
pinz/backend/api-gateway-service/internal/services/auth_service.go:157.116,159.2 1 0
pinz/backend/api-gateway-service/internal/services/auth_service.go:161.144,168.2 1 0
pinz/backend/api-gateway-service/internal/services/auth_service.go:170.178,179.2 1 0
pinz/backend/api-gateway-service/internal/services/auth_service.go:181.127,183.2 1 0
pinz/backend/api-gateway-service/internal/services/auth_service.go:185.165,191.2 1 0
pinz/backend/api-gateway-service/internal/services/auth_service.go:193.137,195.2 1 0
pinz/backend/api-gateway-service/internal/services/auth_service.go:197.122,199.2 1 0
pinz/backend/api-gateway-service/internal/services/redis.go:15.47,17.16 2 0
pinz/backend/api-gateway-service/internal/services/redis.go:17.16,18.43 1 0
pinz/backend/api-gateway-service/internal/services/redis.go:18.43,20.18 2 0
pinz/backend/api-gateway-service/internal/services/redis.go:20.18,22.5 1 0
pinz/backend/api-gateway-service/internal/services/redis.go:23.4,24.66 2 0
pinz/backend/api-gateway-service/internal/services/redis.go:24.66,26.5 1 0
pinz/backend/api-gateway-service/internal/services/redis.go:27.4,28.22 2 0
pinz/backend/api-gateway-service/internal/services/redis.go:30.3,30.18 1 0
pinz/backend/api-gateway-service/internal/services/redis.go:32.2,33.64 2 0
pinz/backend/api-gateway-service/internal/services/redis.go:33.64,35.3 1 0
pinz/backend/api-gateway-service/internal/services/redis.go:36.2,37.20 2 0
pinz/backend/api-gateway-service/internal/services/redis.go:40.44,41.60 1 0
pinz/backend/api-gateway-service/internal/services/redis.go:41.60,43.3 1 0
pinz/backend/api-gateway-service/internal/services/redis.go:44.2,44.60 1 0
pinz/backend/api-gateway-service/internal/services/redis.go:44.60,46.3 1 0
